# JRE version: OpenJDK Runtime Environment (15.0.2+7) (build 15.0.2+7-27)
# Java VM: OpenJDK 64-Bit Server VM (15.0.2+7-27, mixed mode, tiered, compressed oops, g1 gc, windows-amd64)
GC Precious Log:
 CPUs: 16 total, 16 available
 Memory: 32677M
 Large Page Support: Disabled
 NUMA Support: Disabled
 Compressed Oops: Enabled (Zero based)
 Heap Region Size: 4M
 Heap Min Capacity: 8M
 Heap Initial Capacity: 512M
 Heap Max Capacity: 8172M
 Pre-touch: Disabled
 Parallel Workers: 13
 Concurrent Workers: 3
 Concurrent Refinement Workers: 13
 Periodic GC: Disabled
Heap:
 garbage-first heap   total 49152K, used 27908K [0x0000000601400000, 0x0000000800000000)
  region size 4096K, 7 young (28672K), 1 survivors (4096K)
 Metaspace       used 23184K, capacity 23449K, committed 23600K, reserved 1071104K
  class space    used 2063K, capacity 2159K, committed 2176K, reserved 1048576K
GC Heap History (20 events):
Event: 7535.524 GC heap before
{Heap before GC invocations=172 (full 0):
 garbage-first heap   total 49152K, used 32131K [0x0000000601400000, 0x0000000800000000)
  region size 4096K, 7 young (28672K), 1 survivors (4096K)
 Metaspace       used 23184K, capacity 23449K, committed 23600K, reserved 1071104K
  class space    used 2063K, capacity 2159K, committed 2176K, reserved 1048576K
}
Event: 7535.524 GC heap after
{Heap after GC invocations=173 (full 0):
 garbage-first heap   total 49152K, used 7372K [0x0000000601400000, 0x0000000800000000)
  region size 4096K, 1 young (4096K), 1 survivors (4096K)
 Metaspace       used 23184K, capacity 23449K, committed 23600K, reserved 1071104K
  class space    used 2063K, capacity 2159K, committed 2176K, reserved 1048576K
}
Event: 7585.158 GC heap before
{Heap before GC invocations=173 (full 0):
 garbage-first heap   total 49152K, used 31948K [0x0000000601400000, 0x0000000800000000)
  region size 4096K, 7 young (28672K), 1 survivors (4096K)
 Metaspace       used 23184K, capacity 23449K, committed 23600K, reserved 1071104K
  class space    used 2063K, capacity 2159K, committed 2176K, reserved 1048576K
}
Event: 7585.158 GC heap after
{Heap after GC invocations=174 (full 0):
 garbage-first heap   total 49152K, used 7315K [0x0000000601400000, 0x0000000800000000)
  region size 4096K, 1 young (4096K), 1 survivors (4096K)
 Metaspace       used 23184K, capacity 23449K, committed 23600K, reserved 1071104K
  class space    used 2063K, capacity 2159K, committed 2176K, reserved 1048576K
}
Event: 7635.171 GC heap before
{Heap before GC invocations=174 (full 0):
 garbage-first heap   total 49152K, used 31891K [0x0000000601400000, 0x0000000800000000)
  region size 4096K, 7 young (28672K), 1 survivors (4096K)
 Metaspace       used 23184K, capacity 23449K, committed 23600K, reserved 1071104K
  class space    used 2063K, capacity 2159K, committed 2176K, reserved 1048576K
}
Event: 7635.172 GC heap after
{Heap after GC invocations=175 (full 0):
 garbage-first heap   total 49152K, used 7401K [0x0000000601400000, 0x0000000800000000)
  region size 4096K, 1 young (4096K), 1 survivors (4096K)
 Metaspace       used 23184K, capacity 23449K, committed 23600K, reserved 1071104K
  class space    used 2063K, capacity 2159K, committed 2176K, reserved 1048576K
}
Event: 7669.084 GC heap before
{Heap before GC invocations=175 (full 0):
 garbage-first heap   total 49152K, used 31977K [0x0000000601400000, 0x0000000800000000)
  region size 4096K, 7 young (28672K), 1 survivors (4096K)
 Metaspace       used 23184K, capacity 23449K, committed 23600K, reserved 1071104K
  class space    used 2063K, capacity 2159K, committed 2176K, reserved 1048576K
}
Event: 7669.085 GC heap after
{Heap after GC invocations=176 (full 0):
 garbage-first heap   total 49152K, used 7607K [0x0000000601400000, 0x0000000800000000)
  region size 4096K, 1 young (4096K), 1 survivors (4096K)
 Metaspace       used 23184K, capacity 23449K, committed 23600K, reserved 1071104K
  class space    used 2063K, capacity 2159K, committed 2176K, reserved 1048576K
}
Event: 7720.168 GC heap before
{Heap before GC invocations=176 (full 0):
 garbage-first heap   total 49152K, used 32183K [0x0000000601400000, 0x0000000800000000)
  region size 4096K, 7 young (28672K), 1 survivors (4096K)
 Metaspace       used 23184K, capacity 23449K, committed 23600K, reserved 1071104K
  class space    used 2063K, capacity 2159K, committed 2176K, reserved 1048576K
}
Event: 7720.169 GC heap after
{Heap after GC invocations=177 (full 0):
 garbage-first heap   total 49152K, used 7463K [0x0000000601400000, 0x0000000800000000)
  region size 4096K, 1 young (4096K), 1 survivors (4096K)
 Metaspace       used 23184K, capacity 23449K, committed 23600K, reserved 1071104K
  class space    used 2063K, capacity 2159K, committed 2176K, reserved 1048576K
}
Event: 7770.157 GC heap before
{Heap before GC invocations=177 (full 0):
 garbage-first heap   total 49152K, used 32039K [0x0000000601400000, 0x0000000800000000)
  region size 4096K, 7 young (28672K), 1 survivors (4096K)
 Metaspace       used 23184K, capacity 23449K, committed 23600K, reserved 1071104K
  class space    used 2063K, capacity 2159K, committed 2176K, reserved 1048576K
}
Event: 7770.157 GC heap after
{Heap after GC invocations=178 (full 0):
 garbage-first heap   total 49152K, used 7404K [0x0000000601400000, 0x0000000800000000)
  region size 4096K, 1 young (4096K), 1 survivors (4096K)
 Metaspace       used 23184K, capacity 23449K, committed 23600K, reserved 1071104K
  class space    used 2063K, capacity 2159K, committed 2176K, reserved 1048576K
}
Event: 7816.603 GC heap before
{Heap before GC invocations=178 (full 0):
 garbage-first heap   total 49152K, used 31980K [0x0000000601400000, 0x0000000800000000)
  region size 4096K, 7 young (28672K), 1 survivors (4096K)
 Metaspace       used 23184K, capacity 23449K, committed 23600K, reserved 1071104K
  class space    used 2063K, capacity 2159K, committed 2176K, reserved 1048576K
}
Event: 7816.603 GC heap after
{Heap after GC invocations=179 (full 0):
 garbage-first heap   total 49152K, used 7462K [0x0000000601400000, 0x0000000800000000)
  region size 4096K, 1 young (4096K), 1 survivors (4096K)
 Metaspace       used 23184K, capacity 23449K, committed 23600K, reserved 1071104K
  class space    used 2063K, capacity 2159K, committed 2176K, reserved 1048576K
}
Event: 7870.161 GC heap before
{Heap before GC invocations=179 (full 0):
 garbage-first heap   total 49152K, used 32038K [0x0000000601400000, 0x0000000800000000)
  region size 4096K, 7 young (28672K), 1 survivors (4096K)
 Metaspace       used 23184K, capacity 23449K, committed 23600K, reserved 1071104K
  class space    used 2063K, capacity 2159K, committed 2176K, reserved 1048576K
}
Event: 7870.161 GC heap after
{Heap after GC invocations=180 (full 0):
 garbage-first heap   total 49152K, used 7447K [0x0000000601400000, 0x0000000800000000)
  region size 4096K, 1 young (4096K), 1 survivors (4096K)
 Metaspace       used 23184K, capacity 23449K, committed 23600K, reserved 1071104K
  class space    used 2063K, capacity 2159K, committed 2176K, reserved 1048576K
}
Event: 7900.330 GC heap before
{Heap before GC invocations=180 (full 0):
 garbage-first heap   total 49152K, used 32023K [0x0000000601400000, 0x0000000800000000)
  region size 4096K, 7 young (28672K), 1 survivors (4096K)
 Metaspace       used 23184K, capacity 23449K, committed 23600K, reserved 1071104K
  class space    used 2063K, capacity 2159K, committed 2176K, reserved 1048576K
}
Event: 7900.330 GC heap after
{Heap after GC invocations=181 (full 0):
 garbage-first heap   total 49152K, used 7688K [0x0000000601400000, 0x0000000800000000)
  region size 4096K, 1 young (4096K), 1 survivors (4096K)
 Metaspace       used 23184K, capacity 23449K, committed 23600K, reserved 1071104K
  class space    used 2063K, capacity 2159K, committed 2176K, reserved 1048576K
}
Event: 7950.168 GC heap before
{Heap before GC invocations=181 (full 0):
 garbage-first heap   total 49152K, used 32264K [0x0000000601400000, 0x0000000800000000)
  region size 4096K, 7 young (28672K), 1 survivors (4096K)
 Metaspace       used 23184K, capacity 23449K, committed 23600K, reserved 1071104K
  class space    used 2063K, capacity 2159K, committed 2176K, reserved 1048576K
}
Event: 7950.168 GC heap after
{Heap after GC invocations=182 (full 0):
 garbage-first heap   total 49152K, used 7428K [0x0000000601400000, 0x0000000800000000)
  region size 4096K, 1 young (4096K), 1 survivors (4096K)
 Metaspace       used 23184K, capacity 23449K, committed 23600K, reserved 1071104K
  class space    used 2063K, capacity 2159K, committed 2176K, reserved 1048576K
}

