# JRE version: Java(TM) SE Runtime Environment (17.0.1+12) (build 17.0.1+12-LTS-39)
# Java VM: Java HotSpot(TM) 64-Bit Server VM (17.0.1+12-LTS-39, mixed mode, sharing, tiered, compressed oops, compressed class ptrs, g1 gc, windows-amd64)
GC Precious Log:
 CPUs: 12 total, 12 available
 Memory: 8043M
 Large Page Support: Disabled
 NUMA Support: Disabled
 Compressed Oops: Enabled (32-bit)
 Heap Region Size: 1M
 Heap Min Capacity: 8M
 Heap Initial Capacity: 126M
 Heap Max Capacity: 2012M
 Pre-touch: Disabled
 Parallel Workers: 10
 Concurrent Workers: 3
 Concurrent Refinement Workers: 10
 Periodic GC: Disabled
Heap:
 garbage-first heap   total 239616K, used 66383K [0x0000000082400000, 0x0000000100000000)
  region size 1024K, 1 young (1024K), 1 survivors (1024K)
 Metaspace       used 14178K, committed 14528K, reserved 1064960K
  class space    used 1592K, committed 1792K, reserved 1048576K
GC Heap History (20 events):
Event: 194.159 GC heap before
{Heap before GC invocations=50 (full 9):
 garbage-first heap   total 245760K, used 212596K [0x0000000082400000, 0x0000000100000000)
  region size 1024K, 143 young (146432K), 0 survivors (0K)
 Metaspace       used 14178K, committed 14528K, reserved 1064960K
  class space    used 1592K, committed 1792K, reserved 1048576K
}
Event: 194.433 GC heap after
{Heap after GC invocations=51 (full 9):
 garbage-first heap   total 245760K, used 66342K [0x0000000082400000, 0x0000000100000000)
  region size 1024K, 1 young (1024K), 1 survivors (1024K)
 Metaspace       used 14178K, committed 14528K, reserved 1064960K
  class space    used 1592K, committed 1792K, reserved 1048576K
}
Event: 196.295 GC heap before
{Heap before GC invocations=51 (full 9):
 garbage-first heap   total 245760K, used 211750K [0x0000000082400000, 0x0000000100000000)
  region size 1024K, 143 young (146432K), 1 survivors (1024K)
 Metaspace       used 14178K, committed 14528K, reserved 1064960K
  class space    used 1592K, committed 1792K, reserved 1048576K
}
Event: 196.297 GC heap after
{Heap after GC invocations=52 (full 9):
 garbage-first heap   total 245760K, used 66360K [0x0000000082400000, 0x0000000100000000)
  region size 1024K, 1 young (1024K), 1 survivors (1024K)
 Metaspace       used 14178K, committed 14528K, reserved 1064960K
  class space    used 1592K, committed 1792K, reserved 1048576K
}
Event: 198.276 GC heap before
{Heap before GC invocations=52 (full 9):
 garbage-first heap   total 245760K, used 211768K [0x0000000082400000, 0x0000000100000000)
  region size 1024K, 143 young (146432K), 1 survivors (1024K)
 Metaspace       used 14178K, committed 14528K, reserved 1064960K
  class space    used 1592K, committed 1792K, reserved 1048576K
}
Event: 198.349 GC heap after
{Heap after GC invocations=53 (full 9):
 garbage-first heap   total 245760K, used 66343K [0x0000000082400000, 0x0000000100000000)
  region size 1024K, 1 young (1024K), 1 survivors (1024K)
 Metaspace       used 14178K, committed 14528K, reserved 1064960K
  class space    used 1592K, committed 1792K, reserved 1048576K
}
Event: 200.270 GC heap before
{Heap before GC invocations=53 (full 9):
 garbage-first heap   total 245760K, used 211751K [0x0000000082400000, 0x0000000100000000)
  region size 1024K, 143 young (146432K), 1 survivors (1024K)
 Metaspace       used 14178K, committed 14528K, reserved 1064960K
  class space    used 1592K, committed 1792K, reserved 1048576K
}
Event: 200.398 GC heap after
{Heap after GC invocations=54 (full 9):
 garbage-first heap   total 245760K, used 66343K [0x0000000082400000, 0x0000000100000000)
  region size 1024K, 1 young (1024K), 1 survivors (1024K)
 Metaspace       used 14178K, committed 14528K, reserved 1064960K
  class space    used 1592K, committed 1792K, reserved 1048576K
}
Event: 201.253 GC heap before
{Heap before GC invocations=54 (full 9):
 garbage-first heap   total 245760K, used 139047K [0x0000000082400000, 0x0000000100000000)
  region size 1024K, 73 young (74752K), 1 survivors (1024K)
 Metaspace       used 14178K, committed 14528K, reserved 1064960K
  class space    used 1592K, committed 1792K, reserved 1048576K
}
Event: 214.782 GC heap after
{Heap after GC invocations=55 (full 10):
 garbage-first heap   total 235520K, used 66168K [0x0000000082400000, 0x0000000100000000)
  region size 1024K, 0 young (0K), 0 survivors (0K)
 Metaspace       used 14178K, committed 14528K, reserved 1064960K
  class space    used 1592K, committed 1792K, reserved 1048576K
}
Event: 216.455 GC heap before
{Heap before GC invocations=55 (full 10):
 garbage-first heap   total 235520K, used 206456K [0x0000000082400000, 0x0000000100000000)
  region size 1024K, 137 young (140288K), 0 survivors (0K)
 Metaspace       used 14178K, committed 14528K, reserved 1064960K
  class space    used 1592K, committed 1792K, reserved 1048576K
}
Event: 216.726 GC heap after
{Heap after GC invocations=56 (full 10):
 garbage-first heap   total 706560K, used 66302K [0x0000000082400000, 0x0000000100000000)
  region size 1024K, 1 young (1024K), 1 survivors (1024K)
 Metaspace       used 14178K, committed 14528K, reserved 1064960K
  class space    used 1592K, committed 1792K, reserved 1048576K
}
Event: 220.317 GC heap before
{Heap before GC invocations=56 (full 10):
 garbage-first heap   total 706560K, used 263934K [0x0000000082400000, 0x0000000100000000)
  region size 1024K, 195 young (199680K), 1 survivors (1024K)
 Metaspace       used 14178K, committed 14528K, reserved 1064960K
  class space    used 1592K, committed 1792K, reserved 1048576K
}
Event: 220.461 GC heap after
{Heap after GC invocations=57 (full 11):
 garbage-first heap   total 239616K, used 66188K [0x0000000082400000, 0x0000000100000000)
  region size 1024K, 0 young (0K), 0 survivors (0K)
 Metaspace       used 14178K, committed 14528K, reserved 1064960K
  class space    used 1592K, committed 1792K, reserved 1048576K
}
Event: 223.371 GC heap before
{Heap before GC invocations=57 (full 11):
 garbage-first heap   total 239616K, used 208524K [0x0000000082400000, 0x0000000100000000)
  region size 1024K, 139 young (142336K), 0 survivors (0K)
 Metaspace       used 14178K, committed 14528K, reserved 1064960K
  class space    used 1592K, committed 1792K, reserved 1048576K
}
Event: 223.615 GC heap after
{Heap after GC invocations=58 (full 11):
 garbage-first heap   total 239616K, used 66379K [0x0000000082400000, 0x0000000100000000)
  region size 1024K, 1 young (1024K), 1 survivors (1024K)
 Metaspace       used 14178K, committed 14528K, reserved 1064960K
  class space    used 1592K, committed 1792K, reserved 1048576K
}
Event: 225.724 GC heap before
{Heap before GC invocations=58 (full 11):
 garbage-first heap   total 239616K, used 207691K [0x0000000082400000, 0x0000000100000000)
  region size 1024K, 139 young (142336K), 1 survivors (1024K)
 Metaspace       used 14178K, committed 14528K, reserved 1064960K
  class space    used 1592K, committed 1792K, reserved 1048576K
}
Event: 225.959 GC heap after
{Heap after GC invocations=59 (full 11):
 garbage-first heap   total 239616K, used 66303K [0x0000000082400000, 0x0000000100000000)
  region size 1024K, 1 young (1024K), 1 survivors (1024K)
 Metaspace       used 14178K, committed 14528K, reserved 1064960K
  class space    used 1592K, committed 1792K, reserved 1048576K
}
Event: 227.775 GC heap before
{Heap before GC invocations=59 (full 11):
 garbage-first heap   total 239616K, used 207615K [0x0000000082400000, 0x0000000100000000)
  region size 1024K, 139 young (142336K), 1 survivors (1024K)
 Metaspace       used 14178K, committed 14528K, reserved 1064960K
  class space    used 1592K, committed 1792K, reserved 1048576K
}
Event: 228.047 GC heap after
{Heap after GC invocations=60 (full 11):
 garbage-first heap   total 239616K, used 66385K [0x0000000082400000, 0x0000000100000000)
  region size 1024K, 1 young (1024K), 1 survivors (1024K)
 Metaspace       used 14178K, committed 14528K, reserved 1064960K
  class space    used 1592K, committed 1792K, reserved 1048576K
}

