# JRE version: Java(TM) SE Runtime Environment (17.0.1+12) (build 17.0.1+12-LTS-39)
# Java VM: Java HotSpot(TM) 64-Bit Server VM (17.0.1+12-LTS-39, mixed mode, sharing, tiered, compressed oops, compressed class ptrs, g1 gc, windows-amd64)
GC Precious Log:
 CPUs: 12 total, 12 available
 Memory: 8043M
 Large Page Support: Disabled
 NUMA Support: Disabled
 Compressed Oops: Enabled (32-bit)
 Heap Region Size: 1M
 Heap Min Capacity: 8M
 Heap Initial Capacity: 126M
 Heap Max Capacity: 2012M
 Pre-touch: Disabled
 Parallel Workers: 10
 Concurrent Workers: 3
 Concurrent Refinement Workers: 10
 Periodic GC: Disabled
Heap:
 garbage-first heap   total 137216K, used 72384K [0x0000000082400000, 0x0000000100000000)
  region size 1024K, 1 young (1024K), 0 survivors (0K)
 Metaspace       used 14370K, committed 15680K, reserved 1064960K
  class space    used 1610K, committed 2304K, reserved 1048576K
GC Heap History (20 events):
Event: 261.349 GC heap before
{Heap before GC invocations=17 (full 12):
 garbage-first heap   total 129024K, used 77989K [0x0000000082400000, 0x0000000100000000)
  region size 1024K, 8 young (8192K), 0 survivors (0K)
 Metaspace       used 14329K, committed 15680K, reserved 1064960K
  class space    used 1609K, committed 2304K, reserved 1048576K
}
Event: 266.104 GC heap after
{Heap after GC invocations=18 (full 13):
 garbage-first heap   total 129024K, used 71994K [0x0000000082400000, 0x0000000100000000)
  region size 1024K, 0 young (0K), 0 survivors (0K)
 Metaspace       used 14329K, committed 15680K, reserved 1064960K
  class space    used 1609K, committed 2304K, reserved 1048576K
}
Event: 280.962 GC heap before
{Heap before GC invocations=18 (full 13):
 garbage-first heap   total 129024K, used 78138K [0x0000000082400000, 0x0000000100000000)
  region size 1024K, 8 young (8192K), 0 survivors (0K)
 Metaspace       used 14331K, committed 15680K, reserved 1064960K
  class space    used 1609K, committed 2304K, reserved 1048576K
}
Event: 281.256 GC heap after
{Heap after GC invocations=19 (full 14):
 garbage-first heap   total 129024K, used 72161K [0x0000000082400000, 0x0000000100000000)
  region size 1024K, 0 young (0K), 0 survivors (0K)
 Metaspace       used 14331K, committed 15680K, reserved 1064960K
  class space    used 1609K, committed 2304K, reserved 1048576K
}
Event: 301.100 GC heap before
{Heap before GC invocations=19 (full 14):
 garbage-first heap   total 129024K, used 75233K [0x0000000082400000, 0x0000000100000000)
  region size 1024K, 5 young (5120K), 0 survivors (0K)
 Metaspace       used 14332K, committed 15680K, reserved 1064960K
  class space    used 1609K, committed 2304K, reserved 1048576K
}
Event: 304.128 GC heap after
{Heap after GC invocations=20 (full 15):
 garbage-first heap   total 129024K, used 72257K [0x0000000082400000, 0x0000000100000000)
  region size 1024K, 0 young (0K), 0 survivors (0K)
 Metaspace       used 14332K, committed 15680K, reserved 1064960K
  class space    used 1609K, committed 2304K, reserved 1048576K
}
Event: 321.310 GC heap before
{Heap before GC invocations=20 (full 15):
 garbage-first heap   total 129024K, used 78401K [0x0000000082400000, 0x0000000100000000)
  region size 1024K, 7 young (7168K), 0 survivors (0K)
 Metaspace       used 14337K, committed 15680K, reserved 1064960K
  class space    used 1610K, committed 2304K, reserved 1048576K
}
Event: 329.789 GC heap after
{Heap after GC invocations=21 (full 16):
 garbage-first heap   total 129024K, used 72312K [0x0000000082400000, 0x0000000100000000)
  region size 1024K, 0 young (0K), 0 survivors (0K)
 Metaspace       used 14337K, committed 15680K, reserved 1064960K
  class space    used 1610K, committed 2304K, reserved 1048576K
}
Event: 340.842 GC heap before
{Heap before GC invocations=21 (full 16):
 garbage-first heap   total 129024K, used 76408K [0x0000000082400000, 0x0000000100000000)
  region size 1024K, 6 young (6144K), 0 survivors (0K)
 Metaspace       used 14342K, committed 15680K, reserved 1064960K
  class space    used 1610K, committed 2304K, reserved 1048576K
}
Event: 347.506 GC heap after
{Heap after GC invocations=22 (full 17):
 garbage-first heap   total 129024K, used 72314K [0x0000000082400000, 0x0000000100000000)
  region size 1024K, 0 young (0K), 0 survivors (0K)
 Metaspace       used 14342K, committed 15680K, reserved 1064960K
  class space    used 1610K, committed 2304K, reserved 1048576K
}
Event: 349.691 GC heap before
{Heap before GC invocations=22 (full 17):
 garbage-first heap   total 129024K, used 73338K [0x0000000082400000, 0x0000000100000000)
  region size 1024K, 3 young (3072K), 0 survivors (0K)
 Metaspace       used 14342K, committed 15680K, reserved 1064960K
  class space    used 1610K, committed 2304K, reserved 1048576K
}
Event: 350.040 GC heap after
{Heap after GC invocations=23 (full 17):
 garbage-first heap   total 129024K, used 72418K [0x0000000082400000, 0x0000000100000000)
  region size 1024K, 1 young (1024K), 1 survivors (1024K)
 Metaspace       used 14342K, committed 15680K, reserved 1064960K
  class space    used 1610K, committed 2304K, reserved 1048576K
}
Event: 361.195 GC heap before
{Heap before GC invocations=24 (full 17):
 garbage-first heap   total 137216K, used 82658K [0x0000000082400000, 0x0000000100000000)
  region size 1024K, 6 young (6144K), 1 survivors (1024K)
 Metaspace       used 14343K, committed 15680K, reserved 1064960K
  class space    used 1610K, committed 2304K, reserved 1048576K
}
Event: 365.884 GC heap after
{Heap after GC invocations=25 (full 18):
 garbage-first heap   total 137216K, used 72348K [0x0000000082400000, 0x0000000100000000)
  region size 1024K, 0 young (0K), 0 survivors (0K)
 Metaspace       used 14343K, committed 15680K, reserved 1064960K
  class space    used 1610K, committed 2304K, reserved 1048576K
}
Event: 380.957 GC heap before
{Heap before GC invocations=25 (full 18):
 garbage-first heap   total 137216K, used 72348K [0x0000000082400000, 0x0000000100000000)
  region size 1024K, 1 young (1024K), 0 survivors (0K)
 Metaspace       used 14349K, committed 15680K, reserved 1064960K
  class space    used 1610K, committed 2304K, reserved 1048576K
}
Event: 380.971 GC heap after
{Heap after GC invocations=26 (full 19):
 garbage-first heap   total 137216K, used 72345K [0x0000000082400000, 0x0000000100000000)
  region size 1024K, 0 young (0K), 0 survivors (0K)
 Metaspace       used 14349K, committed 15680K, reserved 1064960K
  class space    used 1610K, committed 2304K, reserved 1048576K
}
Event: 397.615 GC heap before
{Heap before GC invocations=26 (full 19):
 garbage-first heap   total 137216K, used 78489K [0x0000000082400000, 0x0000000100000000)
  region size 1024K, 6 young (6144K), 0 survivors (0K)
 Metaspace       used 14364K, committed 15680K, reserved 1064960K
  class space    used 1610K, committed 2304K, reserved 1048576K
}
Event: 401.627 GC heap after
{Heap after GC invocations=27 (full 19):
 garbage-first heap   total 137216K, used 72527K [0x0000000082400000, 0x0000000100000000)
  region size 1024K, 1 young (1024K), 1 survivors (1024K)
 Metaspace       used 14364K, committed 15680K, reserved 1064960K
  class space    used 1610K, committed 2304K, reserved 1048576K
}
Event: 401.959 GC heap before
{Heap before GC invocations=27 (full 19):
 garbage-first heap   total 137216K, used 72527K [0x0000000082400000, 0x0000000100000000)
  region size 1024K, 2 young (2048K), 1 survivors (1024K)
 Metaspace       used 14364K, committed 15680K, reserved 1064960K
  class space    used 1610K, committed 2304K, reserved 1048576K
}
Event: 405.303 GC heap after
{Heap after GC invocations=28 (full 20):
 garbage-first heap   total 137216K, used 72384K [0x0000000082400000, 0x0000000100000000)
  region size 1024K, 0 young (0K), 0 survivors (0K)
 Metaspace       used 14364K, committed 15680K, reserved 1064960K
  class space    used 1610K, committed 2304K, reserved 1048576K
}

