# JRE version: OpenJDK Runtime Environment (15.0.2+7) (build 15.0.2+7-27)
# Java VM: OpenJDK 64-Bit Server VM (15.0.2+7-27, mixed mode, tiered, compressed oops, g1 gc, windows-amd64)
GC Precious Log:
 CPUs: 16 total, 16 available
 Memory: 32677M
 Large Page Support: Disabled
 NUMA Support: Disabled
 Compressed Oops: Enabled (Zero based)
 Heap Region Size: 2M
 Heap Min Capacity: 512M
 Heap Initial Capacity: 512M
 Heap Max Capacity: 4G
 Pre-touch: Disabled
 Parallel Workers: 13
 Concurrent Workers: 3
 Concurrent Refinement Workers: 13
 Periodic GC: Disabled
Heap:
 garbage-first heap   total 524288K, used 30431K [0x0000000700000000, 0x0000000800000000)
  region size 2048K, 4 young (8192K), 0 survivors (0K)
 Metaspace       used 22771K, capacity 23089K, committed 23472K, reserved 1071104K
  class space    used 2085K, capacity 2192K, committed 2304K, reserved 1048576K
GC Heap History (20 events):
Event: 3200.753 GC heap before
{Heap before GC invocations=377 (full 373):
 garbage-first heap   total 524288K, used 28382K [0x0000000700000000, 0x0000000800000000)
  region size 2048K, 3 young (6144K), 0 survivors (0K)
 Metaspace       used 22679K, capacity 22961K, committed 23216K, reserved 1071104K
  class space    used 2084K, capacity 2192K, committed 2304K, reserved 1048576K
}
Event: 3200.760 GC heap after
{Heap after GC invocations=378 (full 374):
 garbage-first heap   total 524288K, used 5854K [0x0000000700000000, 0x0000000800000000)
  region size 2048K, 0 young (0K), 0 survivors (0K)
 Metaspace       used 22679K, capacity 22961K, committed 23216K, reserved 1071104K
  class space    used 2084K, capacity 2192K, committed 2304K, reserved 1048576K
}
Event: 3205.663 GC heap before
{Heap before GC invocations=378 (full 374):
 garbage-first heap   total 524288K, used 28382K [0x0000000700000000, 0x0000000800000000)
  region size 2048K, 3 young (6144K), 0 survivors (0K)
 Metaspace       used 22679K, capacity 22961K, committed 23216K, reserved 1071104K
  class space    used 2084K, capacity 2192K, committed 2304K, reserved 1048576K
}
Event: 3205.671 GC heap after
{Heap after GC invocations=379 (full 375):
 garbage-first heap   total 524288K, used 5854K [0x0000000700000000, 0x0000000800000000)
  region size 2048K, 0 young (0K), 0 survivors (0K)
 Metaspace       used 22679K, capacity 22961K, committed 23216K, reserved 1071104K
  class space    used 2084K, capacity 2192K, committed 2304K, reserved 1048576K
}
Event: 3210.691 GC heap before
{Heap before GC invocations=379 (full 375):
 garbage-first heap   total 524288K, used 28382K [0x0000000700000000, 0x0000000800000000)
  region size 2048K, 3 young (6144K), 0 survivors (0K)
 Metaspace       used 22679K, capacity 22961K, committed 23216K, reserved 1071104K
  class space    used 2084K, capacity 2192K, committed 2304K, reserved 1048576K
}
Event: 3210.699 GC heap after
{Heap after GC invocations=380 (full 376):
 garbage-first heap   total 524288K, used 5854K [0x0000000700000000, 0x0000000800000000)
  region size 2048K, 0 young (0K), 0 survivors (0K)
 Metaspace       used 22679K, capacity 22961K, committed 23216K, reserved 1071104K
  class space    used 2084K, capacity 2192K, committed 2304K, reserved 1048576K
}
Event: 3215.778 GC heap before
{Heap before GC invocations=380 (full 376):
 garbage-first heap   total 524288K, used 30430K [0x0000000700000000, 0x0000000800000000)
  region size 2048K, 4 young (8192K), 0 survivors (0K)
 Metaspace       used 22685K, capacity 22961K, committed 23216K, reserved 1071104K
  class space    used 2084K, capacity 2192K, committed 2304K, reserved 1048576K
}
Event: 3215.785 GC heap after
{Heap after GC invocations=381 (full 377):
 garbage-first heap   total 524288K, used 5855K [0x0000000700000000, 0x0000000800000000)
  region size 2048K, 0 young (0K), 0 survivors (0K)
 Metaspace       used 22685K, capacity 22961K, committed 23216K, reserved 1071104K
  class space    used 2084K, capacity 2192K, committed 2304K, reserved 1048576K
}
Event: 3221.975 GC heap before
{Heap before GC invocations=381 (full 377):
 garbage-first heap   total 524288K, used 36575K [0x0000000700000000, 0x0000000800000000)
  region size 2048K, 7 young (14336K), 0 survivors (0K)
 Metaspace       used 22685K, capacity 22961K, committed 23216K, reserved 1071104K
  class space    used 2084K, capacity 2192K, committed 2304K, reserved 1048576K
}
Event: 3221.982 GC heap after
{Heap after GC invocations=382 (full 378):
 garbage-first heap   total 524288K, used 5857K [0x0000000700000000, 0x0000000800000000)
  region size 2048K, 0 young (0K), 0 survivors (0K)
 Metaspace       used 22685K, capacity 22961K, committed 23216K, reserved 1071104K
  class space    used 2084K, capacity 2192K, committed 2304K, reserved 1048576K
}
Event: 3251.140 GC heap before
{Heap before GC invocations=382 (full 378):
 garbage-first heap   total 524288K, used 32481K [0x0000000700000000, 0x0000000800000000)
  region size 2048K, 5 young (10240K), 0 survivors (0K)
 Metaspace       used 22685K, capacity 22961K, committed 23216K, reserved 1071104K
  class space    used 2084K, capacity 2192K, committed 2304K, reserved 1048576K
}
Event: 3251.148 GC heap after
{Heap after GC invocations=383 (full 379):
 garbage-first heap   total 524288K, used 5856K [0x0000000700000000, 0x0000000800000000)
  region size 2048K, 0 young (0K), 0 survivors (0K)
 Metaspace       used 22685K, capacity 22961K, committed 23216K, reserved 1071104K
  class space    used 2084K, capacity 2192K, committed 2304K, reserved 1048576K
}
Event: 3256.105 GC heap before
{Heap before GC invocations=383 (full 379):
 garbage-first heap   total 524288K, used 30432K [0x0000000700000000, 0x0000000800000000)
  region size 2048K, 4 young (8192K), 0 survivors (0K)
 Metaspace       used 22685K, capacity 22961K, committed 23216K, reserved 1071104K
  class space    used 2084K, capacity 2192K, committed 2304K, reserved 1048576K
}
Event: 3256.112 GC heap after
{Heap after GC invocations=384 (full 380):
 garbage-first heap   total 524288K, used 5855K [0x0000000700000000, 0x0000000800000000)
  region size 2048K, 0 young (0K), 0 survivors (0K)
 Metaspace       used 22685K, capacity 22961K, committed 23216K, reserved 1071104K
  class space    used 2084K, capacity 2192K, committed 2304K, reserved 1048576K
}
Event: 3260.713 GC heap before
{Heap before GC invocations=384 (full 380):
 garbage-first heap   total 524288K, used 28383K [0x0000000700000000, 0x0000000800000000)
  region size 2048K, 3 young (6144K), 0 survivors (0K)
 Metaspace       used 22685K, capacity 22961K, committed 23216K, reserved 1071104K
  class space    used 2084K, capacity 2192K, committed 2304K, reserved 1048576K
}
Event: 3260.720 GC heap after
{Heap after GC invocations=385 (full 381):
 garbage-first heap   total 524288K, used 5855K [0x0000000700000000, 0x0000000800000000)
  region size 2048K, 0 young (0K), 0 survivors (0K)
 Metaspace       used 22685K, capacity 22961K, committed 23216K, reserved 1071104K
  class space    used 2084K, capacity 2192K, committed 2304K, reserved 1048576K
}
Event: 3265.679 GC heap before
{Heap before GC invocations=385 (full 381):
 garbage-first heap   total 524288K, used 28383K [0x0000000700000000, 0x0000000800000000)
  region size 2048K, 3 young (6144K), 0 survivors (0K)
 Metaspace       used 22685K, capacity 22961K, committed 23216K, reserved 1071104K
  class space    used 2084K, capacity 2192K, committed 2304K, reserved 1048576K
}
Event: 3265.687 GC heap after
{Heap after GC invocations=386 (full 382):
 garbage-first heap   total 524288K, used 5855K [0x0000000700000000, 0x0000000800000000)
  region size 2048K, 0 young (0K), 0 survivors (0K)
 Metaspace       used 22685K, capacity 22961K, committed 23216K, reserved 1071104K
  class space    used 2084K, capacity 2192K, committed 2304K, reserved 1048576K
}
Event: 3270.693 GC heap before
{Heap before GC invocations=386 (full 382):
 garbage-first heap   total 524288K, used 28383K [0x0000000700000000, 0x0000000800000000)
  region size 2048K, 3 young (6144K), 0 survivors (0K)
 Metaspace       used 22685K, capacity 22961K, committed 23216K, reserved 1071104K
  class space    used 2084K, capacity 2192K, committed 2304K, reserved 1048576K
}
Event: 3270.701 GC heap after
{Heap after GC invocations=387 (full 383):
 garbage-first heap   total 524288K, used 5855K [0x0000000700000000, 0x0000000800000000)
  region size 2048K, 0 young (0K), 0 survivors (0K)
 Metaspace       used 22685K, capacity 22961K, committed 23216K, reserved 1071104K
  class space    used 2084K, capacity 2192K, committed 2304K, reserved 1048576K
}

