# JRE version: Java(TM) SE Runtime Environment (17.0.1+12) (build 17.0.1+12-LTS-39)
# Java VM: Java HotSpot(TM) 64-Bit Server VM (17.0.1+12-LTS-39, mixed mode, sharing, tiered, compressed oops, compressed class ptrs, g1 gc, windows-amd64)
GC Precious Log:
 CPUs: 12 total, 12 available
 Memory: 8043M
 Large Page Support: Disabled
 NUMA Support: Disabled
 Compressed Oops: Enabled (32-bit)
 Heap Region Size: 1M
 Heap Min Capacity: 8M
 Heap Initial Capacity: 126M
 Heap Max Capacity: 2012M
 Pre-touch: Disabled
 Parallel Workers: 10
 Concurrent Workers: 3
 Concurrent Refinement Workers: 10
 Periodic GC: Disabled
Heap:
 garbage-first heap   total 166912K, used 120087K [0x0000000082400000, 0x0000000100000000)
  region size 1024K, 52 young (53248K), 6 survivors (6144K)
 Metaspace       used 25027K, committed 25280K, reserved 1073152K
  class space    used 2698K, committed 2816K, reserved 1048576K
GC Heap History (20 events):
Event: 2.379 GC heap before
{Heap before GC invocations=5 (full 0):
 garbage-first heap   total 129024K, used 60813K [0x0000000082400000, 0x0000000100000000)
  region size 1024K, 5 young (5120K), 3 survivors (3072K)
 Metaspace       used 12997K, committed 13248K, reserved 1064960K
  class space    used 1509K, committed 1600K, reserved 1048576K
}
Event: 2.382 GC heap after
{Heap after GC invocations=6 (full 0):
 garbage-first heap   total 129024K, used 58904K [0x0000000082400000, 0x0000000100000000)
  region size 1024K, 2 young (2048K), 2 survivors (2048K)
 Metaspace       used 12997K, committed 13248K, reserved 1064960K
  class space    used 1509K, committed 1600K, reserved 1048576K
}
Event: 4.986 GC heap before
{Heap before GC invocations=6 (full 0):
 garbage-first heap   total 129024K, used 97816K [0x0000000082400000, 0x0000000100000000)
  region size 1024K, 35 young (35840K), 2 survivors (2048K)
 Metaspace       used 17566K, committed 17856K, reserved 1064960K
  class space    used 1930K, committed 2048K, reserved 1048576K
}
Event: 4.990 GC heap after
{Heap after GC invocations=7 (full 0):
 garbage-first heap   total 129024K, used 70727K [0x0000000082400000, 0x0000000100000000)
  region size 1024K, 5 young (5120K), 5 survivors (5120K)
 Metaspace       used 17566K, committed 17856K, reserved 1064960K
  class space    used 1930K, committed 2048K, reserved 1048576K
}
Event: 5.432 GC heap before
{Heap before GC invocations=7 (full 0):
 garbage-first heap   total 129024K, used 95303K [0x0000000082400000, 0x0000000100000000)
  region size 1024K, 30 young (30720K), 5 survivors (5120K)
 Metaspace       used 21648K, committed 21888K, reserved 1073152K
  class space    used 2407K, committed 2496K, reserved 1048576K
}
Event: 5.436 GC heap after
{Heap after GC invocations=8 (full 0):
 garbage-first heap   total 129024K, used 67282K [0x0000000082400000, 0x0000000100000000)
  region size 1024K, 3 young (3072K), 3 survivors (3072K)
 Metaspace       used 21648K, committed 21888K, reserved 1073152K
  class space    used 2407K, committed 2496K, reserved 1048576K
}
Event: 6.809 GC heap before
{Heap before GC invocations=9 (full 0):
 garbage-first heap   total 129024K, used 95954K [0x0000000082400000, 0x0000000100000000)
  region size 1024K, 32 young (32768K), 3 survivors (3072K)
 Metaspace       used 21921K, committed 22208K, reserved 1073152K
  class space    used 2425K, committed 2560K, reserved 1048576K
}
Event: 6.811 GC heap after
{Heap after GC invocations=10 (full 0):
 garbage-first heap   total 166912K, used 68862K [0x0000000082400000, 0x0000000100000000)
  region size 1024K, 2 young (2048K), 2 survivors (2048K)
 Metaspace       used 21921K, committed 22208K, reserved 1073152K
  class space    used 2425K, committed 2560K, reserved 1048576K
}
Event: 11.504 GC heap before
{Heap before GC invocations=10 (full 0):
 garbage-first heap   total 166912K, used 124158K [0x0000000082400000, 0x0000000100000000)
  region size 1024K, 57 young (58368K), 2 survivors (2048K)
 Metaspace       used 22182K, committed 22464K, reserved 1073152K
  class space    used 2425K, committed 2560K, reserved 1048576K
}
Event: 11.507 GC heap after
{Heap after GC invocations=11 (full 0):
 garbage-first heap   total 166912K, used 72028K [0x0000000082400000, 0x0000000100000000)
  region size 1024K, 6 young (6144K), 6 survivors (6144K)
 Metaspace       used 22182K, committed 22464K, reserved 1073152K
  class space    used 2425K, committed 2560K, reserved 1048576K
}
Event: 17.152 GC heap before
{Heap before GC invocations=11 (full 0):
 garbage-first heap   total 166912K, used 129372K [0x0000000082400000, 0x0000000100000000)
  region size 1024K, 63 young (64512K), 6 survivors (6144K)
 Metaspace       used 22379K, committed 22592K, reserved 1073152K
  class space    used 2428K, committed 2560K, reserved 1048576K
}
Event: 17.155 GC heap after
{Heap after GC invocations=12 (full 0):
 garbage-first heap   total 166912K, used 71413K [0x0000000082400000, 0x0000000100000000)
  region size 1024K, 3 young (3072K), 3 survivors (3072K)
 Metaspace       used 22379K, committed 22592K, reserved 1073152K
  class space    used 2428K, committed 2560K, reserved 1048576K
}
Event: 18.641 GC heap before
{Heap before GC invocations=12 (full 0):
 garbage-first heap   total 166912K, used 133877K [0x0000000082400000, 0x0000000100000000)
  region size 1024K, 65 young (66560K), 3 survivors (3072K)
 Metaspace       used 22385K, committed 22592K, reserved 1073152K
  class space    used 2428K, committed 2560K, reserved 1048576K
}
Event: 18.644 GC heap after
{Heap after GC invocations=13 (full 0):
 garbage-first heap   total 166912K, used 71039K [0x0000000082400000, 0x0000000100000000)
  region size 1024K, 3 young (3072K), 3 survivors (3072K)
 Metaspace       used 22385K, committed 22592K, reserved 1073152K
  class space    used 2428K, committed 2560K, reserved 1048576K
}
Event: 20.270 GC heap before
{Heap before GC invocations=13 (full 0):
 garbage-first heap   total 166912K, used 136575K [0x0000000082400000, 0x0000000100000000)
  region size 1024K, 68 young (69632K), 3 survivors (3072K)
 Metaspace       used 22402K, committed 22656K, reserved 1073152K
  class space    used 2428K, committed 2560K, reserved 1048576K
}
Event: 20.272 GC heap after
{Heap after GC invocations=14 (full 0):
 garbage-first heap   total 166912K, used 71062K [0x0000000082400000, 0x0000000100000000)
  region size 1024K, 3 young (3072K), 3 survivors (3072K)
 Metaspace       used 22402K, committed 22656K, reserved 1073152K
  class space    used 2428K, committed 2560K, reserved 1048576K
}
Event: 163.314 GC heap before
{Heap before GC invocations=14 (full 0):
 garbage-first heap   total 166912K, used 140694K [0x0000000082400000, 0x0000000100000000)
  region size 1024K, 71 young (72704K), 3 survivors (3072K)
 Metaspace       used 22408K, committed 22656K, reserved 1073152K
  class space    used 2428K, committed 2560K, reserved 1048576K
}
Event: 163.315 GC heap after
{Heap after GC invocations=15 (full 0):
 garbage-first heap   total 166912K, used 71047K [0x0000000082400000, 0x0000000100000000)
  region size 1024K, 3 young (3072K), 3 survivors (3072K)
 Metaspace       used 22408K, committed 22656K, reserved 1073152K
  class space    used 2428K, committed 2560K, reserved 1048576K
}
Event: 379.094 GC heap before
{Heap before GC invocations=15 (full 0):
 garbage-first heap   total 166912K, used 140679K [0x0000000082400000, 0x0000000100000000)
  region size 1024K, 72 young (73728K), 3 survivors (3072K)
 Metaspace       used 25019K, committed 25280K, reserved 1073152K
  class space    used 2697K, committed 2816K, reserved 1048576K
}
Event: 379.197 GC heap after
{Heap after GC invocations=16 (full 0):
 garbage-first heap   total 166912K, used 74007K [0x0000000082400000, 0x0000000100000000)
  region size 1024K, 6 young (6144K), 6 survivors (6144K)
 Metaspace       used 25019K, committed 25280K, reserved 1073152K
  class space    used 2697K, committed 2816K, reserved 1048576K
}

