# JRE version: OpenJDK Runtime Environment (15.0.2+7) (build 15.0.2+7-27)
# Java VM: OpenJDK 64-Bit Server VM (15.0.2+7-27, mixed mode, tiered, compressed oops, g1 gc, windows-amd64)
GC Precious Log:
 CPUs: 16 total, 16 available
 Memory: 32677M
 Large Page Support: Disabled
 NUMA Support: Disabled
 Compressed Oops: Enabled (Zero based)
 Heap Region Size: 2M
 Heap Min Capacity: 512M
 Heap Initial Capacity: 512M
 Heap Max Capacity: 4G
 Pre-touch: Disabled
 Parallel Workers: 13
 Concurrent Workers: 3
 Concurrent Refinement Workers: 13
 Periodic GC: Disabled
Heap:
 garbage-first heap   total 524288K, used 25384K [0x0000000700000000, 0x0000000800000000)
  region size 2048K, 10 young (20480K), 0 survivors (0K)
 Metaspace       used 23185K, capacity 23468K, committed 23984K, reserved 1071104K
  class space    used 2232K, capacity 2328K, committed 2560K, reserved 1048576K
GC Heap History (20 events):
Event: 2701.240 GC heap before
{Heap before GC invocations=211 (full 207):
 garbage-first heap   total 524288K, used 61613K [0x0000000700000000, 0x0000000800000000)
  region size 2048K, 28 young (57344K), 0 survivors (0K)
 Metaspace       used 23128K, capacity 23468K, committed 23984K, reserved 1071104K
  class space    used 2227K, capacity 2328K, committed 2560K, reserved 1048576K
}
Event: 2701.251 GC heap after
{Heap after GC invocations=212 (full 208):
 garbage-first heap   total 524288K, used 6651K [0x0000000700000000, 0x0000000800000000)
  region size 2048K, 0 young (0K), 0 survivors (0K)
 Metaspace       used 23128K, capacity 23468K, committed 23984K, reserved 1071104K
  class space    used 2227K, capacity 2328K, committed 2560K, reserved 1048576K
}
Event: 2701.874 GC heap before
{Heap before GC invocations=212 (full 208):
 garbage-first heap   total 524288K, used 12795K [0x0000000700000000, 0x0000000800000000)
  region size 2048K, 4 young (8192K), 0 survivors (0K)
 Metaspace       used 23128K, capacity 23468K, committed 23984K, reserved 1071104K
  class space    used 2227K, capacity 2328K, committed 2560K, reserved 1048576K
}
Event: 2701.883 GC heap after
{Heap after GC invocations=213 (full 209):
 garbage-first heap   total 524288K, used 6532K [0x0000000700000000, 0x0000000800000000)
  region size 2048K, 0 young (0K), 0 survivors (0K)
 Metaspace       used 23128K, capacity 23468K, committed 23984K, reserved 1071104K
  class space    used 2227K, capacity 2328K, committed 2560K, reserved 1048576K
}
Event: 2702.003 GC heap before
{Heap before GC invocations=213 (full 209):
 garbage-first heap   total 524288K, used 10628K [0x0000000700000000, 0x0000000800000000)
  region size 2048K, 3 young (6144K), 0 survivors (0K)
 Metaspace       used 23128K, capacity 23468K, committed 23984K, reserved 1071104K
  class space    used 2227K, capacity 2328K, committed 2560K, reserved 1048576K
}
Event: 2702.012 GC heap after
{Heap after GC invocations=214 (full 210):
 garbage-first heap   total 524288K, used 6557K [0x0000000700000000, 0x0000000800000000)
  region size 2048K, 0 young (0K), 0 survivors (0K)
 Metaspace       used 23128K, capacity 23468K, committed 23984K, reserved 1071104K
  class space    used 2227K, capacity 2328K, committed 2560K, reserved 1048576K
}
Event: 2703.291 GC heap before
{Heap before GC invocations=214 (full 210):
 garbage-first heap   total 524288K, used 16797K [0x0000000700000000, 0x0000000800000000)
  region size 2048K, 6 young (12288K), 0 survivors (0K)
 Metaspace       used 23128K, capacity 23468K, committed 23984K, reserved 1071104K
  class space    used 2227K, capacity 2328K, committed 2560K, reserved 1048576K
}
Event: 2703.301 GC heap after
{Heap after GC invocations=215 (full 211):
 garbage-first heap   total 524288K, used 6886K [0x0000000700000000, 0x0000000800000000)
  region size 2048K, 0 young (0K), 0 survivors (0K)
 Metaspace       used 23128K, capacity 23468K, committed 23984K, reserved 1071104K
  class space    used 2227K, capacity 2328K, committed 2560K, reserved 1048576K
}
Event: 2703.692 GC heap before
{Heap before GC invocations=215 (full 211):
 garbage-first heap   total 524288K, used 21222K [0x0000000700000000, 0x0000000800000000)
  region size 2048K, 8 young (16384K), 0 survivors (0K)
 Metaspace       used 23136K, capacity 23468K, committed 23984K, reserved 1071104K
  class space    used 2227K, capacity 2328K, committed 2560K, reserved 1048576K
}
Event: 2703.700 GC heap after
{Heap after GC invocations=216 (full 212):
 garbage-first heap   total 524288K, used 6865K [0x0000000700000000, 0x0000000800000000)
  region size 2048K, 0 young (0K), 0 survivors (0K)
 Metaspace       used 23136K, capacity 23468K, committed 23984K, reserved 1071104K
  class space    used 2227K, capacity 2328K, committed 2560K, reserved 1048576K
}
Event: 2704.715 GC heap before
{Heap before GC invocations=216 (full 212):
 garbage-first heap   total 524288K, used 15057K [0x0000000700000000, 0x0000000800000000)
  region size 2048K, 5 young (10240K), 0 survivors (0K)
 Metaspace       used 23136K, capacity 23468K, committed 23984K, reserved 1071104K
  class space    used 2227K, capacity 2328K, committed 2560K, reserved 1048576K
}
Event: 2704.724 GC heap after
{Heap after GC invocations=217 (full 213):
 garbage-first heap   total 524288K, used 6772K [0x0000000700000000, 0x0000000800000000)
  region size 2048K, 0 young (0K), 0 survivors (0K)
 Metaspace       used 23136K, capacity 23468K, committed 23984K, reserved 1071104K
  class space    used 2227K, capacity 2328K, committed 2560K, reserved 1048576K
}
Event: 2707.074 GC heap before
{Heap before GC invocations=217 (full 213):
 garbage-first heap   total 524288K, used 23156K [0x0000000700000000, 0x0000000800000000)
  region size 2048K, 9 young (18432K), 0 survivors (0K)
 Metaspace       used 23136K, capacity 23468K, committed 23984K, reserved 1071104K
  class space    used 2227K, capacity 2328K, committed 2560K, reserved 1048576K
}
Event: 2707.083 GC heap after
{Heap after GC invocations=218 (full 214):
 garbage-first heap   total 524288K, used 6730K [0x0000000700000000, 0x0000000800000000)
  region size 2048K, 0 young (0K), 0 survivors (0K)
 Metaspace       used 23136K, capacity 23468K, committed 23984K, reserved 1071104K
  class space    used 2227K, capacity 2328K, committed 2560K, reserved 1048576K
}
Event: 2707.468 GC heap before
{Heap before GC invocations=218 (full 214):
 garbage-first heap   total 524288K, used 12874K [0x0000000700000000, 0x0000000800000000)
  region size 2048K, 4 young (8192K), 0 survivors (0K)
 Metaspace       used 23136K, capacity 23468K, committed 23984K, reserved 1071104K
  class space    used 2227K, capacity 2328K, committed 2560K, reserved 1048576K
}
Event: 2707.477 GC heap after
{Heap after GC invocations=219 (full 215):
 garbage-first heap   total 524288K, used 6779K [0x0000000700000000, 0x0000000800000000)
  region size 2048K, 0 young (0K), 0 survivors (0K)
 Metaspace       used 23136K, capacity 23468K, committed 23984K, reserved 1071104K
  class space    used 2227K, capacity 2328K, committed 2560K, reserved 1048576K
}
Event: 2707.865 GC heap before
{Heap before GC invocations=219 (full 215):
 garbage-first heap   total 524288K, used 12923K [0x0000000700000000, 0x0000000800000000)
  region size 2048K, 4 young (8192K), 0 survivors (0K)
 Metaspace       used 23136K, capacity 23468K, committed 23984K, reserved 1071104K
  class space    used 2227K, capacity 2328K, committed 2560K, reserved 1048576K
}
Event: 2707.874 GC heap after
{Heap after GC invocations=220 (full 216):
 garbage-first heap   total 524288K, used 6975K [0x0000000700000000, 0x0000000800000000)
  region size 2048K, 0 young (0K), 0 survivors (0K)
 Metaspace       used 23136K, capacity 23468K, committed 23984K, reserved 1071104K
  class space    used 2227K, capacity 2328K, committed 2560K, reserved 1048576K
}
Event: 2712.968 GC heap before
{Heap before GC invocations=220 (full 216):
 garbage-first heap   total 524288K, used 33599K [0x0000000700000000, 0x0000000800000000)
  region size 2048K, 14 young (28672K), 0 survivors (0K)
 Metaspace       used 23139K, capacity 23468K, committed 23984K, reserved 1071104K
  class space    used 2227K, capacity 2328K, committed 2560K, reserved 1048576K
}
Event: 2712.979 GC heap after
{Heap after GC invocations=221 (full 217):
 garbage-first heap   total 524288K, used 6952K [0x0000000700000000, 0x0000000800000000)
  region size 2048K, 0 young (0K), 0 survivors (0K)
 Metaspace       used 23139K, capacity 23468K, committed 23984K, reserved 1071104K
  class space    used 2227K, capacity 2328K, committed 2560K, reserved 1048576K
}

