# JRE version: Java(TM) SE Runtime Environment (17.0.1+12) (build 17.0.1+12-LTS-39)
# Java VM: Java HotSpot(TM) 64-Bit Server VM (17.0.1+12-LTS-39, mixed mode, sharing, tiered, compressed oops, compressed class ptrs, g1 gc, windows-amd64)
GC Precious Log:
 CPUs: 12 total, 12 available
 Memory: 8043M
 Large Page Support: Disabled
 NUMA Support: Disabled
 Compressed Oops: Enabled (32-bit)
 Heap Region Size: 1M
 Heap Min Capacity: 8M
 Heap Initial Capacity: 126M
 Heap Max Capacity: 2012M
 Pre-touch: Disabled
 Parallel Workers: 10
 Concurrent Workers: 3
 Concurrent Refinement Workers: 10
 Periodic GC: Disabled
Heap:
 garbage-first heap   total 40960K, used 28283K [0x0000000082400000, 0x0000000100000000)
  region size 1024K, 19 young (19456K), 1 survivors (1024K)
 Metaspace       used 18105K, committed 21760K, reserved 1073152K
  class space    used 3031K, committed 4224K, reserved 1048576K
GC Heap History (20 events):
Event: 119.828 GC heap before
{Heap before GC invocations=12 (full 0):
 garbage-first heap   total 96256K, used 17943K [0x0000000082400000, 0x0000000100000000)
  region size 1024K, 4 young (4096K), 1 survivors (1024K)
 Metaspace       used 20201K, committed 21760K, reserved 1073152K
  class space    used 3562K, committed 4224K, reserved 1048576K
}
Event: 121.799 GC heap after
{Heap after GC invocations=13 (full 0):
 garbage-first heap   total 96256K, used 14908K [0x0000000082400000, 0x0000000100000000)
  region size 1024K, 1 young (1024K), 1 survivors (1024K)
 Metaspace       used 20201K, committed 21760K, reserved 1073152K
  class space    used 3562K, committed 4224K, reserved 1048576K
}
Event: 128.208 GC heap before
{Heap before GC invocations=13 (full 0):
 garbage-first heap   total 96256K, used 17980K [0x0000000082400000, 0x0000000100000000)
  region size 1024K, 4 young (4096K), 1 survivors (1024K)
 Metaspace       used 20203K, committed 21760K, reserved 1073152K
  class space    used 3562K, committed 4224K, reserved 1048576K
}
Event: 128.286 GC heap after
{Heap after GC invocations=14 (full 0):
 garbage-first heap   total 96256K, used 14934K [0x0000000082400000, 0x0000000100000000)
  region size 1024K, 1 young (1024K), 1 survivors (1024K)
 Metaspace       used 20203K, committed 21760K, reserved 1073152K
  class space    used 3562K, committed 4224K, reserved 1048576K
}
Event: 134.682 GC heap before
{Heap before GC invocations=14 (full 0):
 garbage-first heap   total 96256K, used 18006K [0x0000000082400000, 0x0000000100000000)
  region size 1024K, 4 young (4096K), 1 survivors (1024K)
 Metaspace       used 20203K, committed 21760K, reserved 1073152K
  class space    used 3562K, committed 4224K, reserved 1048576K
}
Event: 135.121 GC heap after
{Heap after GC invocations=15 (full 0):
 garbage-first heap   total 130048K, used 14972K [0x0000000082400000, 0x0000000100000000)
  region size 1024K, 1 young (1024K), 1 survivors (1024K)
 Metaspace       used 20203K, committed 21760K, reserved 1073152K
  class space    used 3562K, committed 4224K, reserved 1048576K
}
Event: 246.549 GC heap before
{Heap before GC invocations=15 (full 0):
 garbage-first heap   total 130048K, used 18044K [0x0000000082400000, 0x0000000100000000)
  region size 1024K, 5 young (5120K), 1 survivors (1024K)
 Metaspace       used 20209K, committed 21760K, reserved 1073152K
  class space    used 3563K, committed 4224K, reserved 1048576K
}
Event: 246.871 GC heap after
{Heap after GC invocations=16 (full 1):
 garbage-first heap   total 40960K, used 10606K [0x0000000082400000, 0x0000000100000000)
  region size 1024K, 0 young (0K), 0 survivors (0K)
 Metaspace       used 18089K, committed 21760K, reserved 1073152K
  class space    used 3028K, committed 4224K, reserved 1048576K
}
Event: 248.052 GC heap before
{Heap before GC invocations=16 (full 1):
 garbage-first heap   total 40960K, used 12654K [0x0000000082400000, 0x0000000100000000)
  region size 1024K, 2 young (2048K), 0 survivors (0K)
 Metaspace       used 18094K, committed 21760K, reserved 1073152K
  class space    used 3029K, committed 4224K, reserved 1048576K
}
Event: 248.056 GC heap after
{Heap after GC invocations=17 (full 1):
 garbage-first heap   total 40960K, used 10887K [0x0000000082400000, 0x0000000100000000)
  region size 1024K, 1 young (1024K), 1 survivors (1024K)
 Metaspace       used 18094K, committed 21760K, reserved 1073152K
  class space    used 3029K, committed 4224K, reserved 1048576K
}
Event: 248.340 GC heap before
{Heap before GC invocations=17 (full 1):
 garbage-first heap   total 40960K, used 11911K [0x0000000082400000, 0x0000000100000000)
  region size 1024K, 2 young (2048K), 1 survivors (1024K)
 Metaspace       used 18096K, committed 21760K, reserved 1073152K
  class space    used 3029K, committed 4224K, reserved 1048576K
}
Event: 248.341 GC heap after
{Heap after GC invocations=18 (full 1):
 garbage-first heap   total 40960K, used 10871K [0x0000000082400000, 0x0000000100000000)
  region size 1024K, 1 young (1024K), 1 survivors (1024K)
 Metaspace       used 18096K, committed 21760K, reserved 1073152K
  class space    used 3029K, committed 4224K, reserved 1048576K
}
Event: 252.801 GC heap before
{Heap before GC invocations=18 (full 1):
 garbage-first heap   total 40960K, used 11895K [0x0000000082400000, 0x0000000100000000)
  region size 1024K, 2 young (2048K), 1 survivors (1024K)
 Metaspace       used 18096K, committed 21760K, reserved 1073152K
  class space    used 3029K, committed 4224K, reserved 1048576K
}
Event: 252.803 GC heap after
{Heap after GC invocations=19 (full 1):
 garbage-first heap   total 40960K, used 10869K [0x0000000082400000, 0x0000000100000000)
  region size 1024K, 1 young (1024K), 1 survivors (1024K)
 Metaspace       used 18096K, committed 21760K, reserved 1073152K
  class space    used 3029K, committed 4224K, reserved 1048576K
}
Event: 258.077 GC heap before
{Heap before GC invocations=19 (full 1):
 garbage-first heap   total 40960K, used 11893K [0x0000000082400000, 0x0000000100000000)
  region size 1024K, 2 young (2048K), 1 survivors (1024K)
 Metaspace       used 18096K, committed 21760K, reserved 1073152K
  class space    used 3029K, committed 4224K, reserved 1048576K
}
Event: 258.097 GC heap after
{Heap after GC invocations=20 (full 1):
 garbage-first heap   total 40960K, used 10875K [0x0000000082400000, 0x0000000100000000)
  region size 1024K, 1 young (1024K), 1 survivors (1024K)
 Metaspace       used 18096K, committed 21760K, reserved 1073152K
  class space    used 3029K, committed 4224K, reserved 1048576K
}
Event: 263.035 GC heap before
{Heap before GC invocations=20 (full 1):
 garbage-first heap   total 40960K, used 11899K [0x0000000082400000, 0x0000000100000000)
  region size 1024K, 2 young (2048K), 1 survivors (1024K)
 Metaspace       used 18096K, committed 21760K, reserved 1073152K
  class space    used 3029K, committed 4224K, reserved 1048576K
}
Event: 263.037 GC heap after
{Heap after GC invocations=21 (full 1):
 garbage-first heap   total 40960K, used 10864K [0x0000000082400000, 0x0000000100000000)
  region size 1024K, 1 young (1024K), 1 survivors (1024K)
 Metaspace       used 18096K, committed 21760K, reserved 1073152K
  class space    used 3029K, committed 4224K, reserved 1048576K
}
Event: 302.608 GC heap before
{Heap before GC invocations=21 (full 1):
 garbage-first heap   total 40960K, used 20080K [0x0000000082400000, 0x0000000100000000)
  region size 1024K, 10 young (10240K), 1 survivors (1024K)
 Metaspace       used 18096K, committed 21760K, reserved 1073152K
  class space    used 3029K, committed 4224K, reserved 1048576K
}
Event: 302.614 GC heap after
{Heap after GC invocations=22 (full 1):
 garbage-first heap   total 40960K, used 10875K [0x0000000082400000, 0x0000000100000000)
  region size 1024K, 1 young (1024K), 1 survivors (1024K)
 Metaspace       used 18096K, committed 21760K, reserved 1073152K
  class space    used 3029K, committed 4224K, reserved 1048576K
}

