# JRE version: Java(TM) SE Runtime Environment (17.0.1+12) (build 17.0.1+12-LTS-39)
# Java VM: Java HotSpot(TM) 64-Bit Server VM (17.0.1+12-LTS-39, mixed mode, sharing, tiered, compressed oops, compressed class ptrs, g1 gc, windows-amd64)
GC Precious Log:
 CPUs: 12 total, 12 available
 Memory: 8043M
 Large Page Support: Disabled
 NUMA Support: Disabled
 Compressed Oops: Enabled (32-bit)
 Heap Region Size: 1M
 Heap Min Capacity: 8M
 Heap Initial Capacity: 126M
 Heap Max Capacity: 2012M
 Pre-touch: Disabled
 Parallel Workers: 10
 Concurrent Workers: 3
 Concurrent Refinement Workers: 10
 Periodic GC: Disabled
Heap:
 garbage-first heap   total 51200K, used 20144K [0x0000000082400000, 0x0000000100000000)
  region size 1024K, 7 young (7168K), 0 survivors (0K)
 Metaspace       used 18458K, committed 21760K, reserved 1073152K
  class space    used 3080K, committed 4480K, reserved 1048576K
GC Heap History (20 events):
Event: 1.884 GC heap before
{Heap before GC invocations=5 (full 0):
 garbage-first heap   total 129024K, used 56768K [0x0000000082400000, 0x0000000100000000)
  region size 1024K, 44 young (45056K), 10 survivors (10240K)
 Metaspace       used 19804K, committed 21504K, reserved 1073152K
  class space    used 3647K, committed 4480K, reserved 1048576K
}
Event: 1.887 GC heap after
{Heap after GC invocations=6 (full 0):
 garbage-first heap   total 160768K, used 19521K [0x0000000082400000, 0x0000000100000000)
  region size 1024K, 3 young (3072K), 3 survivors (3072K)
 Metaspace       used 19804K, committed 21504K, reserved 1073152K
  class space    used 3647K, committed 4480K, reserved 1048576K
}
Event: 18.106 GC heap before
{Heap before GC invocations=7 (full 0):
 garbage-first heap   total 71680K, used 59457K [0x0000000082400000, 0x0000000100000000)
  region size 1024K, 43 young (44032K), 3 survivors (3072K)
 Metaspace       used 18351K, committed 21760K, reserved 1073152K
  class space    used 3075K, committed 4480K, reserved 1048576K
}
Event: 18.109 GC heap after
{Heap after GC invocations=8 (full 0):
 garbage-first heap   total 71680K, used 20183K [0x0000000082400000, 0x0000000100000000)
  region size 1024K, 3 young (3072K), 3 survivors (3072K)
 Metaspace       used 18351K, committed 21760K, reserved 1073152K
  class space    used 3075K, committed 4480K, reserved 1048576K
}
Event: 39.867 GC heap before
{Heap before GC invocations=8 (full 0):
 garbage-first heap   total 71680K, used 53975K [0x0000000082400000, 0x0000000100000000)
  region size 1024K, 36 young (36864K), 3 survivors (3072K)
 Metaspace       used 18366K, committed 21760K, reserved 1073152K
  class space    used 3075K, committed 4480K, reserved 1048576K
}
Event: 39.870 GC heap after
{Heap after GC invocations=9 (full 0):
 garbage-first heap   total 71680K, used 20179K [0x0000000082400000, 0x0000000100000000)
  region size 1024K, 2 young (2048K), 2 survivors (2048K)
 Metaspace       used 18366K, committed 21760K, reserved 1073152K
  class space    used 3075K, committed 4480K, reserved 1048576K
}
Event: 64.242 GC heap before
{Heap before GC invocations=9 (full 0):
 garbage-first heap   total 71680K, used 54995K [0x0000000082400000, 0x0000000100000000)
  region size 1024K, 36 young (36864K), 2 survivors (2048K)
 Metaspace       used 18367K, committed 21760K, reserved 1073152K
  class space    used 3075K, committed 4480K, reserved 1048576K
}
Event: 64.247 GC heap after
{Heap after GC invocations=10 (full 0):
 garbage-first heap   total 71680K, used 20064K [0x0000000082400000, 0x0000000100000000)
  region size 1024K, 2 young (2048K), 2 survivors (2048K)
 Metaspace       used 18367K, committed 21760K, reserved 1073152K
  class space    used 3075K, committed 4480K, reserved 1048576K
}
Event: 103.579 GC heap before
{Heap before GC invocations=10 (full 0):
 garbage-first heap   total 71680K, used 55904K [0x0000000082400000, 0x0000000100000000)
  region size 1024K, 37 young (37888K), 2 survivors (2048K)
 Metaspace       used 18367K, committed 21760K, reserved 1073152K
  class space    used 3075K, committed 4480K, reserved 1048576K
}
Event: 103.583 GC heap after
{Heap after GC invocations=11 (full 0):
 garbage-first heap   total 71680K, used 19918K [0x0000000082400000, 0x0000000100000000)
  region size 1024K, 1 young (1024K), 1 survivors (1024K)
 Metaspace       used 18367K, committed 21760K, reserved 1073152K
  class space    used 3075K, committed 4480K, reserved 1048576K
}
Event: 145.158 GC heap before
{Heap before GC invocations=11 (full 0):
 garbage-first heap   total 71680K, used 57806K [0x0000000082400000, 0x0000000100000000)
  region size 1024K, 38 young (38912K), 1 survivors (1024K)
 Metaspace       used 18369K, committed 21760K, reserved 1073152K
  class space    used 3075K, committed 4480K, reserved 1048576K
}
Event: 145.165 GC heap after
{Heap after GC invocations=12 (full 0):
 garbage-first heap   total 71680K, used 19969K [0x0000000082400000, 0x0000000100000000)
  region size 1024K, 2 young (2048K), 2 survivors (2048K)
 Metaspace       used 18369K, committed 21760K, reserved 1073152K
  class space    used 3075K, committed 4480K, reserved 1048576K
}
Event: 193.095 GC heap before
{Heap before GC invocations=12 (full 0):
 garbage-first heap   total 71680K, used 57857K [0x0000000082400000, 0x0000000100000000)
  region size 1024K, 39 young (39936K), 2 survivors (2048K)
 Metaspace       used 18370K, committed 21760K, reserved 1073152K
  class space    used 3075K, committed 4480K, reserved 1048576K
}
Event: 193.099 GC heap after
{Heap after GC invocations=13 (full 0):
 garbage-first heap   total 71680K, used 19877K [0x0000000082400000, 0x0000000100000000)
  region size 1024K, 1 young (1024K), 1 survivors (1024K)
 Metaspace       used 18370K, committed 21760K, reserved 1073152K
  class space    used 3075K, committed 4480K, reserved 1048576K
}
Event: 253.057 GC heap before
{Heap before GC invocations=13 (full 0):
 garbage-first heap   total 71680K, used 59813K [0x0000000082400000, 0x0000000100000000)
  region size 1024K, 40 young (40960K), 1 survivors (1024K)
 Metaspace       used 18372K, committed 21760K, reserved 1073152K
  class space    used 3075K, committed 4480K, reserved 1048576K
}
Event: 253.062 GC heap after
{Heap after GC invocations=14 (full 0):
 garbage-first heap   total 71680K, used 19936K [0x0000000082400000, 0x0000000100000000)
  region size 1024K, 1 young (1024K), 1 survivors (1024K)
 Metaspace       used 18372K, committed 21760K, reserved 1073152K
  class space    used 3075K, committed 4480K, reserved 1048576K
}
Event: 330.008 GC heap before
{Heap before GC invocations=14 (full 0):
 garbage-first heap   total 71680K, used 60896K [0x0000000082400000, 0x0000000100000000)
  region size 1024K, 41 young (41984K), 1 survivors (1024K)
 Metaspace       used 18373K, committed 21760K, reserved 1073152K
  class space    used 3075K, committed 4480K, reserved 1048576K
}
Event: 330.015 GC heap after
{Heap after GC invocations=15 (full 0):
 garbage-first heap   total 71680K, used 19928K [0x0000000082400000, 0x0000000100000000)
  region size 1024K, 1 young (1024K), 1 survivors (1024K)
 Metaspace       used 18373K, committed 21760K, reserved 1073152K
  class space    used 3075K, committed 4480K, reserved 1048576K
}
Event: 414.298 GC heap before
{Heap before GC invocations=15 (full 0):
 garbage-first heap   total 71680K, used 50648K [0x0000000082400000, 0x0000000100000000)
  region size 1024K, 32 young (32768K), 1 survivors (1024K)
 Metaspace       used 18417K, committed 21760K, reserved 1073152K
  class space    used 3078K, committed 4480K, reserved 1048576K
}
Event: 414.485 GC heap after
{Heap after GC invocations=16 (full 1):
 garbage-first heap   total 51200K, used 14000K [0x0000000082400000, 0x0000000100000000)
  region size 1024K, 0 young (0K), 0 survivors (0K)
 Metaspace       used 18412K, committed 21760K, reserved 1073152K
  class space    used 3076K, committed 4480K, reserved 1048576K
}

