# JRE version: OpenJDK Runtime Environment (15.0.2+7) (build 15.0.2+7-27)
# Java VM: OpenJDK 64-Bit Server VM (15.0.2+7-27, mixed mode, tiered, compressed oops, g1 gc, windows-amd64)
GC Precious Log:
 CPUs: 16 total, 16 available
 Memory: 32677M
 Large Page Support: Disabled
 NUMA Support: Disabled
 Compressed Oops: Enabled (Zero based)
 Heap Region Size: 4M
 Heap Min Capacity: 8M
 Heap Initial Capacity: 512M
 Heap Max Capacity: 8172M
 Pre-touch: Disabled
 Parallel Workers: 13
 Concurrent Workers: 3
 Concurrent Refinement Workers: 13
 Periodic GC: Disabled
Heap:
 garbage-first heap   total 65536K, used 8380K [0x0000000601400000, 0x0000000800000000)
  region size 4096K, 1 young (4096K), 1 survivors (4096K)
 Metaspace       used 22994K, capacity 23257K, committed 23344K, reserved 1079296K
  class space    used 2050K, capacity 2159K, committed 2176K, reserved 1048576K
GC Heap History (20 events):
Event: 814.058 GC heap before
{Heap before GC invocations=85 (full 0):
 garbage-first heap   total 65536K, used 40438K [0x0000000601400000, 0x0000000800000000)
  region size 4096K, 9 young (36864K), 1 survivors (4096K)
 Metaspace       used 22992K, capacity 23257K, committed 23344K, reserved 1071104K
  class space    used 2050K, capacity 2159K, committed 2176K, reserved 1048576K
}
Event: 814.058 GC heap after
{Heap after GC invocations=86 (full 0):
 garbage-first heap   total 65536K, used 7761K [0x0000000601400000, 0x0000000800000000)
  region size 4096K, 1 young (4096K), 1 survivors (4096K)
 Metaspace       used 22992K, capacity 23257K, committed 23344K, reserved 1071104K
  class space    used 2050K, capacity 2159K, committed 2176K, reserved 1048576K
}
Event: 822.280 GC heap before
{Heap before GC invocations=86 (full 0):
 garbage-first heap   total 65536K, used 40529K [0x0000000601400000, 0x0000000800000000)
  region size 4096K, 9 young (36864K), 1 survivors (4096K)
 Metaspace       used 22992K, capacity 23257K, committed 23344K, reserved 1071104K
  class space    used 2050K, capacity 2159K, committed 2176K, reserved 1048576K
}
Event: 822.281 GC heap after
{Heap after GC invocations=87 (full 0):
 garbage-first heap   total 65536K, used 8045K [0x0000000601400000, 0x0000000800000000)
  region size 4096K, 1 young (4096K), 1 survivors (4096K)
 Metaspace       used 22992K, capacity 23257K, committed 23344K, reserved 1071104K
  class space    used 2050K, capacity 2159K, committed 2176K, reserved 1048576K
}
Event: 832.177 GC heap before
{Heap before GC invocations=87 (full 0):
 garbage-first heap   total 65536K, used 40813K [0x0000000601400000, 0x0000000800000000)
  region size 4096K, 9 young (36864K), 1 survivors (4096K)
 Metaspace       used 22992K, capacity 23257K, committed 23344K, reserved 1071104K
  class space    used 2050K, capacity 2159K, committed 2176K, reserved 1048576K
}
Event: 832.178 GC heap after
{Heap after GC invocations=88 (full 0):
 garbage-first heap   total 65536K, used 8314K [0x0000000601400000, 0x0000000800000000)
  region size 4096K, 1 young (4096K), 1 survivors (4096K)
 Metaspace       used 22992K, capacity 23257K, committed 23344K, reserved 1071104K
  class space    used 2050K, capacity 2159K, committed 2176K, reserved 1048576K
}
Event: 842.163 GC heap before
{Heap before GC invocations=88 (full 0):
 garbage-first heap   total 65536K, used 41082K [0x0000000601400000, 0x0000000800000000)
  region size 4096K, 9 young (36864K), 1 survivors (4096K)
 Metaspace       used 22992K, capacity 23257K, committed 23344K, reserved 1071104K
  class space    used 2050K, capacity 2159K, committed 2176K, reserved 1048576K
}
Event: 842.164 GC heap after
{Heap after GC invocations=89 (full 0):
 garbage-first heap   total 65536K, used 8202K [0x0000000601400000, 0x0000000800000000)
  region size 4096K, 1 young (4096K), 1 survivors (4096K)
 Metaspace       used 22992K, capacity 23257K, committed 23344K, reserved 1071104K
  class space    used 2050K, capacity 2159K, committed 2176K, reserved 1048576K
}
Event: 851.401 GC heap before
{Heap before GC invocations=89 (full 0):
 garbage-first heap   total 65536K, used 40970K [0x0000000601400000, 0x0000000800000000)
  region size 4096K, 9 young (36864K), 1 survivors (4096K)
 Metaspace       used 22992K, capacity 23257K, committed 23344K, reserved 1071104K
  class space    used 2050K, capacity 2159K, committed 2176K, reserved 1048576K
}
Event: 851.402 GC heap after
{Heap after GC invocations=90 (full 0):
 garbage-first heap   total 65536K, used 8108K [0x0000000601400000, 0x0000000800000000)
  region size 4096K, 1 young (4096K), 1 survivors (4096K)
 Metaspace       used 22992K, capacity 23257K, committed 23344K, reserved 1071104K
  class space    used 2050K, capacity 2159K, committed 2176K, reserved 1048576K
}
Event: 861.179 GC heap before
{Heap before GC invocations=90 (full 0):
 garbage-first heap   total 65536K, used 40876K [0x0000000601400000, 0x0000000800000000)
  region size 4096K, 9 young (36864K), 1 survivors (4096K)
 Metaspace       used 22994K, capacity 23257K, committed 23344K, reserved 1071104K
  class space    used 2050K, capacity 2159K, committed 2176K, reserved 1048576K
}
Event: 861.180 GC heap after
{Heap after GC invocations=91 (full 0):
 garbage-first heap   total 65536K, used 8147K [0x0000000601400000, 0x0000000800000000)
  region size 4096K, 1 young (4096K), 1 survivors (4096K)
 Metaspace       used 22994K, capacity 23257K, committed 23344K, reserved 1071104K
  class space    used 2050K, capacity 2159K, committed 2176K, reserved 1048576K
}
Event: 871.165 GC heap before
{Heap before GC invocations=91 (full 0):
 garbage-first heap   total 65536K, used 40915K [0x0000000601400000, 0x0000000800000000)
  region size 4096K, 9 young (36864K), 1 survivors (4096K)
 Metaspace       used 22994K, capacity 23257K, committed 23344K, reserved 1071104K
  class space    used 2050K, capacity 2159K, committed 2176K, reserved 1048576K
}
Event: 871.166 GC heap after
{Heap after GC invocations=92 (full 0):
 garbage-first heap   total 65536K, used 8171K [0x0000000601400000, 0x0000000800000000)
  region size 4096K, 1 young (4096K), 1 survivors (4096K)
 Metaspace       used 22994K, capacity 23257K, committed 23344K, reserved 1071104K
  class space    used 2050K, capacity 2159K, committed 2176K, reserved 1048576K
}
Event: 880.570 GC heap before
{Heap before GC invocations=92 (full 0):
 garbage-first heap   total 65536K, used 40939K [0x0000000601400000, 0x0000000800000000)
  region size 4096K, 9 young (36864K), 1 survivors (4096K)
 Metaspace       used 22994K, capacity 23257K, committed 23344K, reserved 1071104K
  class space    used 2050K, capacity 2159K, committed 2176K, reserved 1048576K
}
Event: 880.571 GC heap after
{Heap after GC invocations=93 (full 0):
 garbage-first heap   total 65536K, used 8236K [0x0000000601400000, 0x0000000800000000)
  region size 4096K, 1 young (4096K), 1 survivors (4096K)
 Metaspace       used 22994K, capacity 23257K, committed 23344K, reserved 1071104K
  class space    used 2050K, capacity 2159K, committed 2176K, reserved 1048576K
}
Event: 890.286 GC heap before
{Heap before GC invocations=93 (full 0):
 garbage-first heap   total 65536K, used 41004K [0x0000000601400000, 0x0000000800000000)
  region size 4096K, 9 young (36864K), 1 survivors (4096K)
 Metaspace       used 22994K, capacity 23257K, committed 23344K, reserved 1071104K
  class space    used 2050K, capacity 2159K, committed 2176K, reserved 1048576K
}
Event: 890.287 GC heap after
{Heap after GC invocations=94 (full 0):
 garbage-first heap   total 65536K, used 8195K [0x0000000601400000, 0x0000000800000000)
  region size 4096K, 1 young (4096K), 1 survivors (4096K)
 Metaspace       used 22994K, capacity 23257K, committed 23344K, reserved 1071104K
  class space    used 2050K, capacity 2159K, committed 2176K, reserved 1048576K
}
Event: 897.026 GC heap before
{Heap before GC invocations=94 (full 0):
 garbage-first heap   total 65536K, used 32771K [0x0000000601400000, 0x0000000800000000)
  region size 4096K, 8 young (32768K), 1 survivors (4096K)
 Metaspace       used 22994K, capacity 23257K, committed 23344K, reserved 1077248K
  class space    used 2050K, capacity 2159K, committed 2176K, reserved 1048576K
}
Event: 897.027 GC heap after
{Heap after GC invocations=95 (full 0):
 garbage-first heap   total 65536K, used 8380K [0x0000000601400000, 0x0000000800000000)
  region size 4096K, 1 young (4096K), 1 survivors (4096K)
 Metaspace       used 22994K, capacity 23257K, committed 23344K, reserved 1077248K
  class space    used 2050K, capacity 2159K, committed 2176K, reserved 1048576K
}

