# JRE version: OpenJDK Runtime Environment (15.0.2+7) (build 15.0.2+7-27)
# Java VM: OpenJDK 64-Bit Server VM (15.0.2+7-27, mixed mode, tiered, compressed oops, g1 gc, windows-amd64)
GC Precious Log:
 CPUs: 16 total, 16 available
 Memory: 32677M
 Large Page Support: Disabled
 NUMA Support: Disabled
 Compressed Oops: Enabled (Zero based)
 Heap Region Size: 2M
 Heap Min Capacity: 512M
 Heap Initial Capacity: 512M
 Heap Max Capacity: 4G
 Pre-touch: Disabled
 Parallel Workers: 13
 Concurrent Workers: 3
 Concurrent Refinement Workers: 13
 Periodic GC: Disabled
Heap:
 garbage-first heap   total 524288K, used 27370K [0x0000000700000000, 0x0000000800000000)
  region size 2048K, 11 young (22528K), 0 survivors (0K)
 Metaspace       used 23095K, capacity 23436K, committed 23984K, reserved 1071104K
  class space    used 2249K, capacity 2360K, committed 2560K, reserved 1048576K
GC Heap History (20 events):
Event: 1502.284 GC heap before
{Heap before GC invocations=120 (full 116):
 garbage-first heap   total 524288K, used 8580K [0x0000000700000000, 0x0000000800000000)
  region size 2048K, 3 young (6144K), 0 survivors (0K)
 Metaspace       used 22877K, capacity 23236K, committed 23984K, reserved 1071104K
  class space    used 2239K, capacity 2360K, committed 2560K, reserved 1048576K
}
Event: 1502.293 GC heap after
{Heap after GC invocations=121 (full 117):
 garbage-first heap   total 524288K, used 6379K [0x0000000700000000, 0x0000000800000000)
  region size 2048K, 0 young (0K), 0 survivors (0K)
 Metaspace       used 22877K, capacity 23236K, committed 23984K, reserved 1071104K
  class space    used 2239K, capacity 2360K, committed 2560K, reserved 1048576K
}
Event: 1503.372 GC heap before
{Heap before GC invocations=121 (full 117):
 garbage-first heap   total 524288K, used 16619K [0x0000000700000000, 0x0000000800000000)
  region size 2048K, 6 young (12288K), 0 survivors (0K)
 Metaspace       used 22881K, capacity 23236K, committed 23984K, reserved 1071104K
  class space    used 2239K, capacity 2360K, committed 2560K, reserved 1048576K
}
Event: 1503.381 GC heap after
{Heap after GC invocations=122 (full 118):
 garbage-first heap   total 524288K, used 6473K [0x0000000700000000, 0x0000000800000000)
  region size 2048K, 0 young (0K), 0 survivors (0K)
 Metaspace       used 22881K, capacity 23236K, committed 23984K, reserved 1071104K
  class space    used 2239K, capacity 2360K, committed 2560K, reserved 1048576K
}
Event: 1504.112 GC heap before
{Heap before GC invocations=122 (full 118):
 garbage-first heap   total 524288K, used 24905K [0x0000000700000000, 0x0000000800000000)
  region size 2048K, 10 young (20480K), 0 survivors (0K)
 Metaspace       used 22882K, capacity 23236K, committed 23984K, reserved 1071104K
  class space    used 2239K, capacity 2360K, committed 2560K, reserved 1048576K
}
Event: 1504.122 GC heap after
{Heap after GC invocations=123 (full 119):
 garbage-first heap   total 524288K, used 6601K [0x0000000700000000, 0x0000000800000000)
  region size 2048K, 0 young (0K), 0 survivors (0K)
 Metaspace       used 22882K, capacity 23236K, committed 23984K, reserved 1071104K
  class space    used 2239K, capacity 2360K, committed 2560K, reserved 1048576K
}
Event: 1504.547 GC heap before
{Heap before GC invocations=123 (full 119):
 garbage-first heap   total 524288K, used 12745K [0x0000000700000000, 0x0000000800000000)
  region size 2048K, 4 young (8192K), 0 survivors (0K)
 Metaspace       used 22889K, capacity 23236K, committed 23984K, reserved 1071104K
  class space    used 2239K, capacity 2360K, committed 2560K, reserved 1048576K
}
Event: 1504.557 GC heap after
{Heap after GC invocations=124 (full 120):
 garbage-first heap   total 524288K, used 6643K [0x0000000700000000, 0x0000000800000000)
  region size 2048K, 0 young (0K), 0 survivors (0K)
 Metaspace       used 22889K, capacity 23236K, committed 23984K, reserved 1071104K
  class space    used 2239K, capacity 2360K, committed 2560K, reserved 1048576K
}
Event: 1505.698 GC heap before
{Heap before GC invocations=124 (full 120):
 garbage-first heap   total 524288K, used 14835K [0x0000000700000000, 0x0000000800000000)
  region size 2048K, 5 young (10240K), 0 survivors (0K)
 Metaspace       used 22891K, capacity 23240K, committed 23984K, reserved 1071104K
  class space    used 2239K, capacity 2360K, committed 2560K, reserved 1048576K
}
Event: 1505.706 GC heap after
{Heap after GC invocations=125 (full 121):
 garbage-first heap   total 524288K, used 6534K [0x0000000700000000, 0x0000000800000000)
  region size 2048K, 0 young (0K), 0 survivors (0K)
 Metaspace       used 22891K, capacity 23240K, committed 23984K, reserved 1071104K
  class space    used 2239K, capacity 2360K, committed 2560K, reserved 1048576K
}
Event: 1507.644 GC heap before
{Heap before GC invocations=125 (full 121):
 garbage-first heap   total 524288K, used 22918K [0x0000000700000000, 0x0000000800000000)
  region size 2048K, 10 young (20480K), 0 survivors (0K)
 Metaspace       used 22900K, capacity 23240K, committed 23984K, reserved 1071104K
  class space    used 2239K, capacity 2360K, committed 2560K, reserved 1048576K
}
Event: 1507.651 GC heap after
{Heap after GC invocations=126 (full 122):
 garbage-first heap   total 524288K, used 6488K [0x0000000700000000, 0x0000000800000000)
  region size 2048K, 0 young (0K), 0 survivors (0K)
 Metaspace       used 22900K, capacity 23240K, committed 23984K, reserved 1071104K
  class space    used 2239K, capacity 2360K, committed 2560K, reserved 1048576K
}
Event: 1507.835 GC heap before
{Heap before GC invocations=126 (full 122):
 garbage-first heap   total 524288K, used 12632K [0x0000000700000000, 0x0000000800000000)
  region size 2048K, 4 young (8192K), 0 survivors (0K)
 Metaspace       used 22911K, capacity 23240K, committed 23984K, reserved 1071104K
  class space    used 2239K, capacity 2360K, committed 2560K, reserved 1048576K
}
Event: 1507.843 GC heap after
{Heap after GC invocations=127 (full 123):
 garbage-first heap   total 524288K, used 6590K [0x0000000700000000, 0x0000000800000000)
  region size 2048K, 0 young (0K), 0 survivors (0K)
 Metaspace       used 22911K, capacity 23240K, committed 23984K, reserved 1071104K
  class space    used 2239K, capacity 2360K, committed 2560K, reserved 1048576K
}
Event: 1508.711 GC heap before
{Heap before GC invocations=127 (full 123):
 garbage-first heap   total 524288K, used 14782K [0x0000000700000000, 0x0000000800000000)
  region size 2048K, 5 young (10240K), 0 survivors (0K)
 Metaspace       used 22913K, capacity 23240K, committed 23984K, reserved 1071104K
  class space    used 2239K, capacity 2360K, committed 2560K, reserved 1048576K
}
Event: 1508.720 GC heap after
{Heap after GC invocations=128 (full 124):
 garbage-first heap   total 524288K, used 6807K [0x0000000700000000, 0x0000000800000000)
  region size 2048K, 0 young (0K), 0 survivors (0K)
 Metaspace       used 22913K, capacity 23240K, committed 23984K, reserved 1071104K
  class space    used 2239K, capacity 2360K, committed 2560K, reserved 1048576K
}
Event: 1515.124 GC heap before
{Heap before GC invocations=128 (full 124):
 garbage-first heap   total 524288K, used 33431K [0x0000000700000000, 0x0000000800000000)
  region size 2048K, 14 young (28672K), 0 survivors (0K)
 Metaspace       used 22975K, capacity 23308K, committed 23984K, reserved 1071104K
  class space    used 2239K, capacity 2360K, committed 2560K, reserved 1048576K
}
Event: 1515.133 GC heap after
{Heap after GC invocations=129 (full 125):
 garbage-first heap   total 524288K, used 6834K [0x0000000700000000, 0x0000000800000000)
  region size 2048K, 0 young (0K), 0 survivors (0K)
 Metaspace       used 22975K, capacity 23308K, committed 23984K, reserved 1071104K
  class space    used 2239K, capacity 2360K, committed 2560K, reserved 1048576K
}
Event: 1520.423 GC heap before
{Heap before GC invocations=129 (full 125):
 garbage-first heap   total 524288K, used 23218K [0x0000000700000000, 0x0000000800000000)
  region size 2048K, 10 young (20480K), 0 survivors (0K)
 Metaspace       used 22990K, capacity 23308K, committed 23984K, reserved 1071104K
  class space    used 2239K, capacity 2360K, committed 2560K, reserved 1048576K
}
Event: 1520.433 GC heap after
{Heap after GC invocations=130 (full 126):
 garbage-first heap   total 524288K, used 6890K [0x0000000700000000, 0x0000000800000000)
  region size 2048K, 0 young (0K), 0 survivors (0K)
 Metaspace       used 22990K, capacity 23308K, committed 23984K, reserved 1071104K
  class space    used 2239K, capacity 2360K, committed 2560K, reserved 1048576K
}

