# JRE version: Java(TM) SE Runtime Environment (17.0.1+12) (build 17.0.1+12-LTS-39)
# Java VM: Java HotSpot(TM) 64-Bit Server VM (17.0.1+12-LTS-39, mixed mode, sharing, tiered, compressed oops, compressed class ptrs, g1 gc, windows-amd64)
GC Precious Log:
 CPUs: 12 total, 12 available
 Memory: 8043M
 Large Page Support: Disabled
 NUMA Support: Disabled
 Compressed Oops: Enabled (32-bit)
 Heap Region Size: 1M
 Heap Min Capacity: 8M
 Heap Initial Capacity: 126M
 Heap Max Capacity: 2012M
 Pre-touch: Disabled
 Parallel Workers: 10
 Concurrent Workers: 3
 Concurrent Refinement Workers: 10
 Periodic GC: Disabled
Heap:
 garbage-first heap   total 58368K, used 23144K [0x0000000082400000, 0x0000000100000000)
  region size 1024K, 10 young (10240K), 0 survivors (0K)
 Metaspace       used 18279K, committed 22400K, reserved 1073152K
  class space    used 3058K, committed 4544K, reserved 1048576K
GC Heap History (20 events):
Event: 1.739 GC heap before
{Heap before GC invocations=4 (full 0):
 garbage-first heap   total 129024K, used 86267K [0x0000000082400000, 0x0000000100000000)
  region size 1024K, 75 young (76800K), 10 survivors (10240K)
 Metaspace       used 19121K, committed 20800K, reserved 1073152K
  class space    used 3571K, committed 4352K, reserved 1048576K
}
Event: 1.749 GC heap after
{Heap after GC invocations=5 (full 0):
 garbage-first heap   total 129024K, used 27648K [0x0000000082400000, 0x0000000100000000)
  region size 1024K, 10 young (10240K), 10 survivors (10240K)
 Metaspace       used 19121K, committed 20800K, reserved 1073152K
  class space    used 3571K, committed 4352K, reserved 1048576K
}
Event: 1.863 GC heap before
{Heap before GC invocations=5 (full 0):
 garbage-first heap   total 129024K, used 52224K [0x0000000082400000, 0x0000000100000000)
  region size 1024K, 35 young (35840K), 10 survivors (10240K)
 Metaspace       used 19903K, committed 21504K, reserved 1073152K
  class space    used 3633K, committed 4352K, reserved 1048576K
}
Event: 1.867 GC heap after
{Heap after GC invocations=6 (full 0):
 garbage-first heap   total 188416K, used 23405K [0x0000000082400000, 0x0000000100000000)
  region size 1024K, 2 young (2048K), 2 survivors (2048K)
 Metaspace       used 19903K, committed 21504K, reserved 1073152K
  class space    used 3633K, committed 4352K, reserved 1048576K
}
Event: 18.165 GC heap before
{Heap before GC invocations=7 (full 0):
 garbage-first heap   total 81920K, used 70509K [0x0000000082400000, 0x0000000100000000)
  region size 1024K, 49 young (50176K), 2 survivors (2048K)
 Metaspace       used 20752K, committed 22464K, reserved 1073152K
  class space    used 3706K, committed 4480K, reserved 1048576K
}
Event: 18.168 GC heap after
{Heap after GC invocations=8 (full 0):
 garbage-first heap   total 81920K, used 23658K [0x0000000082400000, 0x0000000100000000)
  region size 1024K, 3 young (3072K), 3 survivors (3072K)
 Metaspace       used 20752K, committed 22464K, reserved 1073152K
  class space    used 3706K, committed 4480K, reserved 1048576K
}
Event: 38.565 GC heap before
{Heap before GC invocations=8 (full 0):
 garbage-first heap   total 81920K, used 60522K [0x0000000082400000, 0x0000000100000000)
  region size 1024K, 39 young (39936K), 3 survivors (3072K)
 Metaspace       used 20760K, committed 22464K, reserved 1073152K
  class space    used 3706K, committed 4480K, reserved 1048576K
}
Event: 38.579 GC heap after
{Heap after GC invocations=9 (full 0):
 garbage-first heap   total 81920K, used 23677K [0x0000000082400000, 0x0000000100000000)
  region size 1024K, 3 young (3072K), 3 survivors (3072K)
 Metaspace       used 20760K, committed 22464K, reserved 1073152K
  class space    used 3706K, committed 4480K, reserved 1048576K
}
Event: 62.732 GC heap before
{Heap before GC invocations=9 (full 0):
 garbage-first heap   total 81920K, used 62589K [0x0000000082400000, 0x0000000100000000)
  region size 1024K, 41 young (41984K), 3 survivors (3072K)
 Metaspace       used 20760K, committed 22464K, reserved 1073152K
  class space    used 3706K, committed 4480K, reserved 1048576K
}
Event: 62.765 GC heap after
{Heap after GC invocations=10 (full 0):
 garbage-first heap   total 81920K, used 23732K [0x0000000082400000, 0x0000000100000000)
  region size 1024K, 3 young (3072K), 3 survivors (3072K)
 Metaspace       used 20760K, committed 22464K, reserved 1073152K
  class space    used 3706K, committed 4480K, reserved 1048576K
}
Event: 89.410 GC heap before
{Heap before GC invocations=10 (full 0):
 garbage-first heap   total 81920K, used 64692K [0x0000000082400000, 0x0000000100000000)
  region size 1024K, 43 young (44032K), 3 survivors (3072K)
 Metaspace       used 20765K, committed 22464K, reserved 1073152K
  class space    used 3706K, committed 4480K, reserved 1048576K
}
Event: 89.416 GC heap after
{Heap after GC invocations=11 (full 0):
 garbage-first heap   total 81920K, used 23644K [0x0000000082400000, 0x0000000100000000)
  region size 1024K, 3 young (3072K), 3 survivors (3072K)
 Metaspace       used 20765K, committed 22464K, reserved 1073152K
  class space    used 3706K, committed 4480K, reserved 1048576K
}
Event: 142.200 GC heap before
{Heap before GC invocations=11 (full 0):
 garbage-first heap   total 81920K, used 66652K [0x0000000082400000, 0x0000000100000000)
  region size 1024K, 45 young (46080K), 3 survivors (3072K)
 Metaspace       used 20782K, committed 22464K, reserved 1073152K
  class space    used 3706K, committed 4480K, reserved 1048576K
}
Event: 142.475 GC heap after
{Heap after GC invocations=12 (full 0):
 garbage-first heap   total 81920K, used 23603K [0x0000000082400000, 0x0000000100000000)
  region size 1024K, 3 young (3072K), 3 survivors (3072K)
 Metaspace       used 20782K, committed 22464K, reserved 1073152K
  class space    used 3706K, committed 4480K, reserved 1048576K
}
Event: 215.583 GC heap before
{Heap before GC invocations=12 (full 0):
 garbage-first heap   total 81920K, used 67635K [0x0000000082400000, 0x0000000100000000)
  region size 1024K, 46 young (47104K), 3 survivors (3072K)
 Metaspace       used 20783K, committed 22464K, reserved 1073152K
  class space    used 3706K, committed 4480K, reserved 1048576K
}
Event: 215.626 GC heap after
{Heap after GC invocations=13 (full 0):
 garbage-first heap   total 81920K, used 23641K [0x0000000082400000, 0x0000000100000000)
  region size 1024K, 3 young (3072K), 3 survivors (3072K)
 Metaspace       used 20783K, committed 22464K, reserved 1073152K
  class space    used 3706K, committed 4480K, reserved 1048576K
}
Event: 299.451 GC heap before
{Heap before GC invocations=13 (full 0):
 garbage-first heap   total 81920K, used 68697K [0x0000000082400000, 0x0000000100000000)
  region size 1024K, 47 young (48128K), 3 survivors (3072K)
 Metaspace       used 20786K, committed 22464K, reserved 1073152K
  class space    used 3706K, committed 4480K, reserved 1048576K
}
Event: 299.484 GC heap after
{Heap after GC invocations=14 (full 0):
 garbage-first heap   total 81920K, used 23601K [0x0000000082400000, 0x0000000100000000)
  region size 1024K, 3 young (3072K), 3 survivors (3072K)
 Metaspace       used 20786K, committed 22464K, reserved 1073152K
  class space    used 3706K, committed 4480K, reserved 1048576K
}
Event: 327.478 GC heap before
{Heap before GC invocations=14 (full 0):
 garbage-first heap   total 81920K, used 37937K [0x0000000082400000, 0x0000000100000000)
  region size 1024K, 18 young (18432K), 3 survivors (3072K)
 Metaspace       used 20820K, committed 22528K, reserved 1073152K
  class space    used 3710K, committed 4544K, reserved 1048576K
}
Event: 329.154 GC heap after
{Heap after GC invocations=15 (full 1):
 garbage-first heap   total 58368K, used 13928K [0x0000000082400000, 0x0000000100000000)
  region size 1024K, 0 young (0K), 0 survivors (0K)
 Metaspace       used 18249K, committed 22400K, reserved 1073152K
  class space    used 3055K, committed 4544K, reserved 1048576K
}

