# JRE version: Java(TM) SE Runtime Environment (17.0.1+12) (build 17.0.1+12-LTS-39)
# Java VM: Java HotSpot(TM) 64-Bit Server VM (17.0.1+12-LTS-39, mixed mode, sharing, tiered, compressed oops, compressed class ptrs, g1 gc, windows-amd64)
GC Precious Log:
 CPUs: 12 total, 12 available
 Memory: 8043M
 Large Page Support: Disabled
 NUMA Support: Disabled
 Compressed Oops: Enabled (32-bit)
 Heap Region Size: 1M
 Heap Min Capacity: 8M
 Heap Initial Capacity: 126M
 Heap Max Capacity: 2012M
 Pre-touch: Disabled
 Parallel Workers: 10
 Concurrent Workers: 3
 Concurrent Refinement Workers: 10
 Periodic GC: Disabled
Heap:
 garbage-first heap   total 37888K, used 26795K [0x0000000082400000, 0x0000000100000000)
  region size 1024K, 17 young (17408K), 0 survivors (0K)
 Metaspace       used 19658K, committed 19968K, reserved 1073152K
  class space    used 2127K, committed 2304K, reserved 1048576K
GC Heap History (20 events):
Event: 325.172 GC heap before
{Heap before GC invocations=47 (full 15):
 garbage-first heap   total 104448K, used 13736K [0x0000000082400000, 0x0000000100000000)
  region size 1024K, 2 young (2048K), 1 survivors (1024K)
 Metaspace       used 19512K, committed 19904K, reserved 1073152K
  class space    used 2124K, committed 2304K, reserved 1048576K
}
Event: 325.188 GC heap after
{Heap after GC invocations=48 (full 16):
 garbage-first heap   total 40960K, used 10814K [0x0000000082400000, 0x0000000100000000)
  region size 1024K, 0 young (0K), 0 survivors (0K)
 Metaspace       used 19512K, committed 19904K, reserved 1073152K
  class space    used 2124K, committed 2304K, reserved 1048576K
}
Event: 355.946 GC heap before
{Heap before GC invocations=48 (full 16):
 garbage-first heap   total 40960K, used 29246K [0x0000000082400000, 0x0000000100000000)
  region size 1024K, 18 young (18432K), 0 survivors (0K)
 Metaspace       used 19519K, committed 19904K, reserved 1073152K
  class space    used 2124K, committed 2304K, reserved 1048576K
}
Event: 355.948 GC heap after
{Heap after GC invocations=49 (full 16):
 garbage-first heap   total 40960K, used 10871K [0x0000000082400000, 0x0000000100000000)
  region size 1024K, 1 young (1024K), 1 survivors (1024K)
 Metaspace       used 19519K, committed 19904K, reserved 1073152K
  class space    used 2124K, committed 2304K, reserved 1048576K
}
Event: 357.310 GC heap before
{Heap before GC invocations=49 (full 16):
 garbage-first heap   total 40960K, used 10871K [0x0000000082400000, 0x0000000100000000)
  region size 1024K, 2 young (2048K), 1 survivors (1024K)
 Metaspace       used 19528K, committed 19904K, reserved 1073152K
  class space    used 2124K, committed 2304K, reserved 1048576K
}
Event: 357.327 GC heap after
{Heap after GC invocations=50 (full 17):
 garbage-first heap   total 37888K, used 10394K [0x0000000082400000, 0x0000000100000000)
  region size 1024K, 0 young (0K), 0 survivors (0K)
 Metaspace       used 19528K, committed 19904K, reserved 1073152K
  class space    used 2124K, committed 2304K, reserved 1048576K
}
Event: 391.535 GC heap before
{Heap before GC invocations=50 (full 17):
 garbage-first heap   total 37888K, used 28826K [0x0000000082400000, 0x0000000100000000)
  region size 1024K, 18 young (18432K), 0 survivors (0K)
 Metaspace       used 19541K, committed 19904K, reserved 1073152K
  class space    used 2124K, committed 2304K, reserved 1048576K
}
Event: 391.537 GC heap after
{Heap after GC invocations=51 (full 17):
 garbage-first heap   total 37888K, used 10425K [0x0000000082400000, 0x0000000100000000)
  region size 1024K, 1 young (1024K), 1 survivors (1024K)
 Metaspace       used 19541K, committed 19904K, reserved 1073152K
  class space    used 2124K, committed 2304K, reserved 1048576K
}
Event: 393.514 GC heap before
{Heap before GC invocations=51 (full 17):
 garbage-first heap   total 37888K, used 11449K [0x0000000082400000, 0x0000000100000000)
  region size 1024K, 3 young (3072K), 1 survivors (1024K)
 Metaspace       used 19541K, committed 19904K, reserved 1073152K
  class space    used 2124K, committed 2304K, reserved 1048576K
}
Event: 393.534 GC heap after
{Heap after GC invocations=52 (full 18):
 garbage-first heap   total 37888K, used 10020K [0x0000000082400000, 0x0000000100000000)
  region size 1024K, 0 young (0K), 0 survivors (0K)
 Metaspace       used 19541K, committed 19904K, reserved 1073152K
  class space    used 2124K, committed 2304K, reserved 1048576K
}
Event: 393.818 GC heap before
{Heap before GC invocations=52 (full 18):
 garbage-first heap   total 37888K, used 28452K [0x0000000082400000, 0x0000000100000000)
  region size 1024K, 18 young (18432K), 0 survivors (0K)
 Metaspace       used 19595K, committed 19904K, reserved 1073152K
  class space    used 2124K, committed 2304K, reserved 1048576K
}
Event: 393.839 GC heap after
{Heap after GC invocations=53 (full 18):
 garbage-first heap   total 37888K, used 13497K [0x0000000082400000, 0x0000000100000000)
  region size 1024K, 3 young (3072K), 3 survivors (3072K)
 Metaspace       used 19595K, committed 19904K, reserved 1073152K
  class space    used 2124K, committed 2304K, reserved 1048576K
}
Event: 417.097 GC heap before
{Heap before GC invocations=53 (full 18):
 garbage-first heap   total 37888K, used 26809K [0x0000000082400000, 0x0000000100000000)
  region size 1024K, 16 young (16384K), 3 survivors (3072K)
 Metaspace       used 19610K, committed 19904K, reserved 1073152K
  class space    used 2124K, committed 2304K, reserved 1048576K
}
Event: 417.103 GC heap after
{Heap after GC invocations=54 (full 18):
 garbage-first heap   total 95232K, used 11830K [0x0000000082400000, 0x0000000100000000)
  region size 1024K, 1 young (1024K), 1 survivors (1024K)
 Metaspace       used 19610K, committed 19904K, reserved 1073152K
  class space    used 2124K, committed 2304K, reserved 1048576K
}
Event: 441.072 GC heap before
{Heap before GC invocations=54 (full 18):
 garbage-first heap   total 95232K, used 22070K [0x0000000082400000, 0x0000000100000000)
  region size 1024K, 12 young (12288K), 1 survivors (1024K)
 Metaspace       used 19611K, committed 19904K, reserved 1073152K
  class space    used 2124K, committed 2304K, reserved 1048576K
}
Event: 441.090 GC heap after
{Heap after GC invocations=55 (full 19):
 garbage-first heap   total 40960K, used 10826K [0x0000000082400000, 0x0000000100000000)
  region size 1024K, 0 young (0K), 0 survivors (0K)
 Metaspace       used 19611K, committed 19904K, reserved 1073152K
  class space    used 2124K, committed 2304K, reserved 1048576K
}
Event: 478.668 GC heap before
{Heap before GC invocations=55 (full 19):
 garbage-first heap   total 40960K, used 30282K [0x0000000082400000, 0x0000000100000000)
  region size 1024K, 19 young (19456K), 0 survivors (0K)
 Metaspace       used 19634K, committed 19968K, reserved 1073152K
  class space    used 2124K, committed 2304K, reserved 1048576K
}
Event: 478.670 GC heap after
{Heap after GC invocations=56 (full 19):
 garbage-first heap   total 40960K, used 10981K [0x0000000082400000, 0x0000000100000000)
  region size 1024K, 1 young (1024K), 1 survivors (1024K)
 Metaspace       used 19634K, committed 19968K, reserved 1073152K
  class space    used 2124K, committed 2304K, reserved 1048576K
}
Event: 480.913 GC heap before
{Heap before GC invocations=56 (full 19):
 garbage-first heap   total 40960K, used 10981K [0x0000000082400000, 0x0000000100000000)
  region size 1024K, 2 young (2048K), 1 survivors (1024K)
 Metaspace       used 19634K, committed 19968K, reserved 1073152K
  class space    used 2124K, committed 2304K, reserved 1048576K
}
Event: 480.930 GC heap after
{Heap after GC invocations=57 (full 20):
 garbage-first heap   total 37888K, used 10411K [0x0000000082400000, 0x0000000100000000)
  region size 1024K, 0 young (0K), 0 survivors (0K)
 Metaspace       used 19634K, committed 19968K, reserved 1073152K
  class space    used 2124K, committed 2304K, reserved 1048576K
}

