# JRE version: OpenJDK Runtime Environment (15.0.2+7) (build 15.0.2+7-27)
# Java VM: OpenJDK 64-Bit Server VM (15.0.2+7-27, mixed mode, tiered, compressed oops, g1 gc, windows-amd64)
GC Precious Log:
 CPUs: 16 total, 16 available
 Memory: 32677M
 Large Page Support: Disabled
 NUMA Support: Disabled
 Compressed Oops: Enabled (Zero based)
 Heap Region Size: 4M
 Heap Min Capacity: 8M
 Heap Initial Capacity: 512M
 Heap Max Capacity: 8172M
 Pre-touch: Disabled
 Parallel Workers: 13
 Concurrent Workers: 3
 Concurrent Refinement Workers: 13
 Periodic GC: Disabled
Heap:
 garbage-first heap   total 524288K, used 157236K [0x0000000601400000, 0x0000000800000000)
  region size 4096K, 38 young (155648K), 1 survivors (4096K)
 Metaspace       used 18774K, capacity 19006K, committed 19200K, reserved 1067008K
  class space    used 1865K, capacity 1977K, committed 2048K, reserved 1048576K
GC Heap History (6 events):
Event: 1.862 GC heap before
{Heap before GC invocations=0 (full 0):
 garbage-first heap   total 524288K, used 24576K [0x0000000601400000, 0x0000000800000000)
  region size 4096K, 6 young (24576K), 0 survivors (0K)
 Metaspace       used 18677K, capacity 18910K, committed 19200K, reserved 1067008K
  class space    used 1856K, capacity 1945K, committed 2048K, reserved 1048576K
}
Event: 1.865 GC heap after
{Heap after GC invocations=1 (full 0):
 garbage-first heap   total 524288K, used 5455K [0x0000000601400000, 0x0000000800000000)
  region size 4096K, 1 young (4096K), 1 survivors (4096K)
 Metaspace       used 18677K, capacity 18910K, committed 19200K, reserved 1067008K
  class space    used 1856K, capacity 1945K, committed 2048K, reserved 1048576K
}
Event: 4.222 GC heap before
{Heap before GC invocations=1 (full 0):
 garbage-first heap   total 524288K, used 25935K [0x0000000601400000, 0x0000000800000000)
  region size 4096K, 6 young (24576K), 1 survivors (4096K)
 Metaspace       used 18720K, capacity 18974K, committed 19200K, reserved 1067008K
  class space    used 1859K, capacity 1945K, committed 2048K, reserved 1048576K
}
Event: 4.224 GC heap after
{Heap after GC invocations=2 (full 0):
 garbage-first heap   total 524288K, used 7998K [0x0000000601400000, 0x0000000800000000)
  region size 4096K, 1 young (4096K), 1 survivors (4096K)
 Metaspace       used 18720K, capacity 18974K, committed 19200K, reserved 1067008K
  class space    used 1859K, capacity 1945K, committed 2048K, reserved 1048576K
}
Event: 17.537 GC heap before
{Heap before GC invocations=2 (full 0):
 garbage-first heap   total 524288K, used 106302K [0x0000000601400000, 0x0000000800000000)
  region size 4096K, 25 young (102400K), 1 survivors (4096K)
 Metaspace       used 18720K, capacity 18974K, committed 19200K, reserved 1067008K
  class space    used 1859K, capacity 1945K, committed 2048K, reserved 1048576K
}
Event: 17.538 GC heap after
{Heap after GC invocations=3 (full 0):
 garbage-first heap   total 524288K, used 9780K [0x0000000601400000, 0x0000000800000000)
  region size 4096K, 1 young (4096K), 1 survivors (4096K)
 Metaspace       used 18720K, capacity 18974K, committed 19200K, reserved 1067008K
  class space    used 1859K, capacity 1945K, committed 2048K, reserved 1048576K
}

