# JRE version: Java(TM) SE Runtime Environment (17.0.1+12) (build 17.0.1+12-LTS-39)
# Java VM: Java HotSpot(TM) 64-Bit Server VM (17.0.1+12-LTS-39, mixed mode, sharing, tiered, compressed oops, compressed class ptrs, g1 gc, windows-amd64)
GC Precious Log:
 CPUs: 12 total, 12 available
 Memory: 8043M
 Large Page Support: Disabled
 NUMA Support: Disabled
 Compressed Oops: Enabled (32-bit)
 Heap Region Size: 1M
 Heap Min Capacity: 8M
 Heap Initial Capacity: 126M
 Heap Max Capacity: 2012M
 Pre-touch: Disabled
 Parallel Workers: 10
 Concurrent Workers: 3
 Concurrent Refinement Workers: 10
 Periodic GC: Disabled
Heap:
 garbage-first heap   total 27648K, used 13040K [0x0000000082400000, 0x0000000100000000)
  region size 1024K, 6 young (6144K), 1 survivors (1024K)
 Metaspace       used 13857K, committed 14144K, reserved 1064960K
  class space    used 1496K, committed 1664K, reserved 1048576K
GC Heap History (20 events):
Event: 841.202 GC heap before
{Heap before GC invocations=41 (full 6):
 garbage-first heap   total 20480K, used 13855K [0x0000000082400000, 0x0000000100000000)
  region size 1024K, 9 young (9216K), 0 survivors (0K)
 Metaspace       used 13769K, committed 14080K, reserved 1064960K
  class space    used 1491K, committed 1664K, reserved 1048576K
}
Event: 841.204 GC heap after
{Heap after GC invocations=42 (full 6):
 garbage-first heap   total 20480K, used 7591K [0x0000000082400000, 0x0000000100000000)
  region size 1024K, 2 young (2048K), 2 survivors (2048K)
 Metaspace       used 13769K, committed 14080K, reserved 1064960K
  class space    used 1491K, committed 1664K, reserved 1048576K
}
Event: 841.209 GC heap before
{Heap before GC invocations=42 (full 6):
 garbage-first heap   total 20480K, used 13735K [0x0000000082400000, 0x0000000100000000)
  region size 1024K, 8 young (8192K), 2 survivors (2048K)
 Metaspace       used 13770K, committed 14080K, reserved 1064960K
  class space    used 1491K, committed 1664K, reserved 1048576K
}
Event: 841.215 GC heap after
{Heap after GC invocations=43 (full 6):
 garbage-first heap   total 20480K, used 8902K [0x0000000082400000, 0x0000000100000000)
  region size 1024K, 1 young (1024K), 1 survivors (1024K)
 Metaspace       used 13770K, committed 14080K, reserved 1064960K
  class space    used 1491K, committed 1664K, reserved 1048576K
}
Event: 843.130 GC heap before
{Heap before GC invocations=43 (full 6):
 garbage-first heap   total 20480K, used 14022K [0x0000000082400000, 0x0000000100000000)
  region size 1024K, 6 young (6144K), 1 survivors (1024K)
 Metaspace       used 13770K, committed 14080K, reserved 1064960K
  class space    used 1491K, committed 1664K, reserved 1048576K
}
Event: 843.131 GC heap after
{Heap after GC invocations=44 (full 6):
 garbage-first heap   total 20480K, used 9371K [0x0000000082400000, 0x0000000100000000)
  region size 1024K, 1 young (1024K), 1 survivors (1024K)
 Metaspace       used 13770K, committed 14080K, reserved 1064960K
  class space    used 1491K, committed 1664K, reserved 1048576K
}
Event: 850.338 GC heap before
{Heap before GC invocations=44 (full 6):
 garbage-first heap   total 20480K, used 13467K [0x0000000082400000, 0x0000000100000000)
  region size 1024K, 5 young (5120K), 1 survivors (1024K)
 Metaspace       used 13770K, committed 14080K, reserved 1064960K
  class space    used 1491K, committed 1664K, reserved 1048576K
}
Event: 850.342 GC heap after
{Heap after GC invocations=45 (full 6):
 garbage-first heap   total 20480K, used 9222K [0x0000000082400000, 0x0000000100000000)
  region size 1024K, 1 young (1024K), 1 survivors (1024K)
 Metaspace       used 13770K, committed 14080K, reserved 1064960K
  class space    used 1491K, committed 1664K, reserved 1048576K
}
Event: 860.015 GC heap before
{Heap before GC invocations=46 (full 6):
 garbage-first heap   total 20480K, used 14342K [0x0000000082400000, 0x0000000100000000)
  region size 1024K, 6 young (6144K), 1 survivors (1024K)
 Metaspace       used 13770K, committed 14080K, reserved 1064960K
  class space    used 1491K, committed 1664K, reserved 1048576K
}
Event: 860.017 GC heap after
{Heap after GC invocations=47 (full 6):
 garbage-first heap   total 74752K, used 9184K [0x0000000082400000, 0x0000000100000000)
  region size 1024K, 1 young (1024K), 1 survivors (1024K)
 Metaspace       used 13770K, committed 14080K, reserved 1064960K
  class space    used 1491K, committed 1664K, reserved 1048576K
}
Event: 942.912 GC heap before
{Heap before GC invocations=47 (full 6):
 garbage-first heap   total 74752K, used 38880K [0x0000000082400000, 0x0000000100000000)
  region size 1024K, 31 young (31744K), 1 survivors (1024K)
 Metaspace       used 13770K, committed 14080K, reserved 1064960K
  class space    used 1491K, committed 1664K, reserved 1048576K
}
Event: 942.934 GC heap after
{Heap after GC invocations=48 (full 7):
 garbage-first heap   total 27648K, used 6738K [0x0000000082400000, 0x0000000100000000)
  region size 1024K, 0 young (0K), 0 survivors (0K)
 Metaspace       used 13770K, committed 14080K, reserved 1064960K
  class space    used 1491K, committed 1664K, reserved 1048576K
}
Event: 943.543 GC heap before
{Heap before GC invocations=48 (full 7):
 garbage-first heap   total 27648K, used 20050K [0x0000000082400000, 0x0000000100000000)
  region size 1024K, 13 young (13312K), 0 survivors (0K)
 Metaspace       used 13818K, committed 14144K, reserved 1064960K
  class space    used 1491K, committed 1664K, reserved 1048576K
}
Event: 943.555 GC heap after
{Heap after GC invocations=49 (full 7):
 garbage-first heap   total 27648K, used 9884K [0x0000000082400000, 0x0000000100000000)
  region size 1024K, 2 young (2048K), 2 survivors (2048K)
 Metaspace       used 13818K, committed 14144K, reserved 1064960K
  class space    used 1491K, committed 1664K, reserved 1048576K
}
Event: 952.314 GC heap before
{Heap before GC invocations=49 (full 7):
 garbage-first heap   total 27648K, used 18076K [0x0000000082400000, 0x0000000100000000)
  region size 1024K, 10 young (10240K), 2 survivors (2048K)
 Metaspace       used 13818K, committed 14144K, reserved 1064960K
  class space    used 1491K, committed 1664K, reserved 1048576K
}
Event: 952.573 GC heap after
{Heap after GC invocations=50 (full 7):
 garbage-first heap   total 27648K, used 9138K [0x0000000082400000, 0x0000000100000000)
  region size 1024K, 1 young (1024K), 1 survivors (1024K)
 Metaspace       used 13818K, committed 14144K, reserved 1064960K
  class space    used 1491K, committed 1664K, reserved 1048576K
}
Event: 979.712 GC heap before
{Heap before GC invocations=50 (full 7):
 garbage-first heap   total 27648K, used 16306K [0x0000000082400000, 0x0000000100000000)
  region size 1024K, 8 young (8192K), 1 survivors (1024K)
 Metaspace       used 13818K, committed 14144K, reserved 1064960K
  class space    used 1491K, committed 1664K, reserved 1048576K
}
Event: 979.714 GC heap after
{Heap after GC invocations=51 (full 7):
 garbage-first heap   total 27648K, used 8965K [0x0000000082400000, 0x0000000100000000)
  region size 1024K, 1 young (1024K), 1 survivors (1024K)
 Metaspace       used 13818K, committed 14144K, reserved 1064960K
  class space    used 1491K, committed 1664K, reserved 1048576K
}
Event: 1018.593 GC heap before
{Heap before GC invocations=51 (full 7):
 garbage-first heap   total 27648K, used 19205K [0x0000000082400000, 0x0000000100000000)
  region size 1024K, 11 young (11264K), 1 survivors (1024K)
 Metaspace       used 13818K, committed 14144K, reserved 1064960K
  class space    used 1491K, committed 1664K, reserved 1048576K
}
Event: 1018.594 GC heap after
{Heap after GC invocations=52 (full 7):
 garbage-first heap   total 27648K, used 8944K [0x0000000082400000, 0x0000000100000000)
  region size 1024K, 1 young (1024K), 1 survivors (1024K)
 Metaspace       used 13818K, committed 14144K, reserved 1064960K
  class space    used 1491K, committed 1664K, reserved 1048576K
}

