# JRE version: OpenJDK Runtime Environment (15.0.2+7) (build 15.0.2+7-27)
# Java VM: OpenJDK 64-Bit Server VM (15.0.2+7-27, mixed mode, tiered, compressed oops, g1 gc, windows-amd64)
GC Precious Log:
 CPUs: 16 total, 16 available
 Memory: 32677M
 Large Page Support: Disabled
 NUMA Support: Disabled
 Compressed Oops: Enabled (Zero based)
 Heap Region Size: 2M
 Heap Min Capacity: 512M
 Heap Initial Capacity: 512M
 Heap Max Capacity: 4G
 Pre-touch: Disabled
 Parallel Workers: 13
 Concurrent Workers: 3
 Concurrent Refinement Workers: 13
 Periodic GC: Disabled
Heap:
 garbage-first heap   total 524288K, used 29496K [0x0000000700000000, 0x0000000800000000)
  region size 2048K, 12 young (24576K), 0 survivors (0K)
 Metaspace       used 23002K, capacity 23269K, committed 23984K, reserved 1071104K
  class space    used 2231K, capacity 2326K, committed 2560K, reserved 1048576K
GC Heap History (20 events):
Event: 1503.982 GC heap before
{Heap before GC invocations=121 (full 117):
 garbage-first heap   total 524288K, used 22740K [0x0000000700000000, 0x0000000800000000)
  region size 2048K, 9 young (18432K), 0 survivors (0K)
 Metaspace       used 22874K, capacity 23196K, committed 23728K, reserved 1071104K
  class space    used 2231K, capacity 2326K, committed 2560K, reserved 1048576K
}
Event: 1503.990 GC heap after
{Heap after GC invocations=122 (full 118):
 garbage-first heap   total 524288K, used 6364K [0x0000000700000000, 0x0000000800000000)
  region size 2048K, 0 young (0K), 0 survivors (0K)
 Metaspace       used 22874K, capacity 23196K, committed 23728K, reserved 1071104K
  class space    used 2231K, capacity 2326K, committed 2560K, reserved 1048576K
}
Event: 1505.824 GC heap before
{Heap before GC invocations=122 (full 118):
 garbage-first heap   total 524288K, used 14556K [0x0000000700000000, 0x0000000800000000)
  region size 2048K, 5 young (10240K), 0 survivors (0K)
 Metaspace       used 22874K, capacity 23196K, committed 23728K, reserved 1071104K
  class space    used 2231K, capacity 2326K, committed 2560K, reserved 1048576K
}
Event: 1505.833 GC heap after
{Heap after GC invocations=123 (full 119):
 garbage-first heap   total 524288K, used 6595K [0x0000000700000000, 0x0000000800000000)
  region size 2048K, 0 young (0K), 0 survivors (0K)
 Metaspace       used 22874K, capacity 23196K, committed 23728K, reserved 1071104K
  class space    used 2231K, capacity 2326K, committed 2560K, reserved 1048576K
}
Event: 1506.518 GC heap before
{Heap before GC invocations=123 (full 119):
 garbage-first heap   total 524288K, used 18883K [0x0000000700000000, 0x0000000800000000)
  region size 2048K, 7 young (14336K), 0 survivors (0K)
 Metaspace       used 22881K, capacity 23196K, committed 23728K, reserved 1071104K
  class space    used 2231K, capacity 2326K, committed 2560K, reserved 1048576K
}
Event: 1506.526 GC heap after
{Heap after GC invocations=124 (full 120):
 garbage-first heap   total 524288K, used 6582K [0x0000000700000000, 0x0000000800000000)
  region size 2048K, 0 young (0K), 0 survivors (0K)
 Metaspace       used 22881K, capacity 23196K, committed 23728K, reserved 1071104K
  class space    used 2231K, capacity 2326K, committed 2560K, reserved 1048576K
}
Event: 1507.137 GC heap before
{Heap before GC invocations=124 (full 120):
 garbage-first heap   total 524288K, used 14774K [0x0000000700000000, 0x0000000800000000)
  region size 2048K, 5 young (10240K), 0 survivors (0K)
 Metaspace       used 22884K, capacity 23200K, committed 23728K, reserved 1071104K
  class space    used 2231K, capacity 2326K, committed 2560K, reserved 1048576K
}
Event: 1507.146 GC heap after
{Heap after GC invocations=125 (full 121):
 garbage-first heap   total 524288K, used 6541K [0x0000000700000000, 0x0000000800000000)
  region size 2048K, 0 young (0K), 0 survivors (0K)
 Metaspace       used 22884K, capacity 23200K, committed 23728K, reserved 1071104K
  class space    used 2231K, capacity 2326K, committed 2560K, reserved 1048576K
}
Event: 1507.250 GC heap before
{Heap before GC invocations=125 (full 121):
 garbage-first heap   total 524288K, used 12685K [0x0000000700000000, 0x0000000800000000)
  region size 2048K, 4 young (8192K), 0 survivors (0K)
 Metaspace       used 22894K, capacity 23200K, committed 23728K, reserved 1071104K
  class space    used 2231K, capacity 2326K, committed 2560K, reserved 1048576K
}
Event: 1507.259 GC heap after
{Heap after GC invocations=126 (full 122):
 garbage-first heap   total 524288K, used 6504K [0x0000000700000000, 0x0000000800000000)
  region size 2048K, 0 young (0K), 0 survivors (0K)
 Metaspace       used 22894K, capacity 23200K, committed 23728K, reserved 1071104K
  class space    used 2231K, capacity 2326K, committed 2560K, reserved 1048576K
}
Event: 1509.798 GC heap before
{Heap before GC invocations=126 (full 122):
 garbage-first heap   total 524288K, used 29032K [0x0000000700000000, 0x0000000800000000)
  region size 2048K, 12 young (24576K), 0 survivors (0K)
 Metaspace       used 22896K, capacity 23200K, committed 23728K, reserved 1071104K
  class space    used 2231K, capacity 2326K, committed 2560K, reserved 1048576K
}
Event: 1509.806 GC heap after
{Heap after GC invocations=127 (full 123):
 garbage-first heap   total 524288K, used 6501K [0x0000000700000000, 0x0000000800000000)
  region size 2048K, 0 young (0K), 0 survivors (0K)
 Metaspace       used 22896K, capacity 23200K, committed 23728K, reserved 1071104K
  class space    used 2231K, capacity 2326K, committed 2560K, reserved 1048576K
}
Event: 1510.032 GC heap before
{Heap before GC invocations=127 (full 123):
 garbage-first heap   total 524288K, used 12645K [0x0000000700000000, 0x0000000800000000)
  region size 2048K, 4 young (8192K), 0 survivors (0K)
 Metaspace       used 22898K, capacity 23200K, committed 23728K, reserved 1071104K
  class space    used 2231K, capacity 2326K, committed 2560K, reserved 1048576K
}
Event: 1510.041 GC heap after
{Heap after GC invocations=128 (full 124):
 garbage-first heap   total 524288K, used 6692K [0x0000000700000000, 0x0000000800000000)
  region size 2048K, 0 young (0K), 0 survivors (0K)
 Metaspace       used 22898K, capacity 23200K, committed 23728K, reserved 1071104K
  class space    used 2231K, capacity 2326K, committed 2560K, reserved 1048576K
}
Event: 1512.020 GC heap before
{Heap before GC invocations=128 (full 124):
 garbage-first heap   total 524288K, used 18980K [0x0000000700000000, 0x0000000800000000)
  region size 2048K, 7 young (14336K), 0 survivors (0K)
 Metaspace       used 22957K, capacity 23264K, committed 23984K, reserved 1071104K
  class space    used 2231K, capacity 2326K, committed 2560K, reserved 1048576K
}
Event: 1512.028 GC heap after
{Heap after GC invocations=129 (full 125):
 garbage-first heap   total 524288K, used 6911K [0x0000000700000000, 0x0000000800000000)
  region size 2048K, 0 young (0K), 0 survivors (0K)
 Metaspace       used 22957K, capacity 23264K, committed 23984K, reserved 1071104K
  class space    used 2231K, capacity 2326K, committed 2560K, reserved 1048576K
}
Event: 1518.843 GC heap before
{Heap before GC invocations=129 (full 125):
 garbage-first heap   total 524288K, used 39679K [0x0000000700000000, 0x0000000800000000)
  region size 2048K, 17 young (34816K), 0 survivors (0K)
 Metaspace       used 22992K, capacity 23269K, committed 23984K, reserved 1071104K
  class space    used 2231K, capacity 2326K, committed 2560K, reserved 1048576K
}
Event: 1518.851 GC heap after
{Heap after GC invocations=130 (full 126):
 garbage-first heap   total 524288K, used 6818K [0x0000000700000000, 0x0000000800000000)
  region size 2048K, 0 young (0K), 0 survivors (0K)
 Metaspace       used 22992K, capacity 23269K, committed 23984K, reserved 1071104K
  class space    used 2231K, capacity 2326K, committed 2560K, reserved 1048576K
}
Event: 1519.239 GC heap before
{Heap before GC invocations=130 (full 126):
 garbage-first heap   total 524288K, used 15010K [0x0000000700000000, 0x0000000800000000)
  region size 2048K, 5 young (10240K), 0 survivors (0K)
 Metaspace       used 22993K, capacity 23269K, committed 23984K, reserved 1071104K
  class space    used 2231K, capacity 2326K, committed 2560K, reserved 1048576K
}
Event: 1519.247 GC heap after
{Heap after GC invocations=131 (full 127):
 garbage-first heap   total 524288K, used 6968K [0x0000000700000000, 0x0000000800000000)
  region size 2048K, 0 young (0K), 0 survivors (0K)
 Metaspace       used 22993K, capacity 23269K, committed 23984K, reserved 1071104K
  class space    used 2231K, capacity 2326K, committed 2560K, reserved 1048576K
}

