# JRE version: Java(TM) SE Runtime Environment (17.0.1+12) (build 17.0.1+12-LTS-39)
# Java VM: Java HotSpot(TM) 64-Bit Server VM (17.0.1+12-LTS-39, mixed mode, sharing, tiered, compressed oops, compressed class ptrs, g1 gc, windows-amd64)
GC Precious Log:
 CPUs: 12 total, 12 available
 Memory: 8043M
 Large Page Support: Disabled
 NUMA Support: Disabled
 Compressed Oops: Enabled (32-bit)
 Heap Region Size: 1M
 Heap Min Capacity: 8M
 Heap Initial Capacity: 126M
 Heap Max Capacity: 2012M
 Pre-touch: Disabled
 Parallel Workers: 10
 Concurrent Workers: 3
 Concurrent Refinement Workers: 10
 Periodic GC: Disabled
Heap:
 garbage-first heap   total 45056K, used 18485K [0x0000000082400000, 0x0000000100000000)
  region size 1024K, 7 young (7168K), 1 survivors (1024K)
 Metaspace       used 23432K, committed 24704K, reserved 1073152K
  class space    used 3620K, committed 4544K, reserved 1048576K
GC Heap History (20 events):
Event: 1.863 GC heap before
{Heap before GC invocations=4 (full 0):
 garbage-first heap   total 129024K, used 57236K [0x0000000082400000, 0x0000000100000000)
  region size 1024K, 48 young (49152K), 10 survivors (10240K)
 Metaspace       used 19902K, committed 21504K, reserved 1073152K
  class space    used 3595K, committed 4352K, reserved 1048576K
}
Event: 1.870 GC heap after
{Heap after GC invocations=5 (full 0):
 garbage-first heap   total 129024K, used 21091K [0x0000000082400000, 0x0000000100000000)
  region size 1024K, 4 young (4096K), 4 survivors (4096K)
 Metaspace       used 19902K, committed 21504K, reserved 1073152K
  class space    used 3595K, committed 4352K, reserved 1048576K
}
Event: 6.090 GC heap before
{Heap before GC invocations=6 (full 0):
 garbage-first heap   total 75776K, used 62051K [0x0000000082400000, 0x0000000100000000)
  region size 1024K, 45 young (46080K), 4 survivors (4096K)
 Metaspace       used 20561K, committed 22144K, reserved 1073152K
  class space    used 3649K, committed 4416K, reserved 1048576K
}
Event: 6.096 GC heap after
{Heap after GC invocations=7 (full 0):
 garbage-first heap   total 91136K, used 23499K [0x0000000082400000, 0x0000000100000000)
  region size 1024K, 7 young (7168K), 7 survivors (7168K)
 Metaspace       used 20561K, committed 22144K, reserved 1073152K
  class space    used 3649K, committed 4416K, reserved 1048576K
}
Event: 34.931 GC heap before
{Heap before GC invocations=7 (full 0):
 garbage-first heap   total 91136K, used 66507K [0x0000000082400000, 0x0000000100000000)
  region size 1024K, 49 young (50176K), 7 survivors (7168K)
 Metaspace       used 20571K, committed 22144K, reserved 1073152K
  class space    used 3649K, committed 4416K, reserved 1048576K
}
Event: 35.087 GC heap after
{Heap after GC invocations=8 (full 0):
 garbage-first heap   total 91136K, used 26220K [0x0000000082400000, 0x0000000100000000)
  region size 1024K, 6 young (6144K), 6 survivors (6144K)
 Metaspace       used 20571K, committed 22144K, reserved 1073152K
  class space    used 3649K, committed 4416K, reserved 1048576K
}
Event: 50.126 GC heap before
{Heap before GC invocations=8 (full 0):
 garbage-first heap   total 91136K, used 49772K [0x0000000082400000, 0x0000000100000000)
  region size 1024K, 30 young (30720K), 6 survivors (6144K)
 Metaspace       used 20573K, committed 22144K, reserved 1073152K
  class space    used 3649K, committed 4416K, reserved 1048576K
}
Event: 51.413 GC heap after
{Heap after GC invocations=9 (full 1):
 garbage-first heap   total 45056K, used 11109K [0x0000000082400000, 0x0000000100000000)
  region size 1024K, 0 young (0K), 0 survivors (0K)
 Metaspace       used 18117K, committed 22144K, reserved 1073152K
  class space    used 3030K, committed 4416K, reserved 1048576K
}
Event: 185.512 GC heap before
{Heap before GC invocations=9 (full 1):
 garbage-first heap   total 45056K, used 31589K [0x0000000082400000, 0x0000000100000000)
  region size 1024K, 20 young (20480K), 0 survivors (0K)
 Metaspace       used 18133K, committed 22144K, reserved 1073152K
  class space    used 3031K, committed 4416K, reserved 1048576K
}
Event: 185.525 GC heap after
{Heap after GC invocations=10 (full 1):
 garbage-first heap   total 45056K, used 12122K [0x0000000082400000, 0x0000000100000000)
  region size 1024K, 1 young (1024K), 1 survivors (1024K)
 Metaspace       used 18133K, committed 22144K, reserved 1073152K
  class space    used 3031K, committed 4416K, reserved 1048576K
}
Event: 214.469 GC heap before
{Heap before GC invocations=10 (full 1):
 garbage-first heap   total 45056K, used 32602K [0x0000000082400000, 0x0000000100000000)
  region size 1024K, 21 young (21504K), 1 survivors (1024K)
 Metaspace       used 22961K, committed 24256K, reserved 1073152K
  class space    used 3612K, committed 4544K, reserved 1048576K
}
Event: 214.474 GC heap after
{Heap after GC invocations=11 (full 1):
 garbage-first heap   total 45056K, used 13502K [0x0000000082400000, 0x0000000100000000)
  region size 1024K, 3 young (3072K), 3 survivors (3072K)
 Metaspace       used 22961K, committed 24256K, reserved 1073152K
  class space    used 3612K, committed 4544K, reserved 1048576K
}
Event: 268.488 GC heap before
{Heap before GC invocations=11 (full 1):
 garbage-first heap   total 45056K, used 31934K [0x0000000082400000, 0x0000000100000000)
  region size 1024K, 21 young (21504K), 3 survivors (3072K)
 Metaspace       used 23362K, committed 24640K, reserved 1073152K
  class space    used 3619K, committed 4544K, reserved 1048576K
}
Event: 268.533 GC heap after
{Heap after GC invocations=12 (full 1):
 garbage-first heap   total 45056K, used 13676K [0x0000000082400000, 0x0000000100000000)
  region size 1024K, 1 young (1024K), 1 survivors (1024K)
 Metaspace       used 23362K, committed 24640K, reserved 1073152K
  class space    used 3619K, committed 4544K, reserved 1048576K
}
Event: 326.195 GC heap before
{Heap before GC invocations=12 (full 1):
 garbage-first heap   total 45056K, used 32108K [0x0000000082400000, 0x0000000100000000)
  region size 1024K, 19 young (19456K), 1 survivors (1024K)
 Metaspace       used 23399K, committed 24640K, reserved 1073152K
  class space    used 3619K, committed 4544K, reserved 1048576K
}
Event: 326.197 GC heap after
{Heap after GC invocations=13 (full 1):
 garbage-first heap   total 45056K, used 13396K [0x0000000082400000, 0x0000000100000000)
  region size 1024K, 1 young (1024K), 1 survivors (1024K)
 Metaspace       used 23399K, committed 24640K, reserved 1073152K
  class space    used 3619K, committed 4544K, reserved 1048576K
}
Event: 379.339 GC heap before
{Heap before GC invocations=13 (full 1):
 garbage-first heap   total 45056K, used 32852K [0x0000000082400000, 0x0000000100000000)
  region size 1024K, 20 young (20480K), 1 survivors (1024K)
 Metaspace       used 23408K, committed 24640K, reserved 1073152K
  class space    used 3620K, committed 4544K, reserved 1048576K
}
Event: 379.341 GC heap after
{Heap after GC invocations=14 (full 1):
 garbage-first heap   total 45056K, used 13349K [0x0000000082400000, 0x0000000100000000)
  region size 1024K, 1 young (1024K), 1 survivors (1024K)
 Metaspace       used 23408K, committed 24640K, reserved 1073152K
  class space    used 3620K, committed 4544K, reserved 1048576K
}
Event: 441.644 GC heap before
{Heap before GC invocations=14 (full 1):
 garbage-first heap   total 45056K, used 32805K [0x0000000082400000, 0x0000000100000000)
  region size 1024K, 20 young (20480K), 1 survivors (1024K)
 Metaspace       used 23419K, committed 24704K, reserved 1073152K
  class space    used 3620K, committed 4544K, reserved 1048576K
}
Event: 441.746 GC heap after
{Heap after GC invocations=15 (full 1):
 garbage-first heap   total 45056K, used 13365K [0x0000000082400000, 0x0000000100000000)
  region size 1024K, 1 young (1024K), 1 survivors (1024K)
 Metaspace       used 23419K, committed 24704K, reserved 1073152K
  class space    used 3620K, committed 4544K, reserved 1048576K
}

