# JRE version: Java(TM) SE Runtime Environment (17.0.1+12) (build 17.0.1+12-LTS-39)
# Java VM: Java HotSpot(TM) 64-Bit Server VM (17.0.1+12-LTS-39, mixed mode, sharing, tiered, compressed oops, compressed class ptrs, g1 gc, windows-amd64)
GC Precious Log:
 CPUs: 12 total, 12 available
 Memory: 8043M
 Large Page Support: Disabled
 NUMA Support: Disabled
 Compressed Oops: Enabled (32-bit)
 Heap Region Size: 1M
 Heap Min Capacity: 8M
 Heap Initial Capacity: 126M
 Heap Max Capacity: 2012M
 Pre-touch: Disabled
 Parallel Workers: 10
 Concurrent Workers: 3
 Concurrent Refinement Workers: 10
 Periodic GC: Disabled
Heap:
 garbage-first heap   total 45056K, used 29300K [0x0000000082400000, 0x0000000100000000)
  region size 1024K, 20 young (20480K), 3 survivors (3072K)
 Metaspace       used 22996K, committed 24000K, reserved 1073152K
  class space    used 3450K, committed 4224K, reserved 1048576K
GC Heap History (20 events):
Event: 102.894 GC heap before
{Heap before GC invocations=13 (full 0):
 garbage-first heap   total 61440K, used 15750K [0x0000000082400000, 0x0000000100000000)
  region size 1024K, 3 young (3072K), 1 survivors (1024K)
 Metaspace       used 19802K, committed 21632K, reserved 1073152K
  class space    used 3396K, committed 4224K, reserved 1048576K
}
Event: 105.189 GC heap after
{Heap after GC invocations=14 (full 0):
 garbage-first heap   total 141312K, used 13719K [0x0000000082400000, 0x0000000100000000)
  region size 1024K, 1 young (1024K), 1 survivors (1024K)
 Metaspace       used 19802K, committed 21632K, reserved 1073152K
  class space    used 3396K, committed 4224K, reserved 1048576K
}
Event: 113.176 GC heap before
{Heap before GC invocations=14 (full 0):
 garbage-first heap   total 141312K, used 18839K [0x0000000082400000, 0x0000000100000000)
  region size 1024K, 6 young (6144K), 1 survivors (1024K)
 Metaspace       used 19803K, committed 21632K, reserved 1073152K
  class space    used 3396K, committed 4224K, reserved 1048576K
}
Event: 113.404 GC heap after
{Heap after GC invocations=15 (full 0):
 garbage-first heap   total 141312K, used 13780K [0x0000000082400000, 0x0000000100000000)
  region size 1024K, 1 young (1024K), 1 survivors (1024K)
 Metaspace       used 19803K, committed 21632K, reserved 1073152K
  class space    used 3396K, committed 4224K, reserved 1048576K
}
Event: 131.679 GC heap before
{Heap before GC invocations=15 (full 0):
 garbage-first heap   total 141312K, used 18900K [0x0000000082400000, 0x0000000100000000)
  region size 1024K, 6 young (6144K), 1 survivors (1024K)
 Metaspace       used 19803K, committed 21632K, reserved 1073152K
  class space    used 3396K, committed 4224K, reserved 1048576K
}
Event: 133.157 GC heap after
{Heap after GC invocations=16 (full 0):
 garbage-first heap   total 141312K, used 13951K [0x0000000082400000, 0x0000000100000000)
  region size 1024K, 1 young (1024K), 1 survivors (1024K)
 Metaspace       used 19803K, committed 21632K, reserved 1073152K
  class space    used 3396K, committed 4224K, reserved 1048576K
}
Event: 290.016 GC heap before
{Heap before GC invocations=16 (full 0):
 garbage-first heap   total 141312K, used 15999K [0x0000000082400000, 0x0000000100000000)
  region size 1024K, 4 young (4096K), 1 survivors (1024K)
 Metaspace       used 19808K, committed 21632K, reserved 1073152K
  class space    used 3398K, committed 4224K, reserved 1048576K
}
Event: 290.334 GC heap after
{Heap after GC invocations=17 (full 1):
 garbage-first heap   total 45056K, used 10590K [0x0000000082400000, 0x0000000100000000)
  region size 1024K, 0 young (0K), 0 survivors (0K)
 Metaspace       used 17664K, committed 21632K, reserved 1073152K
  class space    used 2857K, committed 4224K, reserved 1048576K
}
Event: 294.583 GC heap before
{Heap before GC invocations=17 (full 1):
 garbage-first heap   total 45056K, used 12638K [0x0000000082400000, 0x0000000100000000)
  region size 1024K, 2 young (2048K), 0 survivors (0K)
 Metaspace       used 17675K, committed 21696K, reserved 1073152K
  class space    used 2858K, committed 4224K, reserved 1048576K
}
Event: 294.587 GC heap after
{Heap after GC invocations=18 (full 1):
 garbage-first heap   total 45056K, used 10863K [0x0000000082400000, 0x0000000100000000)
  region size 1024K, 1 young (1024K), 1 survivors (1024K)
 Metaspace       used 17675K, committed 21696K, reserved 1073152K
  class space    used 2858K, committed 4224K, reserved 1048576K
}
Event: 298.482 GC heap before
{Heap before GC invocations=18 (full 1):
 garbage-first heap   total 45056K, used 11887K [0x0000000082400000, 0x0000000100000000)
  region size 1024K, 2 young (2048K), 1 survivors (1024K)
 Metaspace       used 17675K, committed 21696K, reserved 1073152K
  class space    used 2858K, committed 4224K, reserved 1048576K
}
Event: 298.483 GC heap after
{Heap after GC invocations=19 (full 1):
 garbage-first heap   total 45056K, used 10863K [0x0000000082400000, 0x0000000100000000)
  region size 1024K, 1 young (1024K), 1 survivors (1024K)
 Metaspace       used 17675K, committed 21696K, reserved 1073152K
  class space    used 2858K, committed 4224K, reserved 1048576K
}
Event: 302.537 GC heap before
{Heap before GC invocations=19 (full 1):
 garbage-first heap   total 45056K, used 11887K [0x0000000082400000, 0x0000000100000000)
  region size 1024K, 2 young (2048K), 1 survivors (1024K)
 Metaspace       used 17677K, committed 21696K, reserved 1073152K
  class space    used 2858K, committed 4224K, reserved 1048576K
}
Event: 302.539 GC heap after
{Heap after GC invocations=20 (full 1):
 garbage-first heap   total 45056K, used 10881K [0x0000000082400000, 0x0000000100000000)
  region size 1024K, 1 young (1024K), 1 survivors (1024K)
 Metaspace       used 17677K, committed 21696K, reserved 1073152K
  class space    used 2858K, committed 4224K, reserved 1048576K
}
Event: 340.521 GC heap before
{Heap before GC invocations=20 (full 1):
 garbage-first heap   total 45056K, used 20097K [0x0000000082400000, 0x0000000100000000)
  region size 1024K, 10 young (10240K), 1 survivors (1024K)
 Metaspace       used 17684K, committed 21696K, reserved 1073152K
  class space    used 2858K, committed 4224K, reserved 1048576K
}
Event: 340.570 GC heap after
{Heap after GC invocations=21 (full 1):
 garbage-first heap   total 45056K, used 10873K [0x0000000082400000, 0x0000000100000000)
  region size 1024K, 1 young (1024K), 1 survivors (1024K)
 Metaspace       used 17684K, committed 21696K, reserved 1073152K
  class space    used 2858K, committed 4224K, reserved 1048576K
}
Event: 382.562 GC heap before
{Heap before GC invocations=21 (full 1):
 garbage-first heap   total 45056K, used 20089K [0x0000000082400000, 0x0000000100000000)
  region size 1024K, 10 young (10240K), 1 survivors (1024K)
 Metaspace       used 17684K, committed 21696K, reserved 1073152K
  class space    used 2858K, committed 4224K, reserved 1048576K
}
Event: 382.563 GC heap after
{Heap after GC invocations=22 (full 1):
 garbage-first heap   total 45056K, used 10871K [0x0000000082400000, 0x0000000100000000)
  region size 1024K, 1 young (1024K), 1 survivors (1024K)
 Metaspace       used 17684K, committed 21696K, reserved 1073152K
  class space    used 2858K, committed 4224K, reserved 1048576K
}
Event: 401.461 GC heap before
{Heap before GC invocations=22 (full 1):
 garbage-first heap   total 45056K, used 33399K [0x0000000082400000, 0x0000000100000000)
  region size 1024K, 23 young (23552K), 1 survivors (1024K)
 Metaspace       used 22720K, committed 23744K, reserved 1073152K
  class space    used 3446K, committed 4224K, reserved 1048576K
}
Event: 401.480 GC heap after
{Heap after GC invocations=23 (full 1):
 garbage-first heap   total 45056K, used 12916K [0x0000000082400000, 0x0000000100000000)
  region size 1024K, 3 young (3072K), 3 survivors (3072K)
 Metaspace       used 22720K, committed 23744K, reserved 1073152K
  class space    used 3446K, committed 4224K, reserved 1048576K
}

