# JRE version: OpenJDK Runtime Environment (15.0.2+7) (build 15.0.2+7-27)
# Java VM: OpenJDK 64-Bit Server VM (15.0.2+7-27, mixed mode, tiered, compressed oops, g1 gc, windows-amd64)
GC Precious Log:
 CPUs: 16 total, 16 available
 Memory: 32677M
 Large Page Support: Disabled
 NUMA Support: Disabled
 Compressed Oops: Enabled (Zero based)
 Heap Region Size: 4M
 Heap Min Capacity: 8M
 Heap Initial Capacity: 512M
 Heap Max Capacity: 8172M
 Pre-touch: Disabled
 Parallel Workers: 13
 Concurrent Workers: 3
 Concurrent Refinement Workers: 13
 Periodic GC: Disabled
Heap:
 garbage-first heap   total 49152K, used 13312K [0x0000000601400000, 0x0000000800000000)
  region size 4096K, 3 young (12288K), 1 survivors (4096K)
 Metaspace       used 23185K, capacity 23449K, committed 23600K, reserved 1071104K
  class space    used 2059K, capacity 2159K, committed 2176K, reserved 1048576K
GC Heap History (20 events):
Event: 13475.164 GC heap before
{Heap before GC invocations=239 (full 0):
 garbage-first heap   total 49152K, used 29560K [0x0000000601400000, 0x0000000800000000)
  region size 4096K, 6 young (24576K), 1 survivors (4096K)
 Metaspace       used 23150K, capacity 23449K, committed 23600K, reserved 1071104K
  class space    used 2056K, capacity 2159K, committed 2176K, reserved 1048576K
}
Event: 13475.164 GC heap after
{Heap after GC invocations=240 (full 0):
 garbage-first heap   total 49152K, used 9137K [0x0000000601400000, 0x0000000800000000)
  region size 4096K, 1 young (4096K), 1 survivors (4096K)
 Metaspace       used 23150K, capacity 23449K, committed 23600K, reserved 1071104K
  class space    used 2056K, capacity 2159K, committed 2176K, reserved 1048576K
}
Event: 13530.160 GC heap before
{Heap before GC invocations=240 (full 0):
 garbage-first heap   total 49152K, used 29617K [0x0000000601400000, 0x0000000800000000)
  region size 4096K, 6 young (24576K), 1 survivors (4096K)
 Metaspace       used 23150K, capacity 23449K, committed 23600K, reserved 1071104K
  class space    used 2056K, capacity 2159K, committed 2176K, reserved 1048576K
}
Event: 13530.160 GC heap after
{Heap after GC invocations=241 (full 0):
 garbage-first heap   total 49152K, used 9097K [0x0000000601400000, 0x0000000800000000)
  region size 4096K, 1 young (4096K), 1 survivors (4096K)
 Metaspace       used 23150K, capacity 23449K, committed 23600K, reserved 1071104K
  class space    used 2056K, capacity 2159K, committed 2176K, reserved 1048576K
}
Event: 13585.156 GC heap before
{Heap before GC invocations=241 (full 0):
 garbage-first heap   total 49152K, used 29577K [0x0000000601400000, 0x0000000800000000)
  region size 4096K, 6 young (24576K), 1 survivors (4096K)
 Metaspace       used 23150K, capacity 23449K, committed 23600K, reserved 1071104K
  class space    used 2056K, capacity 2159K, committed 2176K, reserved 1048576K
}
Event: 13585.156 GC heap after
{Heap after GC invocations=242 (full 0):
 garbage-first heap   total 49152K, used 9103K [0x0000000601400000, 0x0000000800000000)
  region size 4096K, 1 young (4096K), 1 survivors (4096K)
 Metaspace       used 23150K, capacity 23449K, committed 23600K, reserved 1071104K
  class space    used 2056K, capacity 2159K, committed 2176K, reserved 1048576K
}
Event: 13645.158 GC heap before
{Heap before GC invocations=242 (full 0):
 garbage-first heap   total 49152K, used 29583K [0x0000000601400000, 0x0000000800000000)
  region size 4096K, 6 young (24576K), 1 survivors (4096K)
 Metaspace       used 23150K, capacity 23449K, committed 23600K, reserved 1071104K
  class space    used 2056K, capacity 2159K, committed 2176K, reserved 1048576K
}
Event: 13645.159 GC heap after
{Heap after GC invocations=243 (full 0):
 garbage-first heap   total 49152K, used 9185K [0x0000000601400000, 0x0000000800000000)
  region size 4096K, 1 young (4096K), 1 survivors (4096K)
 Metaspace       used 23150K, capacity 23449K, committed 23600K, reserved 1071104K
  class space    used 2056K, capacity 2159K, committed 2176K, reserved 1048576K
}
Event: 13700.154 GC heap before
{Heap before GC invocations=243 (full 0):
 garbage-first heap   total 49152K, used 29665K [0x0000000601400000, 0x0000000800000000)
  region size 4096K, 6 young (24576K), 1 survivors (4096K)
 Metaspace       used 23150K, capacity 23449K, committed 23600K, reserved 1071104K
  class space    used 2056K, capacity 2159K, committed 2176K, reserved 1048576K
}
Event: 13700.155 GC heap after
{Heap after GC invocations=244 (full 0):
 garbage-first heap   total 49152K, used 9119K [0x0000000601400000, 0x0000000800000000)
  region size 4096K, 1 young (4096K), 1 survivors (4096K)
 Metaspace       used 23150K, capacity 23449K, committed 23600K, reserved 1071104K
  class space    used 2056K, capacity 2159K, committed 2176K, reserved 1048576K
}
Event: 13755.170 GC heap before
{Heap before GC invocations=244 (full 0):
 garbage-first heap   total 49152K, used 29599K [0x0000000601400000, 0x0000000800000000)
  region size 4096K, 6 young (24576K), 1 survivors (4096K)
 Metaspace       used 23150K, capacity 23449K, committed 23600K, reserved 1071104K
  class space    used 2056K, capacity 2159K, committed 2176K, reserved 1048576K
}
Event: 13755.170 GC heap after
{Heap after GC invocations=245 (full 0):
 garbage-first heap   total 49152K, used 9134K [0x0000000601400000, 0x0000000800000000)
  region size 4096K, 1 young (4096K), 1 survivors (4096K)
 Metaspace       used 23150K, capacity 23449K, committed 23600K, reserved 1071104K
  class space    used 2056K, capacity 2159K, committed 2176K, reserved 1048576K
}
Event: 13815.163 GC heap before
{Heap before GC invocations=245 (full 0):
 garbage-first heap   total 49152K, used 25518K [0x0000000601400000, 0x0000000800000000)
  region size 4096K, 6 young (24576K), 1 survivors (4096K)
 Metaspace       used 23150K, capacity 23449K, committed 23600K, reserved 1071104K
  class space    used 2056K, capacity 2159K, committed 2176K, reserved 1048576K
}
Event: 13815.164 GC heap after
{Heap after GC invocations=246 (full 0):
 garbage-first heap   total 49152K, used 9227K [0x0000000601400000, 0x0000000800000000)
  region size 4096K, 1 young (4096K), 1 survivors (4096K)
 Metaspace       used 23150K, capacity 23449K, committed 23600K, reserved 1071104K
  class space    used 2056K, capacity 2159K, committed 2176K, reserved 1048576K
}
Event: 13870.164 GC heap before
{Heap before GC invocations=246 (full 0):
 garbage-first heap   total 49152K, used 29707K [0x0000000601400000, 0x0000000800000000)
  region size 4096K, 6 young (24576K), 1 survivors (4096K)
 Metaspace       used 23150K, capacity 23449K, committed 23600K, reserved 1071104K
  class space    used 2056K, capacity 2159K, committed 2176K, reserved 1048576K
}
Event: 13870.165 GC heap after
{Heap after GC invocations=247 (full 0):
 garbage-first heap   total 49152K, used 9141K [0x0000000601400000, 0x0000000800000000)
  region size 4096K, 1 young (4096K), 1 survivors (4096K)
 Metaspace       used 23150K, capacity 23449K, committed 23600K, reserved 1071104K
  class space    used 2056K, capacity 2159K, committed 2176K, reserved 1048576K
}
Event: 13900.419 GC heap before
{Heap before GC invocations=247 (full 0):
 garbage-first heap   total 49152K, used 29621K [0x0000000601400000, 0x0000000800000000)
  region size 4096K, 6 young (24576K), 1 survivors (4096K)
 Metaspace       used 23150K, capacity 23449K, committed 23600K, reserved 1071104K
  class space    used 2056K, capacity 2159K, committed 2176K, reserved 1048576K
}
Event: 13900.420 GC heap after
{Heap after GC invocations=248 (full 0):
 garbage-first heap   total 49152K, used 9228K [0x0000000601400000, 0x0000000800000000)
  region size 4096K, 1 young (4096K), 1 survivors (4096K)
 Metaspace       used 23150K, capacity 23449K, committed 23600K, reserved 1071104K
  class space    used 2056K, capacity 2159K, committed 2176K, reserved 1048576K
}
Event: 13960.159 GC heap before
{Heap before GC invocations=248 (full 0):
 garbage-first heap   total 49152K, used 29708K [0x0000000601400000, 0x0000000800000000)
  region size 4096K, 6 young (24576K), 1 survivors (4096K)
 Metaspace       used 23184K, capacity 23449K, committed 23600K, reserved 1071104K
  class space    used 2059K, capacity 2159K, committed 2176K, reserved 1048576K
}
Event: 13960.160 GC heap after
{Heap after GC invocations=249 (full 0):
 garbage-first heap   total 49152K, used 9216K [0x0000000601400000, 0x0000000800000000)
  region size 4096K, 1 young (4096K), 1 survivors (4096K)
 Metaspace       used 23184K, capacity 23449K, committed 23600K, reserved 1071104K
  class space    used 2059K, capacity 2159K, committed 2176K, reserved 1048576K
}

