# JRE version: Java(TM) SE Runtime Environment (17.0.1+12) (build 17.0.1+12-LTS-39)
# Java VM: Java HotSpot(TM) 64-Bit Server VM (17.0.1+12-LTS-39, mixed mode, sharing, tiered, compressed oops, compressed class ptrs, g1 gc, windows-amd64)
GC Precious Log:
 CPUs: 12 total, 12 available
 Memory: 8043M
 Large Page Support: Disabled
 NUMA Support: Disabled
 Compressed Oops: Enabled (32-bit)
 Heap Region Size: 1M
 Heap Min Capacity: 8M
 Heap Initial Capacity: 126M
 Heap Max Capacity: 2012M
 Pre-touch: Disabled
 Parallel Workers: 10
 Concurrent Workers: 3
 Concurrent Refinement Workers: 10
 Periodic GC: Disabled
Heap:
 garbage-first heap   total 242688K, used 86132K [0x0000000082400000, 0x0000000100000000)
  region size 1024K, 15 young (15360K), 1 survivors (1024K)
 Metaspace       used 28134K, committed 28480K, reserved 1081344K
  class space    used 2964K, committed 3072K, reserved 1048576K
GC Heap History (20 events):
Event: 2191.442 GC heap before
{Heap before GC invocations=272 (full 191):
 garbage-first heap   total 242688K, used 85350K [0x0000000082400000, 0x0000000100000000)
  region size 1024K, 14 young (14336K), 1 survivors (1024K)
 Metaspace       used 28131K, committed 28480K, reserved 1081344K
  class space    used 2964K, committed 3072K, reserved 1048576K
}
Event: 2191.464 GC heap after
{Heap after GC invocations=273 (full 192):
 garbage-first heap   total 242688K, used 72786K [0x0000000082400000, 0x0000000100000000)
  region size 1024K, 0 young (0K), 0 survivors (0K)
 Metaspace       used 28131K, committed 28480K, reserved 1081344K
  class space    used 2964K, committed 3072K, reserved 1048576K
}
Event: 2201.473 GC heap before
{Heap before GC invocations=273 (full 192):
 garbage-first heap   total 242688K, used 105554K [0x0000000082400000, 0x0000000100000000)
  region size 1024K, 33 young (33792K), 0 survivors (0K)
 Metaspace       used 28131K, committed 28480K, reserved 1081344K
  class space    used 2964K, committed 3072K, reserved 1048576K
}
Event: 2201.494 GC heap after
{Heap after GC invocations=274 (full 193):
 garbage-first heap   total 242688K, used 72793K [0x0000000082400000, 0x0000000100000000)
  region size 1024K, 0 young (0K), 0 survivors (0K)
 Metaspace       used 28131K, committed 28480K, reserved 1081344K
  class space    used 2964K, committed 3072K, reserved 1048576K
}
Event: 2211.440 GC heap before
{Heap before GC invocations=274 (full 193):
 garbage-first heap   total 242688K, used 85081K [0x0000000082400000, 0x0000000100000000)
  region size 1024K, 13 young (13312K), 0 survivors (0K)
 Metaspace       used 28131K, committed 28480K, reserved 1081344K
  class space    used 2964K, committed 3072K, reserved 1048576K
}
Event: 2211.458 GC heap after
{Heap after GC invocations=275 (full 194):
 garbage-first heap   total 242688K, used 72793K [0x0000000082400000, 0x0000000100000000)
  region size 1024K, 0 young (0K), 0 survivors (0K)
 Metaspace       used 28131K, committed 28480K, reserved 1081344K
  class space    used 2964K, committed 3072K, reserved 1048576K
}
Event: 2218.960 GC heap before
{Heap before GC invocations=275 (full 194):
 garbage-first heap   total 242688K, used 94297K [0x0000000082400000, 0x0000000100000000)
  region size 1024K, 22 young (22528K), 0 survivors (0K)
 Metaspace       used 28131K, committed 28480K, reserved 1081344K
  class space    used 2964K, committed 3072K, reserved 1048576K
}
Event: 2218.979 GC heap after
{Heap after GC invocations=276 (full 195):
 garbage-first heap   total 242688K, used 72796K [0x0000000082400000, 0x0000000100000000)
  region size 1024K, 0 young (0K), 0 survivors (0K)
 Metaspace       used 28131K, committed 28480K, reserved 1081344K
  class space    used 2964K, committed 3072K, reserved 1048576K
}
Event: 2221.482 GC heap before
{Heap before GC invocations=276 (full 195):
 garbage-first heap   total 242688K, used 84060K [0x0000000082400000, 0x0000000100000000)
  region size 1024K, 12 young (12288K), 0 survivors (0K)
 Metaspace       used 28131K, committed 28480K, reserved 1081344K
  class space    used 2964K, committed 3072K, reserved 1048576K
}
Event: 2221.484 GC heap after
{Heap after GC invocations=277 (full 195):
 garbage-first heap   total 242688K, used 72903K [0x0000000082400000, 0x0000000100000000)
  region size 1024K, 1 young (1024K), 1 survivors (1024K)
 Metaspace       used 28131K, committed 28480K, reserved 1081344K
  class space    used 2964K, committed 3072K, reserved 1048576K
}
Event: 2231.447 GC heap before
{Heap before GC invocations=277 (full 195):
 garbage-first heap   total 242688K, used 85191K [0x0000000082400000, 0x0000000100000000)
  region size 1024K, 14 young (14336K), 1 survivors (1024K)
 Metaspace       used 28131K, committed 28480K, reserved 1081344K
  class space    used 2964K, committed 3072K, reserved 1048576K
}
Event: 2231.466 GC heap after
{Heap after GC invocations=278 (full 196):
 garbage-first heap   total 242688K, used 72702K [0x0000000082400000, 0x0000000100000000)
  region size 1024K, 0 young (0K), 0 survivors (0K)
 Metaspace       used 28131K, committed 28480K, reserved 1081344K
  class space    used 2964K, committed 3072K, reserved 1048576K
}
Event: 2241.522 GC heap before
{Heap before GC invocations=278 (full 196):
 garbage-first heap   total 242688K, used 115710K [0x0000000082400000, 0x0000000100000000)
  region size 1024K, 43 young (44032K), 0 survivors (0K)
 Metaspace       used 28131K, committed 28480K, reserved 1081344K
  class space    used 2964K, committed 3072K, reserved 1048576K
}
Event: 2241.541 GC heap after
{Heap after GC invocations=279 (full 197):
 garbage-first heap   total 242688K, used 72710K [0x0000000082400000, 0x0000000100000000)
  region size 1024K, 0 young (0K), 0 survivors (0K)
 Metaspace       used 28131K, committed 28480K, reserved 1081344K
  class space    used 2964K, committed 3072K, reserved 1048576K
}
Event: 2251.452 GC heap before
{Heap before GC invocations=279 (full 197):
 garbage-first heap   total 242688K, used 84998K [0x0000000082400000, 0x0000000100000000)
  region size 1024K, 13 young (13312K), 0 survivors (0K)
 Metaspace       used 28131K, committed 28480K, reserved 1081344K
  class space    used 2964K, committed 3072K, reserved 1048576K
}
Event: 2251.471 GC heap after
{Heap after GC invocations=280 (full 198):
 garbage-first heap   total 242688K, used 72712K [0x0000000082400000, 0x0000000100000000)
  region size 1024K, 0 young (0K), 0 survivors (0K)
 Metaspace       used 28131K, committed 28480K, reserved 1081344K
  class space    used 2964K, committed 3072K, reserved 1048576K
}
Event: 2259.239 GC heap before
{Heap before GC invocations=280 (full 198):
 garbage-first heap   total 242688K, used 94216K [0x0000000082400000, 0x0000000100000000)
  region size 1024K, 22 young (22528K), 0 survivors (0K)
 Metaspace       used 28131K, committed 28480K, reserved 1081344K
  class space    used 2964K, committed 3072K, reserved 1048576K
}
Event: 2259.258 GC heap after
{Heap after GC invocations=281 (full 199):
 garbage-first heap   total 242688K, used 72712K [0x0000000082400000, 0x0000000100000000)
  region size 1024K, 0 young (0K), 0 survivors (0K)
 Metaspace       used 28131K, committed 28480K, reserved 1081344K
  class space    used 2964K, committed 3072K, reserved 1048576K
}
Event: 2261.469 GC heap before
{Heap before GC invocations=281 (full 199):
 garbage-first heap   total 242688K, used 83976K [0x0000000082400000, 0x0000000100000000)
  region size 1024K, 12 young (12288K), 0 survivors (0K)
 Metaspace       used 28131K, committed 28480K, reserved 1081344K
  class space    used 2964K, committed 3072K, reserved 1048576K
}
Event: 2261.471 GC heap after
{Heap after GC invocations=282 (full 199):
 garbage-first heap   total 242688K, used 72820K [0x0000000082400000, 0x0000000100000000)
  region size 1024K, 1 young (1024K), 1 survivors (1024K)
 Metaspace       used 28131K, committed 28480K, reserved 1081344K
  class space    used 2964K, committed 3072K, reserved 1048576K
}

