# JRE version: Java(TM) SE Runtime Environment (17.0.1+12) (build 17.0.1+12-LTS-39)
# Java VM: Java HotSpot(TM) 64-Bit Server VM (17.0.1+12-LTS-39, mixed mode, sharing, tiered, compressed oops, compressed class ptrs, g1 gc, windows-amd64)
GC Precious Log:
 CPUs: 12 total, 12 available
 Memory: 8043M
 Large Page Support: Disabled
 NUMA Support: Disabled
 Compressed Oops: Enabled (32-bit)
 Heap Region Size: 1M
 Heap Min Capacity: 8M
 Heap Initial Capacity: 126M
 Heap Max Capacity: 2012M
 Pre-touch: Disabled
 Parallel Workers: 10
 Concurrent Workers: 3
 Concurrent Refinement Workers: 10
 Periodic GC: Disabled
Heap:
 garbage-first heap   total 249856K, used 91622K [0x0000000082400000, 0x0000000100000000)
  region size 1024K, 19 young (19456K), 1 survivors (1024K)
 Metaspace       used 30108K, committed 30400K, reserved 1081344K
  class space    used 3060K, committed 3200K, reserved 1048576K
GC Heap History (20 events):
Event: 1551.758 GC heap before
{Heap before GC invocations=234 (full 164):
 garbage-first heap   total 249856K, used 75760K [0x0000000082400000, 0x0000000100000000)
  region size 1024K, 2 young (2048K), 0 survivors (0K)
 Metaspace       used 30070K, committed 30400K, reserved 1081344K
  class space    used 3055K, committed 3200K, reserved 1048576K
}
Event: 1551.778 GC heap after
{Heap after GC invocations=235 (full 165):
 garbage-first heap   total 249856K, used 74561K [0x0000000082400000, 0x0000000100000000)
  region size 1024K, 0 young (0K), 0 survivors (0K)
 Metaspace       used 30070K, committed 30400K, reserved 1081344K
  class space    used 3055K, committed 3200K, reserved 1048576K
}
Event: 1561.803 GC heap before
{Heap before GC invocations=235 (full 165):
 garbage-first heap   total 249856K, used 115521K [0x0000000082400000, 0x0000000100000000)
  region size 1024K, 41 young (41984K), 0 survivors (0K)
 Metaspace       used 30070K, committed 30400K, reserved 1081344K
  class space    used 3055K, committed 3200K, reserved 1048576K
}
Event: 1561.823 GC heap after
{Heap after GC invocations=236 (full 166):
 garbage-first heap   total 249856K, used 74578K [0x0000000082400000, 0x0000000100000000)
  region size 1024K, 0 young (0K), 0 survivors (0K)
 Metaspace       used 30070K, committed 30400K, reserved 1081344K
  class space    used 3055K, committed 3200K, reserved 1048576K
}
Event: 1571.761 GC heap before
{Heap before GC invocations=236 (full 166):
 garbage-first heap   total 249856K, used 86866K [0x0000000082400000, 0x0000000100000000)
  region size 1024K, 14 young (14336K), 0 survivors (0K)
 Metaspace       used 30105K, committed 30400K, reserved 1081344K
  class space    used 3060K, committed 3200K, reserved 1048576K
}
Event: 1571.789 GC heap after
{Heap after GC invocations=237 (full 167):
 garbage-first heap   total 249856K, used 74384K [0x0000000082400000, 0x0000000100000000)
  region size 1024K, 0 young (0K), 0 survivors (0K)
 Metaspace       used 30105K, committed 30400K, reserved 1081344K
  class space    used 3060K, committed 3200K, reserved 1048576K
}
Event: 1581.786 GC heap before
{Heap before GC invocations=237 (full 167):
 garbage-first heap   total 249856K, used 105104K [0x0000000082400000, 0x0000000100000000)
  region size 1024K, 31 young (31744K), 0 survivors (0K)
 Metaspace       used 30106K, committed 30400K, reserved 1081344K
  class space    used 3060K, committed 3200K, reserved 1048576K
}
Event: 1581.807 GC heap after
{Heap after GC invocations=238 (full 168):
 garbage-first heap   total 249856K, used 74395K [0x0000000082400000, 0x0000000100000000)
  region size 1024K, 0 young (0K), 0 survivors (0K)
 Metaspace       used 30106K, committed 30400K, reserved 1081344K
  class space    used 3060K, committed 3200K, reserved 1048576K
}
Event: 1587.264 GC heap before
{Heap before GC invocations=238 (full 168):
 garbage-first heap   total 249856K, used 90779K [0x0000000082400000, 0x0000000100000000)
  region size 1024K, 18 young (18432K), 0 survivors (0K)
 Metaspace       used 30106K, committed 30400K, reserved 1081344K
  class space    used 3060K, committed 3200K, reserved 1048576K
}
Event: 1587.284 GC heap after
{Heap after GC invocations=239 (full 169):
 garbage-first heap   total 249856K, used 74398K [0x0000000082400000, 0x0000000100000000)
  region size 1024K, 0 young (0K), 0 survivors (0K)
 Metaspace       used 30106K, committed 30400K, reserved 1081344K
  class space    used 3060K, committed 3200K, reserved 1048576K
}
Event: 1591.762 GC heap before
{Heap before GC invocations=239 (full 169):
 garbage-first heap   total 249856K, used 75422K [0x0000000082400000, 0x0000000100000000)
  region size 1024K, 2 young (2048K), 0 survivors (0K)
 Metaspace       used 30106K, committed 30400K, reserved 1081344K
  class space    used 3060K, committed 3200K, reserved 1048576K
}
Event: 1591.783 GC heap after
{Heap after GC invocations=240 (full 170):
 garbage-first heap   total 249856K, used 74248K [0x0000000082400000, 0x0000000100000000)
  region size 1024K, 0 young (0K), 0 survivors (0K)
 Metaspace       used 30106K, committed 30400K, reserved 1081344K
  class space    used 3060K, committed 3200K, reserved 1048576K
}
Event: 1601.786 GC heap before
{Heap before GC invocations=240 (full 170):
 garbage-first heap   total 249856K, used 105992K [0x0000000082400000, 0x0000000100000000)
  region size 1024K, 32 young (32768K), 0 survivors (0K)
 Metaspace       used 30108K, committed 30400K, reserved 1081344K
  class space    used 3060K, committed 3200K, reserved 1048576K
}
Event: 1601.787 GC heap after
{Heap after GC invocations=241 (full 170):
 garbage-first heap   total 249856K, used 74346K [0x0000000082400000, 0x0000000100000000)
  region size 1024K, 1 young (1024K), 1 survivors (1024K)
 Metaspace       used 30108K, committed 30400K, reserved 1081344K
  class space    used 3060K, committed 3200K, reserved 1048576K
}
Event: 1607.392 GC heap before
{Heap before GC invocations=241 (full 170):
 garbage-first heap   total 249856K, used 91754K [0x0000000082400000, 0x0000000100000000)
  region size 1024K, 19 young (19456K), 1 survivors (1024K)
 Metaspace       used 30108K, committed 30400K, reserved 1081344K
  class space    used 3060K, committed 3200K, reserved 1048576K
}
Event: 1607.412 GC heap after
{Heap after GC invocations=242 (full 171):
 garbage-first heap   total 249856K, used 74267K [0x0000000082400000, 0x0000000100000000)
  region size 1024K, 0 young (0K), 0 survivors (0K)
 Metaspace       used 30108K, committed 30400K, reserved 1081344K
  class space    used 3060K, committed 3200K, reserved 1048576K
}
Event: 1611.753 GC heap before
{Heap before GC invocations=242 (full 171):
 garbage-first heap   total 249856K, used 75291K [0x0000000082400000, 0x0000000100000000)
  region size 1024K, 2 young (2048K), 0 survivors (0K)
 Metaspace       used 30108K, committed 30400K, reserved 1081344K
  class space    used 3060K, committed 3200K, reserved 1048576K
}
Event: 1611.771 GC heap after
{Heap after GC invocations=243 (full 172):
 garbage-first heap   total 249856K, used 74116K [0x0000000082400000, 0x0000000100000000)
  region size 1024K, 0 young (0K), 0 survivors (0K)
 Metaspace       used 30108K, committed 30400K, reserved 1081344K
  class space    used 3060K, committed 3200K, reserved 1048576K
}
Event: 1621.778 GC heap before
{Heap before GC invocations=243 (full 172):
 garbage-first heap   total 249856K, used 105860K [0x0000000082400000, 0x0000000100000000)
  region size 1024K, 32 young (32768K), 0 survivors (0K)
 Metaspace       used 30108K, committed 30400K, reserved 1081344K
  class space    used 3060K, committed 3200K, reserved 1048576K
}
Event: 1621.779 GC heap after
{Heap after GC invocations=244 (full 172):
 garbage-first heap   total 249856K, used 74214K [0x0000000082400000, 0x0000000100000000)
  region size 1024K, 1 young (1024K), 1 survivors (1024K)
 Metaspace       used 30108K, committed 30400K, reserved 1081344K
  class space    used 3060K, committed 3200K, reserved 1048576K
}

