# JRE version: Java(TM) SE Runtime Environment (17.0.1+12) (build 17.0.1+12-LTS-39)
# Java VM: Java HotSpot(TM) 64-Bit Server VM (17.0.1+12-LTS-39, mixed mode, sharing, tiered, compressed oops, compressed class ptrs, g1 gc, windows-amd64)
GC Precious Log:
 CPUs: 12 total, 12 available
 Memory: 8043M
 Large Page Support: Disabled
 NUMA Support: Disabled
 Compressed Oops: Enabled (32-bit)
 Heap Region Size: 1M
 Heap Min Capacity: 8M
 Heap Initial Capacity: 126M
 Heap Max Capacity: 2012M
 Pre-touch: Disabled
 Parallel Workers: 10
 Concurrent Workers: 3
 Concurrent Refinement Workers: 10
 Periodic GC: Disabled
Heap:
 garbage-first heap   total 30720K, used 10891K [0x0000000082400000, 0x0000000100000000)
  region size 1024K, 2 young (2048K), 1 survivors (1024K)
 Metaspace       used 18846K, committed 19136K, reserved 1073152K
  class space    used 2069K, committed 2240K, reserved 1048576K
GC Heap History (20 events):
Event: 913.532 GC heap before
{Heap before GC invocations=41 (full 5):
 garbage-first heap   total 30720K, used 21327K [0x0000000082400000, 0x0000000100000000)
  region size 1024K, 11 young (11264K), 1 survivors (1024K)
 Metaspace       used 18823K, committed 19136K, reserved 1073152K
  class space    used 2068K, committed 2240K, reserved 1048576K
}
Event: 913.535 GC heap after
{Heap after GC invocations=42 (full 5):
 garbage-first heap   total 30720K, used 11013K [0x0000000082400000, 0x0000000100000000)
  region size 1024K, 1 young (1024K), 1 survivors (1024K)
 Metaspace       used 18823K, committed 19136K, reserved 1073152K
  class space    used 2068K, committed 2240K, reserved 1048576K
}
Event: 924.512 GC heap before
{Heap before GC invocations=42 (full 5):
 garbage-first heap   total 30720K, used 22277K [0x0000000082400000, 0x0000000100000000)
  region size 1024K, 12 young (12288K), 1 survivors (1024K)
 Metaspace       used 18824K, committed 19136K, reserved 1073152K
  class space    used 2068K, committed 2240K, reserved 1048576K
}
Event: 924.515 GC heap after
{Heap after GC invocations=43 (full 5):
 garbage-first heap   total 30720K, used 10964K [0x0000000082400000, 0x0000000100000000)
  region size 1024K, 1 young (1024K), 1 survivors (1024K)
 Metaspace       used 18824K, committed 19136K, reserved 1073152K
  class space    used 2068K, committed 2240K, reserved 1048576K
}
Event: 936.502 GC heap before
{Heap before GC invocations=43 (full 5):
 garbage-first heap   total 30720K, used 23252K [0x0000000082400000, 0x0000000100000000)
  region size 1024K, 13 young (13312K), 1 survivors (1024K)
 Metaspace       used 18827K, committed 19136K, reserved 1073152K
  class space    used 2068K, committed 2240K, reserved 1048576K
}
Event: 936.505 GC heap after
{Heap after GC invocations=44 (full 5):
 garbage-first heap   total 30720K, used 10961K [0x0000000082400000, 0x0000000100000000)
  region size 1024K, 1 young (1024K), 1 survivors (1024K)
 Metaspace       used 18827K, committed 19136K, reserved 1073152K
  class space    used 2068K, committed 2240K, reserved 1048576K
}
Event: 943.124 GC heap before
{Heap before GC invocations=44 (full 5):
 garbage-first heap   total 30720K, used 17105K [0x0000000082400000, 0x0000000100000000)
  region size 1024K, 8 young (8192K), 1 survivors (1024K)
 Metaspace       used 18827K, committed 19136K, reserved 1073152K
  class space    used 2068K, committed 2240K, reserved 1048576K
}
Event: 943.309 GC heap after
{Heap after GC invocations=45 (full 6):
 garbage-first heap   total 30720K, used 8794K [0x0000000082400000, 0x0000000100000000)
  region size 1024K, 0 young (0K), 0 survivors (0K)
 Metaspace       used 18827K, committed 19136K, reserved 1073152K
  class space    used 2068K, committed 2240K, reserved 1048576K
}
Event: 1065.031 GC heap before
{Heap before GC invocations=45 (full 6):
 garbage-first heap   total 30720K, used 24154K [0x0000000082400000, 0x0000000100000000)
  region size 1024K, 15 young (15360K), 0 survivors (0K)
 Metaspace       used 18828K, committed 19136K, reserved 1073152K
  class space    used 2068K, committed 2240K, reserved 1048576K
}
Event: 1065.036 GC heap after
{Heap after GC invocations=46 (full 6):
 garbage-first heap   total 30720K, used 8839K [0x0000000082400000, 0x0000000100000000)
  region size 1024K, 1 young (1024K), 1 survivors (1024K)
 Metaspace       used 18828K, committed 19136K, reserved 1073152K
  class space    used 2068K, committed 2240K, reserved 1048576K
}
Event: 1080.765 GC heap before
{Heap before GC invocations=46 (full 6):
 garbage-first heap   total 30720K, used 22151K [0x0000000082400000, 0x0000000100000000)
  region size 1024K, 15 young (15360K), 1 survivors (1024K)
 Metaspace       used 18844K, committed 19136K, reserved 1073152K
  class space    used 2068K, committed 2240K, reserved 1048576K
}
Event: 1080.776 GC heap after
{Heap after GC invocations=47 (full 6):
 garbage-first heap   total 30720K, used 11943K [0x0000000082400000, 0x0000000100000000)
  region size 1024K, 2 young (2048K), 2 survivors (2048K)
 Metaspace       used 18844K, committed 19136K, reserved 1073152K
  class space    used 2068K, committed 2240K, reserved 1048576K
}
Event: 1084.295 GC heap before
{Heap before GC invocations=47 (full 6):
 garbage-first heap   total 30720K, used 21159K [0x0000000082400000, 0x0000000100000000)
  region size 1024K, 11 young (11264K), 2 survivors (2048K)
 Metaspace       used 18845K, committed 19136K, reserved 1073152K
  class space    used 2068K, committed 2240K, reserved 1048576K
}
Event: 1084.297 GC heap after
{Heap after GC invocations=48 (full 6):
 garbage-first heap   total 30720K, used 10965K [0x0000000082400000, 0x0000000100000000)
  region size 1024K, 1 young (1024K), 1 survivors (1024K)
 Metaspace       used 18845K, committed 19136K, reserved 1073152K
  class space    used 2068K, committed 2240K, reserved 1048576K
}
Event: 1094.227 GC heap before
{Heap before GC invocations=48 (full 6):
 garbage-first heap   total 30720K, used 21205K [0x0000000082400000, 0x0000000100000000)
  region size 1024K, 11 young (11264K), 1 survivors (1024K)
 Metaspace       used 18845K, committed 19136K, reserved 1073152K
  class space    used 2068K, committed 2240K, reserved 1048576K
}
Event: 1094.231 GC heap after
{Heap after GC invocations=49 (full 6):
 garbage-first heap   total 30720K, used 10915K [0x0000000082400000, 0x0000000100000000)
  region size 1024K, 1 young (1024K), 1 survivors (1024K)
 Metaspace       used 18845K, committed 19136K, reserved 1073152K
  class space    used 2068K, committed 2240K, reserved 1048576K
}
Event: 1105.817 GC heap before
{Heap before GC invocations=49 (full 6):
 garbage-first heap   total 30720K, used 22179K [0x0000000082400000, 0x0000000100000000)
  region size 1024K, 12 young (12288K), 1 survivors (1024K)
 Metaspace       used 18845K, committed 19136K, reserved 1073152K
  class space    used 2068K, committed 2240K, reserved 1048576K
}
Event: 1105.820 GC heap after
{Heap after GC invocations=50 (full 6):
 garbage-first heap   total 30720K, used 10912K [0x0000000082400000, 0x0000000100000000)
  region size 1024K, 1 young (1024K), 1 survivors (1024K)
 Metaspace       used 18845K, committed 19136K, reserved 1073152K
  class space    used 2068K, committed 2240K, reserved 1048576K
}
Event: 1120.881 GC heap before
{Heap before GC invocations=50 (full 6):
 garbage-first heap   total 30720K, used 23200K [0x0000000082400000, 0x0000000100000000)
  region size 1024K, 13 young (13312K), 1 survivors (1024K)
 Metaspace       used 18845K, committed 19136K, reserved 1073152K
  class space    used 2068K, committed 2240K, reserved 1048576K
}
Event: 1120.884 GC heap after
{Heap after GC invocations=51 (full 6):
 garbage-first heap   total 30720K, used 10891K [0x0000000082400000, 0x0000000100000000)
  region size 1024K, 1 young (1024K), 1 survivors (1024K)
 Metaspace       used 18845K, committed 19136K, reserved 1073152K
  class space    used 2068K, committed 2240K, reserved 1048576K
}

