# JRE version: OpenJDK Runtime Environment (15.0.2+7) (build 15.0.2+7-27)
# Java VM: OpenJDK 64-Bit Server VM (15.0.2+7-27, mixed mode, tiered, compressed oops, g1 gc, windows-amd64)
GC Precious Log:
 CPUs: 16 total, 16 available
 Memory: 32677M
 Large Page Support: Disabled
 NUMA Support: Disabled
 Compressed Oops: Enabled (Zero based)
 Heap Region Size: 2M
 Heap Min Capacity: 512M
 Heap Initial Capacity: 512M
 Heap Max Capacity: 4G
 Pre-touch: Disabled
 Parallel Workers: 13
 Concurrent Workers: 3
 Concurrent Refinement Workers: 13
 Periodic GC: Disabled
Heap:
 garbage-first heap   total 524288K, used 17234K [0x0000000700000000, 0x0000000800000000)
  region size 2048K, 7 young (14336K), 0 survivors (0K)
 Metaspace       used 23102K, capacity 23400K, committed 23984K, reserved 1071104K
  class space    used 2231K, capacity 2328K, committed 2560K, reserved 1048576K
GC Heap History (20 events):
Event: 2103.661 GC heap before
{Heap before GC invocations=169 (full 166):
 garbage-first heap   total 524288K, used 16995K [0x0000000700000000, 0x0000000800000000)
  region size 2048K, 6 young (12288K), 0 survivors (0K)
 Metaspace       used 23042K, capacity 23336K, committed 23984K, reserved 1071104K
  class space    used 2226K, capacity 2328K, committed 2560K, reserved 1048576K
}
Event: 2103.669 GC heap after
{Heap after GC invocations=170 (full 167):
 garbage-first heap   total 524288K, used 6804K [0x0000000700000000, 0x0000000800000000)
  region size 2048K, 0 young (0K), 0 survivors (0K)
 Metaspace       used 23042K, capacity 23336K, committed 23984K, reserved 1071104K
  class space    used 2226K, capacity 2328K, committed 2560K, reserved 1048576K
}
Event: 2106.800 GC heap before
{Heap before GC invocations=170 (full 167):
 garbage-first heap   total 524288K, used 25236K [0x0000000700000000, 0x0000000800000000)
  region size 2048K, 10 young (20480K), 0 survivors (0K)
 Metaspace       used 23042K, capacity 23336K, committed 23984K, reserved 1071104K
  class space    used 2226K, capacity 2328K, committed 2560K, reserved 1048576K
}
Event: 2106.809 GC heap after
{Heap after GC invocations=171 (full 168):
 garbage-first heap   total 524288K, used 6605K [0x0000000700000000, 0x0000000800000000)
  region size 2048K, 0 young (0K), 0 survivors (0K)
 Metaspace       used 23042K, capacity 23336K, committed 23984K, reserved 1071104K
  class space    used 2226K, capacity 2328K, committed 2560K, reserved 1048576K
}
Event: 2107.216 GC heap before
{Heap before GC invocations=171 (full 168):
 garbage-first heap   total 524288K, used 10701K [0x0000000700000000, 0x0000000800000000)
  region size 2048K, 3 young (6144K), 0 survivors (0K)
 Metaspace       used 23042K, capacity 23336K, committed 23984K, reserved 1071104K
  class space    used 2226K, capacity 2328K, committed 2560K, reserved 1048576K
}
Event: 2107.225 GC heap after
{Heap after GC invocations=172 (full 169):
 garbage-first heap   total 524288K, used 6693K [0x0000000700000000, 0x0000000800000000)
  region size 2048K, 0 young (0K), 0 survivors (0K)
 Metaspace       used 23042K, capacity 23336K, committed 23984K, reserved 1071104K
  class space    used 2226K, capacity 2328K, committed 2560K, reserved 1048576K
}
Event: 2107.716 GC heap before
{Heap before GC invocations=172 (full 169):
 garbage-first heap   total 524288K, used 10789K [0x0000000700000000, 0x0000000800000000)
  region size 2048K, 3 young (6144K), 0 survivors (0K)
 Metaspace       used 23042K, capacity 23336K, committed 23984K, reserved 1071104K
  class space    used 2226K, capacity 2328K, committed 2560K, reserved 1048576K
}
Event: 2107.725 GC heap after
{Heap after GC invocations=173 (full 170):
 garbage-first heap   total 524288K, used 6865K [0x0000000700000000, 0x0000000800000000)
  region size 2048K, 0 young (0K), 0 survivors (0K)
 Metaspace       used 23042K, capacity 23336K, committed 23984K, reserved 1071104K
  class space    used 2226K, capacity 2328K, committed 2560K, reserved 1048576K
}
Event: 2112.067 GC heap before
{Heap before GC invocations=173 (full 170):
 garbage-first heap   total 524288K, used 27345K [0x0000000700000000, 0x0000000800000000)
  region size 2048K, 11 young (22528K), 0 survivors (0K)
 Metaspace       used 23042K, capacity 23336K, committed 23984K, reserved 1071104K
  class space    used 2226K, capacity 2328K, committed 2560K, reserved 1048576K
}
Event: 2112.076 GC heap after
{Heap after GC invocations=174 (full 171):
 garbage-first heap   total 524288K, used 6851K [0x0000000700000000, 0x0000000800000000)
  region size 2048K, 0 young (0K), 0 survivors (0K)
 Metaspace       used 23042K, capacity 23336K, committed 23984K, reserved 1071104K
  class space    used 2226K, capacity 2328K, committed 2560K, reserved 1048576K
}
Event: 2125.875 GC heap before
{Heap before GC invocations=174 (full 171):
 garbage-first heap   total 524288K, used 31427K [0x0000000700000000, 0x0000000800000000)
  region size 2048K, 13 young (26624K), 0 survivors (0K)
 Metaspace       used 23042K, capacity 23336K, committed 23984K, reserved 1071104K
  class space    used 2226K, capacity 2328K, committed 2560K, reserved 1048576K
}
Event: 2125.883 GC heap after
{Heap after GC invocations=175 (full 172):
 garbage-first heap   total 524288K, used 6896K [0x0000000700000000, 0x0000000800000000)
  region size 2048K, 0 young (0K), 0 survivors (0K)
 Metaspace       used 23042K, capacity 23336K, committed 23984K, reserved 1071104K
  class space    used 2226K, capacity 2328K, committed 2560K, reserved 1048576K
}
Event: 2126.172 GC heap before
{Heap before GC invocations=175 (full 172):
 garbage-first heap   total 524288K, used 13040K [0x0000000700000000, 0x0000000800000000)
  region size 2048K, 4 young (8192K), 0 survivors (0K)
 Metaspace       used 23042K, capacity 23336K, committed 23984K, reserved 1071104K
  class space    used 2226K, capacity 2328K, committed 2560K, reserved 1048576K
}
Event: 2126.182 GC heap after
{Heap after GC invocations=176 (full 173):
 garbage-first heap   total 524288K, used 6931K [0x0000000700000000, 0x0000000800000000)
  region size 2048K, 0 young (0K), 0 survivors (0K)
 Metaspace       used 23042K, capacity 23336K, committed 23984K, reserved 1071104K
  class space    used 2226K, capacity 2328K, committed 2560K, reserved 1048576K
}
Event: 2126.519 GC heap before
{Heap before GC invocations=176 (full 173):
 garbage-first heap   total 524288K, used 13075K [0x0000000700000000, 0x0000000800000000)
  region size 2048K, 4 young (8192K), 0 survivors (0K)
 Metaspace       used 23046K, capacity 23336K, committed 23984K, reserved 1071104K
  class space    used 2226K, capacity 2328K, committed 2560K, reserved 1048576K
}
Event: 2126.527 GC heap after
{Heap after GC invocations=177 (full 174):
 garbage-first heap   total 524288K, used 7057K [0x0000000700000000, 0x0000000800000000)
  region size 2048K, 0 young (0K), 0 survivors (0K)
 Metaspace       used 23046K, capacity 23336K, committed 23984K, reserved 1071104K
  class space    used 2226K, capacity 2328K, committed 2560K, reserved 1048576K
}
Event: 2127.676 GC heap before
{Heap before GC invocations=177 (full 174):
 garbage-first heap   total 524288K, used 17297K [0x0000000700000000, 0x0000000800000000)
  region size 2048K, 6 young (12288K), 0 survivors (0K)
 Metaspace       used 23046K, capacity 23336K, committed 23984K, reserved 1071104K
  class space    used 2226K, capacity 2328K, committed 2560K, reserved 1048576K
}
Event: 2127.686 GC heap after
{Heap after GC invocations=178 (full 175):
 garbage-first heap   total 524288K, used 7158K [0x0000000700000000, 0x0000000800000000)
  region size 2048K, 0 young (0K), 0 survivors (0K)
 Metaspace       used 23046K, capacity 23336K, committed 23984K, reserved 1071104K
  class space    used 2226K, capacity 2328K, committed 2560K, reserved 1048576K
}
Event: 2136.545 GC heap before
{Heap before GC invocations=178 (full 175):
 garbage-first heap   total 524288K, used 39926K [0x0000000700000000, 0x0000000800000000)
  region size 2048K, 17 young (34816K), 0 survivors (0K)
 Metaspace       used 23046K, capacity 23336K, committed 23984K, reserved 1071104K
  class space    used 2226K, capacity 2328K, committed 2560K, reserved 1048576K
}
Event: 2136.565 GC heap after
{Heap after GC invocations=179 (full 176):
 garbage-first heap   total 524288K, used 6994K [0x0000000700000000, 0x0000000800000000)
  region size 2048K, 0 young (0K), 0 survivors (0K)
 Metaspace       used 23046K, capacity 23336K, committed 23984K, reserved 1071104K
  class space    used 2226K, capacity 2328K, committed 2560K, reserved 1048576K
}

