# JRE version: OpenJDK Runtime Environment (15.0.2+7) (build 15.0.2+7-27)
# Java VM: OpenJDK 64-Bit Server VM (15.0.2+7-27, mixed mode, tiered, compressed oops, g1 gc, windows-amd64)
GC Precious Log:
 CPUs: 16 total, 16 available
 Memory: 32677M
 Large Page Support: Disabled
 NUMA Support: Disabled
 Compressed Oops: Enabled (Zero based)
 Heap Region Size: 2M
 Heap Min Capacity: 512M
 Heap Initial Capacity: 512M
 Heap Max Capacity: 4G
 Pre-touch: Disabled
 Parallel Workers: 13
 Concurrent Workers: 3
 Concurrent Refinement Workers: 13
 Periodic GC: Disabled
Heap:
 garbage-first heap   total 524288K, used 7301K [0x0000000700000000, 0x0000000800000000)
  region size 2048K, 1 young (2048K), 1 survivors (2048K)
 Metaspace       used 23463K, capacity 23748K, committed 24240K, reserved 1079296K
  class space    used 2240K, capacity 2358K, committed 2560K, reserved 1048576K
GC Heap History (20 events):
Event: 3602.872 GC heap before
{Heap before GC invocations=280 (full 277):
 garbage-first heap   total 524288K, used 6555K [0x0000000700000000, 0x0000000800000000)
  region size 2048K, 1 young (2048K), 0 survivors (0K)
 Metaspace       used 23441K, capacity 23748K, committed 24240K, reserved 1071104K
  class space    used 2239K, capacity 2358K, committed 2560K, reserved 1048576K
}
Event: 3602.882 GC heap after
{Heap after GC invocations=281 (full 278):
 garbage-first heap   total 524288K, used 6552K [0x0000000700000000, 0x0000000800000000)
  region size 2048K, 0 young (0K), 0 survivors (0K)
 Metaspace       used 23441K, capacity 23748K, committed 24240K, reserved 1071104K
  class space    used 2239K, capacity 2358K, committed 2560K, reserved 1048576K
}
Event: 3603.453 GC heap before
{Heap before GC invocations=281 (full 278):
 garbage-first heap   total 524288K, used 14744K [0x0000000700000000, 0x0000000800000000)
  region size 2048K, 5 young (10240K), 0 survivors (0K)
 Metaspace       used 23443K, capacity 23748K, committed 24240K, reserved 1071104K
  class space    used 2239K, capacity 2358K, committed 2560K, reserved 1048576K
}
Event: 3603.464 GC heap after
{Heap after GC invocations=282 (full 279):
 garbage-first heap   total 524288K, used 6775K [0x0000000700000000, 0x0000000800000000)
  region size 2048K, 0 young (0K), 0 survivors (0K)
 Metaspace       used 23443K, capacity 23748K, committed 24240K, reserved 1071104K
  class space    used 2239K, capacity 2358K, committed 2560K, reserved 1048576K
}
Event: 3604.144 GC heap before
{Heap before GC invocations=282 (full 279):
 garbage-first heap   total 524288K, used 19063K [0x0000000700000000, 0x0000000800000000)
  region size 2048K, 7 young (14336K), 0 survivors (0K)
 Metaspace       used 23443K, capacity 23748K, committed 24240K, reserved 1071104K
  class space    used 2239K, capacity 2358K, committed 2560K, reserved 1048576K
}
Event: 3604.154 GC heap after
{Heap after GC invocations=283 (full 280):
 garbage-first heap   total 524288K, used 6662K [0x0000000700000000, 0x0000000800000000)
  region size 2048K, 0 young (0K), 0 survivors (0K)
 Metaspace       used 23443K, capacity 23748K, committed 24240K, reserved 1071104K
  class space    used 2239K, capacity 2358K, committed 2560K, reserved 1048576K
}
Event: 3604.381 GC heap before
{Heap before GC invocations=283 (full 280):
 garbage-first heap   total 524288K, used 10758K [0x0000000700000000, 0x0000000800000000)
  region size 2048K, 3 young (6144K), 0 survivors (0K)
 Metaspace       used 23443K, capacity 23748K, committed 24240K, reserved 1071104K
  class space    used 2239K, capacity 2358K, committed 2560K, reserved 1048576K
}
Event: 3604.390 GC heap after
{Heap after GC invocations=284 (full 281):
 garbage-first heap   total 524288K, used 6682K [0x0000000700000000, 0x0000000800000000)
  region size 2048K, 0 young (0K), 0 survivors (0K)
 Metaspace       used 23443K, capacity 23748K, committed 24240K, reserved 1071104K
  class space    used 2239K, capacity 2358K, committed 2560K, reserved 1048576K
}
Event: 3605.591 GC heap before
{Heap before GC invocations=284 (full 281):
 garbage-first heap   total 524288K, used 14874K [0x0000000700000000, 0x0000000800000000)
  region size 2048K, 5 young (10240K), 0 survivors (0K)
 Metaspace       used 23444K, capacity 23748K, committed 24240K, reserved 1071104K
  class space    used 2239K, capacity 2358K, committed 2560K, reserved 1048576K
}
Event: 3605.601 GC heap after
{Heap after GC invocations=285 (full 282):
 garbage-first heap   total 524288K, used 6595K [0x0000000700000000, 0x0000000800000000)
  region size 2048K, 0 young (0K), 0 survivors (0K)
 Metaspace       used 23444K, capacity 23748K, committed 24240K, reserved 1071104K
  class space    used 2239K, capacity 2358K, committed 2560K, reserved 1048576K
}
Event: 3606.492 GC heap before
{Heap before GC invocations=285 (full 282):
 garbage-first heap   total 524288K, used 12739K [0x0000000700000000, 0x0000000800000000)
  region size 2048K, 4 young (8192K), 0 survivors (0K)
 Metaspace       used 23444K, capacity 23748K, committed 24240K, reserved 1071104K
  class space    used 2239K, capacity 2358K, committed 2560K, reserved 1048576K
}
Event: 3606.502 GC heap after
{Heap after GC invocations=286 (full 283):
 garbage-first heap   total 524288K, used 6646K [0x0000000700000000, 0x0000000800000000)
  region size 2048K, 0 young (0K), 0 survivors (0K)
 Metaspace       used 23444K, capacity 23748K, committed 24240K, reserved 1071104K
  class space    used 2239K, capacity 2358K, committed 2560K, reserved 1048576K
}
Event: 3607.742 GC heap before
{Heap before GC invocations=286 (full 283):
 garbage-first heap   total 524288K, used 18934K [0x0000000700000000, 0x0000000800000000)
  region size 2048K, 7 young (14336K), 0 survivors (0K)
 Metaspace       used 23444K, capacity 23748K, committed 24240K, reserved 1071104K
  class space    used 2239K, capacity 2358K, committed 2560K, reserved 1048576K
}
Event: 3607.752 GC heap after
{Heap after GC invocations=287 (full 284):
 garbage-first heap   total 524288K, used 6656K [0x0000000700000000, 0x0000000800000000)
  region size 2048K, 0 young (0K), 0 survivors (0K)
 Metaspace       used 23444K, capacity 23748K, committed 24240K, reserved 1071104K
  class space    used 2239K, capacity 2358K, committed 2560K, reserved 1048576K
}
Event: 3610.577 GC heap before
{Heap before GC invocations=287 (full 284):
 garbage-first heap   total 524288K, used 20992K [0x0000000700000000, 0x0000000800000000)
  region size 2048K, 8 young (16384K), 0 survivors (0K)
 Metaspace       used 23444K, capacity 23748K, committed 24240K, reserved 1071104K
  class space    used 2239K, capacity 2358K, committed 2560K, reserved 1048576K
}
Event: 3610.586 GC heap after
{Heap after GC invocations=288 (full 285):
 garbage-first heap   total 524288K, used 6703K [0x0000000700000000, 0x0000000800000000)
  region size 2048K, 0 young (0K), 0 survivors (0K)
 Metaspace       used 23444K, capacity 23748K, committed 24240K, reserved 1071104K
  class space    used 2239K, capacity 2358K, committed 2560K, reserved 1048576K
}
Event: 3610.650 GC heap before
{Heap before GC invocations=288 (full 285):
 garbage-first heap   total 524288K, used 10799K [0x0000000700000000, 0x0000000800000000)
  region size 2048K, 3 young (6144K), 0 survivors (0K)
 Metaspace       used 23444K, capacity 23748K, committed 24240K, reserved 1071104K
  class space    used 2239K, capacity 2358K, committed 2560K, reserved 1048576K
}
Event: 3610.659 GC heap after
{Heap after GC invocations=289 (full 286):
 garbage-first heap   total 524288K, used 6670K [0x0000000700000000, 0x0000000800000000)
  region size 2048K, 0 young (0K), 0 survivors (0K)
 Metaspace       used 23444K, capacity 23748K, committed 24240K, reserved 1071104K
  class space    used 2239K, capacity 2358K, committed 2560K, reserved 1048576K
}
Event: 3612.082 GC heap before
{Heap before GC invocations=289 (full 286):
 garbage-first heap   total 524288K, used 14862K [0x0000000700000000, 0x0000000800000000)
  region size 2048K, 5 young (10240K), 0 survivors (0K)
 Metaspace       used 23463K, capacity 23748K, committed 24240K, reserved 1077248K
  class space    used 2240K, capacity 2358K, committed 2560K, reserved 1048576K
}
Event: 3612.091 GC heap after
{Heap after GC invocations=290 (full 286):
 garbage-first heap   total 524288K, used 7301K [0x0000000700000000, 0x0000000800000000)
  region size 2048K, 1 young (2048K), 1 survivors (2048K)
 Metaspace       used 23463K, capacity 23748K, committed 24240K, reserved 1077248K
  class space    used 2240K, capacity 2358K, committed 2560K, reserved 1048576K
}

