# JRE version: Java(TM) SE Runtime Environment (17.0.1+12) (build 17.0.1+12-LTS-39)
# Java VM: Java HotSpot(TM) 64-Bit Server VM (17.0.1+12-LTS-39, mixed mode, sharing, tiered, compressed oops, compressed class ptrs, g1 gc, windows-amd64)
GC Precious Log:
 CPUs: 12 total, 12 available
 Memory: 8043M
 Large Page Support: Disabled
 NUMA Support: Disabled
 Compressed Oops: Enabled (32-bit)
 Heap Region Size: 1M
 Heap Min Capacity: 8M
 Heap Initial Capacity: 126M
 Heap Max Capacity: 2012M
 Pre-touch: Disabled
 Parallel Workers: 10
 Concurrent Workers: 3
 Concurrent Refinement Workers: 10
 Periodic GC: Disabled
Heap:
 garbage-first heap   total 280576K, used 98643K [0x0000000082400000, 0x0000000100000000)
  region size 1024K, 12 young (12288K), 0 survivors (0K)
 Metaspace       used 30622K, committed 30912K, reserved 1081344K
  class space    used 3067K, committed 3200K, reserved 1048576K
GC Heap History (20 events):
Event: 1021.802 GC heap before
{Heap before GC invocations=182 (full 107):
 garbage-first heap   total 264192K, used 103229K [0x0000000082400000, 0x0000000100000000)
  region size 1024K, 12 young (12288K), 5 survivors (5120K)
 Metaspace       used 30518K, committed 30784K, reserved 1081344K
  class space    used 3067K, committed 3200K, reserved 1048576K
}
Event: 1021.821 GC heap after
{Heap after GC invocations=183 (full 107):
 garbage-first heap   total 264192K, used 96173K [0x0000000082400000, 0x0000000100000000)
  region size 1024K, 1 young (1024K), 1 survivors (1024K)
 Metaspace       used 30518K, committed 30784K, reserved 1081344K
  class space    used 3067K, committed 3200K, reserved 1048576K
}
Event: 1026.779 GC heap before
{Heap before GC invocations=183 (full 107):
 garbage-first heap   total 264192K, used 209837K [0x0000000082400000, 0x0000000100000000)
  region size 1024K, 113 young (115712K), 1 survivors (1024K)
 Metaspace       used 30527K, committed 30784K, reserved 1081344K
  class space    used 3067K, committed 3200K, reserved 1048576K
}
Event: 1026.862 GC heap after
{Heap after GC invocations=184 (full 107):
 garbage-first heap   total 557056K, used 102736K [0x0000000082400000, 0x0000000100000000)
  region size 1024K, 8 young (8192K), 8 survivors (8192K)
 Metaspace       used 30527K, committed 30784K, reserved 1081344K
  class space    used 3067K, committed 3200K, reserved 1048576K
}
Event: 1028.402 GC heap before
{Heap before GC invocations=185 (full 107):
 garbage-first heap   total 358400K, used 145792K [0x0000000082400000, 0x0000000100000000)
  region size 1024K, 55 young (56320K), 8 survivors (8192K)
 Metaspace       used 30541K, committed 30784K, reserved 1081344K
  class space    used 3067K, committed 3200K, reserved 1048576K
}
Event: 1028.433 GC heap after
{Heap after GC invocations=186 (full 108):
 garbage-first heap   total 296960K, used 84343K [0x0000000082400000, 0x0000000100000000)
  region size 1024K, 0 young (0K), 0 survivors (0K)
 Metaspace       used 30541K, committed 30784K, reserved 1081344K
  class space    used 3067K, committed 3200K, reserved 1048576K
}
Event: 1031.769 GC heap before
{Heap before GC invocations=186 (full 108):
 garbage-first heap   total 296960K, used 116087K [0x0000000082400000, 0x0000000100000000)
  region size 1024K, 33 young (33792K), 0 survivors (0K)
 Metaspace       used 30546K, committed 30848K, reserved 1081344K
  class space    used 3067K, committed 3200K, reserved 1048576K
}
Event: 1031.801 GC heap after
{Heap after GC invocations=187 (full 109):
 garbage-first heap   total 293888K, used 83059K [0x0000000082400000, 0x0000000100000000)
  region size 1024K, 0 young (0K), 0 survivors (0K)
 Metaspace       used 30546K, committed 30848K, reserved 1081344K
  class space    used 3067K, committed 3200K, reserved 1048576K
}
Event: 1041.782 GC heap before
{Heap before GC invocations=187 (full 109):
 garbage-first heap   total 293888K, used 147571K [0x0000000082400000, 0x0000000100000000)
  region size 1024K, 65 young (66560K), 0 survivors (0K)
 Metaspace       used 30569K, committed 30912K, reserved 1081344K
  class space    used 3067K, committed 3200K, reserved 1048576K
}
Event: 1041.786 GC heap after
{Heap after GC invocations=188 (full 109):
 garbage-first heap   total 293888K, used 86131K [0x0000000082400000, 0x0000000100000000)
  region size 1024K, 3 young (3072K), 3 survivors (3072K)
 Metaspace       used 30569K, committed 30912K, reserved 1081344K
  class space    used 3067K, committed 3200K, reserved 1048576K
}
Event: 1047.911 GC heap before
{Heap before GC invocations=189 (full 109):
 garbage-first heap   total 293888K, used 100467K [0x0000000082400000, 0x0000000100000000)
  region size 1024K, 19 young (19456K), 3 survivors (3072K)
 Metaspace       used 30569K, committed 30912K, reserved 1081344K
  class space    used 3067K, committed 3200K, reserved 1048576K
}
Event: 1047.939 GC heap after
{Heap after GC invocations=190 (full 110):
 garbage-first heap   total 286720K, used 81852K [0x0000000082400000, 0x0000000100000000)
  region size 1024K, 0 young (0K), 0 survivors (0K)
 Metaspace       used 30569K, committed 30912K, reserved 1081344K
  class space    used 3067K, committed 3200K, reserved 1048576K
}
Event: 1051.780 GC heap before
{Heap before GC invocations=190 (full 110):
 garbage-first heap   total 286720K, used 81852K [0x0000000082400000, 0x0000000100000000)
  region size 1024K, 1 young (1024K), 0 survivors (0K)
 Metaspace       used 30569K, committed 30912K, reserved 1081344K
  class space    used 3067K, committed 3200K, reserved 1048576K
}
Event: 1051.815 GC heap after
{Heap after GC invocations=191 (full 111):
 garbage-first heap   total 280576K, used 81684K [0x0000000082400000, 0x0000000100000000)
  region size 1024K, 0 young (0K), 0 survivors (0K)
 Metaspace       used 30569K, committed 30912K, reserved 1081344K
  class space    used 3067K, committed 3200K, reserved 1048576K
}
Event: 1061.783 GC heap before
{Heap before GC invocations=191 (full 111):
 garbage-first heap   total 280576K, used 181012K [0x0000000082400000, 0x0000000100000000)
  region size 1024K, 99 young (101376K), 0 survivors (0K)
 Metaspace       used 30597K, committed 30912K, reserved 1081344K
  class space    used 3067K, committed 3200K, reserved 1048576K
}
Event: 1061.832 GC heap after
{Heap after GC invocations=192 (full 112):
 garbage-first heap   total 280576K, used 94389K [0x0000000082400000, 0x0000000100000000)
  region size 1024K, 0 young (0K), 0 survivors (0K)
 Metaspace       used 30597K, committed 30912K, reserved 1081344K
  class space    used 3067K, committed 3200K, reserved 1048576K
}
Event: 1071.780 GC heap before
{Heap before GC invocations=192 (full 112):
 garbage-first heap   total 280576K, used 118965K [0x0000000082400000, 0x0000000100000000)
  region size 1024K, 26 young (26624K), 0 survivors (0K)
 Metaspace       used 30608K, committed 30912K, reserved 1081344K
  class space    used 3067K, committed 3200K, reserved 1048576K
}
Event: 1071.835 GC heap after
{Heap after GC invocations=193 (full 113):
 garbage-first heap   total 280576K, used 94032K [0x0000000082400000, 0x0000000100000000)
  region size 1024K, 0 young (0K), 0 survivors (0K)
 Metaspace       used 30608K, committed 30912K, reserved 1081344K
  class space    used 3067K, committed 3200K, reserved 1048576K
}
Event: 1081.787 GC heap before
{Heap before GC invocations=193 (full 113):
 garbage-first heap   total 280576K, used 166736K [0x0000000082400000, 0x0000000100000000)
  region size 1024K, 73 young (74752K), 0 survivors (0K)
 Metaspace       used 30618K, committed 30912K, reserved 1081344K
  class space    used 3067K, committed 3200K, reserved 1048576K
}
Event: 1081.832 GC heap after
{Heap after GC invocations=194 (full 114):
 garbage-first heap   total 280576K, used 87379K [0x0000000082400000, 0x0000000100000000)
  region size 1024K, 0 young (0K), 0 survivors (0K)
 Metaspace       used 30618K, committed 30912K, reserved 1081344K
  class space    used 3067K, committed 3200K, reserved 1048576K
}

