# JRE version: Java(TM) SE Runtime Environment (17.0.1+12) (build 17.0.1+12-LTS-39)
# Java VM: Java HotSpot(TM) 64-Bit Server VM (17.0.1+12-LTS-39, mixed mode, sharing, tiered, compressed oops, compressed class ptrs, g1 gc, windows-amd64)
GC Precious Log:
 CPUs: 12 total, 12 available
 Memory: 8043M
 Large Page Support: Disabled
 NUMA Support: Disabled
 Compressed Oops: Enabled (32-bit)
 Heap Region Size: 1M
 Heap Min Capacity: 8M
 Heap Initial Capacity: 126M
 Heap Max Capacity: 2012M
 Pre-touch: Disabled
 Parallel Workers: 10
 Concurrent Workers: 3
 Concurrent Refinement Workers: 10
 Periodic GC: Disabled
Heap:
 garbage-first heap   total 30720K, used 16256K [0x0000000082400000, 0x0000000100000000)
  region size 1024K, 9 young (9216K), 0 survivors (0K)
 Metaspace       used 13837K, committed 14080K, reserved 1064960K
  class space    used 1548K, committed 1664K, reserved 1048576K
GC Heap History (20 events):
Event: 590.440 GC heap before
{Heap before GC invocations=45 (full 32):
 garbage-first heap   total 24576K, used 5743K [0x0000000082400000, 0x0000000100000000)
  region size 1024K, 1 young (1024K), 0 survivors (0K)
 Metaspace       used 13775K, committed 14016K, reserved 1064960K
  class space    used 1545K, committed 1664K, reserved 1048576K
}
Event: 590.453 GC heap after
{Heap after GC invocations=46 (full 33):
 garbage-first heap   total 24576K, used 5743K [0x0000000082400000, 0x0000000100000000)
  region size 1024K, 0 young (0K), 0 survivors (0K)
 Metaspace       used 13775K, committed 14016K, reserved 1064960K
  class space    used 1545K, committed 1664K, reserved 1048576K
}
Event: 600.794 GC heap before
{Heap before GC invocations=46 (full 33):
 garbage-first heap   total 24576K, used 15983K [0x0000000082400000, 0x0000000100000000)
  region size 1024K, 10 young (10240K), 0 survivors (0K)
 Metaspace       used 13789K, committed 14080K, reserved 1064960K
  class space    used 1545K, committed 1664K, reserved 1048576K
}
Event: 600.810 GC heap after
{Heap after GC invocations=47 (full 33):
 garbage-first heap   total 24576K, used 8120K [0x0000000082400000, 0x0000000100000000)
  region size 1024K, 2 young (2048K), 2 survivors (2048K)
 Metaspace       used 13789K, committed 14080K, reserved 1064960K
  class space    used 1545K, committed 1664K, reserved 1048576K
}
Event: 600.827 GC heap before
{Heap before GC invocations=47 (full 33):
 garbage-first heap   total 24576K, used 15288K [0x0000000082400000, 0x0000000100000000)
  region size 1024K, 9 young (9216K), 2 survivors (2048K)
 Metaspace       used 13792K, committed 14080K, reserved 1064960K
  class space    used 1545K, committed 1664K, reserved 1048576K
}
Event: 600.840 GC heap after
{Heap after GC invocations=48 (full 33):
 garbage-first heap   total 24576K, used 9320K [0x0000000082400000, 0x0000000100000000)
  region size 1024K, 2 young (2048K), 2 survivors (2048K)
 Metaspace       used 13792K, committed 14080K, reserved 1064960K
  class space    used 1545K, committed 1664K, reserved 1048576K
}
Event: 600.909 GC heap before
{Heap before GC invocations=48 (full 33):
 garbage-first heap   total 24576K, used 13416K [0x0000000082400000, 0x0000000100000000)
  region size 1024K, 7 young (7168K), 2 survivors (2048K)
 Metaspace       used 13808K, committed 14080K, reserved 1064960K
  class space    used 1545K, committed 1664K, reserved 1048576K
}
Event: 600.914 GC heap after
{Heap after GC invocations=49 (full 33):
 garbage-first heap   total 24576K, used 10292K [0x0000000082400000, 0x0000000100000000)
  region size 1024K, 1 young (1024K), 1 survivors (1024K)
 Metaspace       used 13808K, committed 14080K, reserved 1064960K
  class space    used 1545K, committed 1664K, reserved 1048576K
}
Event: 600.918 GC heap before
{Heap before GC invocations=49 (full 33):
 garbage-first heap   total 24576K, used 16436K [0x0000000082400000, 0x0000000100000000)
  region size 1024K, 7 young (7168K), 1 survivors (1024K)
 Metaspace       used 13808K, committed 14080K, reserved 1064960K
  class space    used 1545K, committed 1664K, reserved 1048576K
}
Event: 600.928 GC heap after
{Heap after GC invocations=50 (full 33):
 garbage-first heap   total 24576K, used 11856K [0x0000000082400000, 0x0000000100000000)
  region size 1024K, 1 young (1024K), 1 survivors (1024K)
 Metaspace       used 13808K, committed 14080K, reserved 1064960K
  class space    used 1545K, committed 1664K, reserved 1048576K
}
Event: 600.935 GC heap before
{Heap before GC invocations=50 (full 33):
 garbage-first heap   total 24576K, used 16976K [0x0000000082400000, 0x0000000100000000)
  region size 1024K, 6 young (6144K), 1 survivors (1024K)
 Metaspace       used 13810K, committed 14080K, reserved 1064960K
  class space    used 1545K, committed 1664K, reserved 1048576K
}
Event: 600.937 GC heap after
{Heap after GC invocations=51 (full 33):
 garbage-first heap   total 24576K, used 13022K [0x0000000082400000, 0x0000000100000000)
  region size 1024K, 1 young (1024K), 1 survivors (1024K)
 Metaspace       used 13810K, committed 14080K, reserved 1064960K
  class space    used 1545K, committed 1664K, reserved 1048576K
}
Event: 600.945 GC heap before
{Heap before GC invocations=51 (full 33):
 garbage-first heap   total 27648K, used 16094K [0x0000000082400000, 0x0000000100000000)
  region size 1024K, 4 young (4096K), 1 survivors (1024K)
 Metaspace       used 13810K, committed 14080K, reserved 1064960K
  class space    used 1545K, committed 1664K, reserved 1048576K
}
Event: 600.947 GC heap after
{Heap after GC invocations=52 (full 33):
 garbage-first heap   total 78848K, used 13356K [0x0000000082400000, 0x0000000100000000)
  region size 1024K, 1 young (1024K), 1 survivors (1024K)
 Metaspace       used 13810K, committed 14080K, reserved 1064960K
  class space    used 1545K, committed 1664K, reserved 1048576K
}
Event: 610.449 GC heap before
{Heap before GC invocations=53 (full 33):
 garbage-first heap   total 78848K, used 22572K [0x0000000082400000, 0x0000000100000000)
  region size 1024K, 11 young (11264K), 1 survivors (1024K)
 Metaspace       used 13810K, committed 14080K, reserved 1064960K
  class space    used 1545K, committed 1664K, reserved 1048576K
}
Event: 610.461 GC heap after
{Heap after GC invocations=54 (full 34):
 garbage-first heap   total 34816K, used 8065K [0x0000000082400000, 0x0000000100000000)
  region size 1024K, 0 young (0K), 0 survivors (0K)
 Metaspace       used 13810K, committed 14080K, reserved 1064960K
  class space    used 1545K, committed 1664K, reserved 1048576K
}
Event: 627.254 GC heap before
{Heap before GC invocations=54 (full 34):
 garbage-first heap   total 34816K, used 21377K [0x0000000082400000, 0x0000000100000000)
  region size 1024K, 13 young (13312K), 0 survivors (0K)
 Metaspace       used 13810K, committed 14080K, reserved 1064960K
  class space    used 1545K, committed 1664K, reserved 1048576K
}
Event: 627.256 GC heap after
{Heap after GC invocations=55 (full 34):
 garbage-first heap   total 34816K, used 8129K [0x0000000082400000, 0x0000000100000000)
  region size 1024K, 1 young (1024K), 1 survivors (1024K)
 Metaspace       used 13810K, committed 14080K, reserved 1064960K
  class space    used 1545K, committed 1664K, reserved 1048576K
}
Event: 630.434 GC heap before
{Heap before GC invocations=55 (full 34):
 garbage-first heap   total 34816K, used 10177K [0x0000000082400000, 0x0000000100000000)
  region size 1024K, 4 young (4096K), 1 survivors (1024K)
 Metaspace       used 13810K, committed 14080K, reserved 1064960K
  class space    used 1545K, committed 1664K, reserved 1048576K
}
Event: 630.447 GC heap after
{Heap after GC invocations=56 (full 35):
 garbage-first heap   total 30720K, used 8064K [0x0000000082400000, 0x0000000100000000)
  region size 1024K, 0 young (0K), 0 survivors (0K)
 Metaspace       used 13810K, committed 14080K, reserved 1064960K
  class space    used 1545K, committed 1664K, reserved 1048576K
}

