# JRE version: OpenJDK Runtime Environment (15.0.2+7) (build 15.0.2+7-27)
# Java VM: OpenJDK 64-Bit Server VM (15.0.2+7-27, mixed mode, tiered, compressed oops, g1 gc, windows-amd64)
GC Precious Log:
 CPUs: 16 total, 16 available
 Memory: 32677M
 Large Page Support: Disabled
 NUMA Support: Disabled
 Compressed Oops: Enabled (Zero based)
 Heap Region Size: 2M
 Heap Min Capacity: 512M
 Heap Initial Capacity: 512M
 Heap Max Capacity: 4G
 Pre-touch: Disabled
 Parallel Workers: 13
 Concurrent Workers: 3
 Concurrent Refinement Workers: 13
 Periodic GC: Disabled
Heap:
 garbage-first heap   total 524288K, used 25293K [0x0000000700000000, 0x0000000800000000)
  region size 2048K, 10 young (20480K), 0 survivors (0K)
 Metaspace       used 23162K, capacity 23496K, committed 24240K, reserved 1073152K
  class space    used 2258K, capacity 2360K, committed 2560K, reserved 1048576K
GC Heap History (20 events):
Event: 2105.558 GC heap before
{Heap before GC invocations=171 (full 167):
 garbage-first heap   total 524288K, used 10732K [0x0000000700000000, 0x0000000800000000)
  region size 2048K, 3 young (6144K), 0 survivors (0K)
 Metaspace       used 23100K, capacity 23432K, committed 23984K, reserved 1071104K
  class space    used 2253K, capacity 2360K, committed 2560K, reserved 1048576K
}
Event: 2105.567 GC heap after
{Heap after GC invocations=172 (full 168):
 garbage-first heap   total 524288K, used 6569K [0x0000000700000000, 0x0000000800000000)
  region size 2048K, 0 young (0K), 0 survivors (0K)
 Metaspace       used 23100K, capacity 23432K, committed 23984K, reserved 1071104K
  class space    used 2253K, capacity 2360K, committed 2560K, reserved 1048576K
}
Event: 2105.909 GC heap before
{Heap before GC invocations=172 (full 168):
 garbage-first heap   total 524288K, used 16809K [0x0000000700000000, 0x0000000800000000)
  region size 2048K, 6 young (12288K), 0 survivors (0K)
 Metaspace       used 23100K, capacity 23432K, committed 23984K, reserved 1071104K
  class space    used 2253K, capacity 2360K, committed 2560K, reserved 1048576K
}
Event: 2105.919 GC heap after
{Heap after GC invocations=173 (full 169):
 garbage-first heap   total 524288K, used 6679K [0x0000000700000000, 0x0000000800000000)
  region size 2048K, 0 young (0K), 0 survivors (0K)
 Metaspace       used 23100K, capacity 23432K, committed 23984K, reserved 1071104K
  class space    used 2253K, capacity 2360K, committed 2560K, reserved 1048576K
}
Event: 2107.868 GC heap before
{Heap before GC invocations=173 (full 169):
 garbage-first heap   total 524288K, used 23063K [0x0000000700000000, 0x0000000800000000)
  region size 2048K, 9 young (18432K), 0 survivors (0K)
 Metaspace       used 23100K, capacity 23432K, committed 23984K, reserved 1071104K
  class space    used 2253K, capacity 2360K, committed 2560K, reserved 1048576K
}
Event: 2107.878 GC heap after
{Heap after GC invocations=174 (full 170):
 garbage-first heap   total 524288K, used 6731K [0x0000000700000000, 0x0000000800000000)
  region size 2048K, 0 young (0K), 0 survivors (0K)
 Metaspace       used 23100K, capacity 23432K, committed 23984K, reserved 1071104K
  class space    used 2253K, capacity 2360K, committed 2560K, reserved 1048576K
}
Event: 2110.926 GC heap before
{Heap before GC invocations=174 (full 170):
 garbage-first heap   total 524288K, used 25163K [0x0000000700000000, 0x0000000800000000)
  region size 2048K, 11 young (22528K), 0 survivors (0K)
 Metaspace       used 23100K, capacity 23432K, committed 23984K, reserved 1071104K
  class space    used 2253K, capacity 2360K, committed 2560K, reserved 1048576K
}
Event: 2110.936 GC heap after
{Heap after GC invocations=175 (full 171):
 garbage-first heap   total 524288K, used 6842K [0x0000000700000000, 0x0000000800000000)
  region size 2048K, 0 young (0K), 0 survivors (0K)
 Metaspace       used 23100K, capacity 23432K, committed 23984K, reserved 1071104K
  class space    used 2253K, capacity 2360K, committed 2560K, reserved 1048576K
}
Event: 2114.241 GC heap before
{Heap before GC invocations=175 (full 171):
 garbage-first heap   total 524288K, used 25274K [0x0000000700000000, 0x0000000800000000)
  region size 2048K, 10 young (20480K), 0 survivors (0K)
 Metaspace       used 23100K, capacity 23432K, committed 23984K, reserved 1071104K
  class space    used 2253K, capacity 2360K, committed 2560K, reserved 1048576K
}
Event: 2114.251 GC heap after
{Heap after GC invocations=176 (full 172):
 garbage-first heap   total 524288K, used 6917K [0x0000000700000000, 0x0000000800000000)
  region size 2048K, 0 young (0K), 0 survivors (0K)
 Metaspace       used 23100K, capacity 23432K, committed 23984K, reserved 1071104K
  class space    used 2253K, capacity 2360K, committed 2560K, reserved 1048576K
}
Event: 2115.899 GC heap before
{Heap before GC invocations=176 (full 172):
 garbage-first heap   total 524288K, used 19205K [0x0000000700000000, 0x0000000800000000)
  region size 2048K, 8 young (16384K), 0 survivors (0K)
 Metaspace       used 23100K, capacity 23432K, committed 23984K, reserved 1071104K
  class space    used 2253K, capacity 2360K, committed 2560K, reserved 1048576K
}
Event: 2115.908 GC heap after
{Heap after GC invocations=177 (full 173):
 garbage-first heap   total 524288K, used 6945K [0x0000000700000000, 0x0000000800000000)
  region size 2048K, 0 young (0K), 0 survivors (0K)
 Metaspace       used 23100K, capacity 23432K, committed 23984K, reserved 1071104K
  class space    used 2253K, capacity 2360K, committed 2560K, reserved 1048576K
}
Event: 2118.763 GC heap before
{Heap before GC invocations=177 (full 173):
 garbage-first heap   total 524288K, used 25377K [0x0000000700000000, 0x0000000800000000)
  region size 2048K, 10 young (20480K), 0 survivors (0K)
 Metaspace       used 23104K, capacity 23432K, committed 23984K, reserved 1071104K
  class space    used 2253K, capacity 2360K, committed 2560K, reserved 1048576K
}
Event: 2118.772 GC heap after
{Heap after GC invocations=178 (full 174):
 garbage-first heap   total 524288K, used 6971K [0x0000000700000000, 0x0000000800000000)
  region size 2048K, 0 young (0K), 0 survivors (0K)
 Metaspace       used 23104K, capacity 23432K, committed 23984K, reserved 1071104K
  class space    used 2253K, capacity 2360K, committed 2560K, reserved 1048576K
}
Event: 2122.594 GC heap before
{Heap before GC invocations=178 (full 174):
 garbage-first heap   total 524288K, used 27451K [0x0000000700000000, 0x0000000800000000)
  region size 2048K, 11 young (22528K), 0 survivors (0K)
 Metaspace       used 23104K, capacity 23432K, committed 23984K, reserved 1071104K
  class space    used 2253K, capacity 2360K, committed 2560K, reserved 1048576K
}
Event: 2122.604 GC heap after
{Heap after GC invocations=179 (full 175):
 garbage-first heap   total 524288K, used 6966K [0x0000000700000000, 0x0000000800000000)
  region size 2048K, 0 young (0K), 0 survivors (0K)
 Metaspace       used 23104K, capacity 23432K, committed 23984K, reserved 1071104K
  class space    used 2253K, capacity 2360K, committed 2560K, reserved 1048576K
}
Event: 2125.205 GC heap before
{Heap before GC invocations=179 (full 175):
 garbage-first heap   total 524288K, used 25398K [0x0000000700000000, 0x0000000800000000)
  region size 2048K, 10 young (20480K), 0 survivors (0K)
 Metaspace       used 23104K, capacity 23432K, committed 23984K, reserved 1071104K
  class space    used 2253K, capacity 2360K, committed 2560K, reserved 1048576K
}
Event: 2125.214 GC heap after
{Heap after GC invocations=180 (full 176):
 garbage-first heap   total 524288K, used 6942K [0x0000000700000000, 0x0000000800000000)
  region size 2048K, 0 young (0K), 0 survivors (0K)
 Metaspace       used 23104K, capacity 23432K, committed 23984K, reserved 1071104K
  class space    used 2253K, capacity 2360K, committed 2560K, reserved 1048576K
}
Event: 2126.598 GC heap before
{Heap before GC invocations=180 (full 176):
 garbage-first heap   total 524288K, used 15134K [0x0000000700000000, 0x0000000800000000)
  region size 2048K, 5 young (10240K), 0 survivors (0K)
 Metaspace       used 23104K, capacity 23432K, committed 23984K, reserved 1071104K
  class space    used 2253K, capacity 2360K, committed 2560K, reserved 1048576K
}
Event: 2126.607 GC heap after
{Heap after GC invocations=181 (full 177):
 garbage-first heap   total 524288K, used 6861K [0x0000000700000000, 0x0000000800000000)
  region size 2048K, 0 young (0K), 0 survivors (0K)
 Metaspace       used 23104K, capacity 23432K, committed 23984K, reserved 1071104K
  class space    used 2253K, capacity 2360K, committed 2560K, reserved 1048576K
}

