# JRE version: Java(TM) SE Runtime Environment (17.0.1+12) (build 17.0.1+12-LTS-39)
# Java VM: Java HotSpot(TM) 64-Bit Server VM (17.0.1+12-LTS-39, mixed mode, sharing, tiered, compressed oops, compressed class ptrs, g1 gc, windows-amd64)
GC Precious Log:
 CPUs: 12 total, 12 available
 Memory: 8043M
 Large Page Support: Disabled
 NUMA Support: Disabled
 Compressed Oops: Enabled (32-bit)
 Heap Region Size: 1M
 Heap Min Capacity: 8M
 Heap Initial Capacity: 126M
 Heap Max Capacity: 2012M
 Pre-touch: Disabled
 Parallel Workers: 10
 Concurrent Workers: 3
 Concurrent Refinement Workers: 10
 Periodic GC: Disabled
Heap:
 garbage-first heap   total 253952K, used 27828K [0x0000000082400000, 0x0000000100000000)
  region size 1024K, 5 young (5120K), 1 survivors (1024K)
 Metaspace       used 20829K, committed 22464K, reserved 1073152K
  class space    used 3664K, committed 4416K, reserved 1048576K
GC Heap History (20 events):
Event: 15.808 GC heap before
{Heap before GC invocations=6 (full 0):
 garbage-first heap   total 86016K, used 68422K [0x0000000082400000, 0x0000000100000000)
  region size 1024K, 52 young (53248K), 8 survivors (8192K)
 Metaspace       used 20807K, committed 22464K, reserved 1073152K
  class space    used 3664K, committed 4416K, reserved 1048576K
}
Event: 16.044 GC heap after
{Heap after GC invocations=7 (full 0):
 garbage-first heap   total 103424K, used 25592K [0x0000000082400000, 0x0000000100000000)
  region size 1024K, 2 young (2048K), 2 survivors (2048K)
 Metaspace       used 20807K, committed 22464K, reserved 1073152K
  class space    used 3664K, committed 4416K, reserved 1048576K
}
Event: 120.036 GC heap before
{Heap before GC invocations=7 (full 0):
 garbage-first heap   total 103424K, used 75768K [0x0000000082400000, 0x0000000100000000)
  region size 1024K, 51 young (52224K), 2 survivors (2048K)
 Metaspace       used 20821K, committed 22464K, reserved 1073152K
  class space    used 3664K, committed 4416K, reserved 1048576K
}
Event: 126.585 GC heap after
{Heap after GC invocations=8 (full 0):
 garbage-first heap   total 103424K, used 25008K [0x0000000082400000, 0x0000000100000000)
  region size 1024K, 2 young (2048K), 2 survivors (2048K)
 Metaspace       used 20821K, committed 22464K, reserved 1073152K
  class space    used 3664K, committed 4416K, reserved 1048576K
}
Event: 134.518 GC heap before
{Heap before GC invocations=8 (full 0):
 garbage-first heap   total 103424K, used 28080K [0x0000000082400000, 0x0000000100000000)
  region size 1024K, 5 young (5120K), 2 survivors (2048K)
 Metaspace       used 20821K, committed 22464K, reserved 1073152K
  class space    used 3664K, committed 4416K, reserved 1048576K
}
Event: 134.750 GC heap after
{Heap after GC invocations=9 (full 0):
 garbage-first heap   total 103424K, used 24841K [0x0000000082400000, 0x0000000100000000)
  region size 1024K, 1 young (1024K), 1 survivors (1024K)
 Metaspace       used 20821K, committed 22464K, reserved 1073152K
  class space    used 3664K, committed 4416K, reserved 1048576K
}
Event: 147.698 GC heap before
{Heap before GC invocations=9 (full 0):
 garbage-first heap   total 103424K, used 28937K [0x0000000082400000, 0x0000000100000000)
  region size 1024K, 5 young (5120K), 1 survivors (1024K)
 Metaspace       used 20821K, committed 22464K, reserved 1073152K
  class space    used 3664K, committed 4416K, reserved 1048576K
}
Event: 147.890 GC heap after
{Heap after GC invocations=10 (full 0):
 garbage-first heap   total 103424K, used 24782K [0x0000000082400000, 0x0000000100000000)
  region size 1024K, 1 young (1024K), 1 survivors (1024K)
 Metaspace       used 20821K, committed 22464K, reserved 1073152K
  class space    used 3664K, committed 4416K, reserved 1048576K
}
Event: 151.866 GC heap before
{Heap before GC invocations=10 (full 0):
 garbage-first heap   total 103424K, used 28878K [0x0000000082400000, 0x0000000100000000)
  region size 1024K, 5 young (5120K), 1 survivors (1024K)
 Metaspace       used 20821K, committed 22464K, reserved 1073152K
  class space    used 3664K, committed 4416K, reserved 1048576K
}
Event: 152.523 GC heap after
{Heap after GC invocations=11 (full 0):
 garbage-first heap   total 126976K, used 24755K [0x0000000082400000, 0x0000000100000000)
  region size 1024K, 1 young (1024K), 1 survivors (1024K)
 Metaspace       used 20821K, committed 22464K, reserved 1073152K
  class space    used 3664K, committed 4416K, reserved 1048576K
}
Event: 157.368 GC heap before
{Heap before GC invocations=11 (full 0):
 garbage-first heap   total 126976K, used 29875K [0x0000000082400000, 0x0000000100000000)
  region size 1024K, 6 young (6144K), 1 survivors (1024K)
 Metaspace       used 20821K, committed 22464K, reserved 1073152K
  class space    used 3664K, committed 4416K, reserved 1048576K
}
Event: 157.692 GC heap after
{Heap after GC invocations=12 (full 0):
 garbage-first heap   total 126976K, used 24758K [0x0000000082400000, 0x0000000100000000)
  region size 1024K, 1 young (1024K), 1 survivors (1024K)
 Metaspace       used 20821K, committed 22464K, reserved 1073152K
  class space    used 3664K, committed 4416K, reserved 1048576K
}
Event: 166.504 GC heap before
{Heap before GC invocations=12 (full 0):
 garbage-first heap   total 126976K, used 29878K [0x0000000082400000, 0x0000000100000000)
  region size 1024K, 6 young (6144K), 1 survivors (1024K)
 Metaspace       used 20821K, committed 22464K, reserved 1073152K
  class space    used 3664K, committed 4416K, reserved 1048576K
}
Event: 169.626 GC heap after
{Heap after GC invocations=13 (full 0):
 garbage-first heap   total 126976K, used 24760K [0x0000000082400000, 0x0000000100000000)
  region size 1024K, 1 young (1024K), 1 survivors (1024K)
 Metaspace       used 20821K, committed 22464K, reserved 1073152K
  class space    used 3664K, committed 4416K, reserved 1048576K
}
Event: 177.297 GC heap before
{Heap before GC invocations=13 (full 0):
 garbage-first heap   total 126976K, used 29880K [0x0000000082400000, 0x0000000100000000)
  region size 1024K, 6 young (6144K), 1 survivors (1024K)
 Metaspace       used 20821K, committed 22464K, reserved 1073152K
  class space    used 3664K, committed 4416K, reserved 1048576K
}
Event: 177.475 GC heap after
{Heap after GC invocations=14 (full 0):
 garbage-first heap   total 126976K, used 24758K [0x0000000082400000, 0x0000000100000000)
  region size 1024K, 1 young (1024K), 1 survivors (1024K)
 Metaspace       used 20821K, committed 22464K, reserved 1073152K
  class space    used 3664K, committed 4416K, reserved 1048576K
}
Event: 186.751 GC heap before
{Heap before GC invocations=14 (full 0):
 garbage-first heap   total 126976K, used 29878K [0x0000000082400000, 0x0000000100000000)
  region size 1024K, 6 young (6144K), 1 survivors (1024K)
 Metaspace       used 20821K, committed 22464K, reserved 1073152K
  class space    used 3664K, committed 4416K, reserved 1048576K
}
Event: 188.821 GC heap after
{Heap after GC invocations=15 (full 0):
 garbage-first heap   total 253952K, used 24756K [0x0000000082400000, 0x0000000100000000)
  region size 1024K, 1 young (1024K), 1 survivors (1024K)
 Metaspace       used 20821K, committed 22464K, reserved 1073152K
  class space    used 3664K, committed 4416K, reserved 1048576K
}
Event: 213.664 GC heap before
{Heap before GC invocations=15 (full 0):
 garbage-first heap   total 253952K, used 36020K [0x0000000082400000, 0x0000000100000000)
  region size 1024K, 12 young (12288K), 1 survivors (1024K)
 Metaspace       used 20824K, committed 22464K, reserved 1073152K
  class space    used 3664K, committed 4416K, reserved 1048576K
}
Event: 215.215 GC heap after
{Heap after GC invocations=16 (full 0):
 garbage-first heap   total 253952K, used 24756K [0x0000000082400000, 0x0000000100000000)
  region size 1024K, 1 young (1024K), 1 survivors (1024K)
 Metaspace       used 20824K, committed 22464K, reserved 1073152K
  class space    used 3664K, committed 4416K, reserved 1048576K
}

